1.0000000     0.9880432
0.0000000     0.0406950
1.0000000     0.9882113
1.0000000     0.9884441
0.0000000     0.0420317
1.0000000     0.9893968
0.0000000     0.0415230
1.0000000     0.9885502
0.0000000     0.0417705
1.0000000     0.9864867
1.0000000     0.9883589
0.0000000     0.0417007
1.0000000     0.9886190
1.0000000     0.9882562
1.0000000     0.9879398
0.0000000     0.0420305
0.0000000     0.0410115
1.0000000     0.9875127
0.0000000     0.0415666
1.0000000     0.9891576
1.0000000     0.9881221
1.0000000     0.9885623
0.0000000     0.0411388
1.0000000     0.9893966
1.0000000     0.9893513
1.0000000     0.9883246
0.0000000     0.0415218
1.0000000     0.9865775
0.0000000     0.0415863
1.0000000     0.9887787
1.0000000     0.9886984
0.0000000     0.0416944
0.0000000     0.0424546
1.0000000     0.9877993
1.0000000     0.9866091
1.0000000     0.9887775
0.0000000     0.0409563
1.0000000     0.9876388
0.0000000     0.0420024
0.0000000     0.0418046
1.0000000     0.9876731
1.0000000     0.9877630
0.0000000     0.0415680
0.0000000     0.0416763
0.0000000     0.0404257
1.0000000     0.9885668
0.0000000     0.0409088
1.0000000     0.9889065
0.0000000     0.0418249
0.0000000     0.0416997
1.0000000     0.9876869
1.0000000     0.9880710
1.0000000     0.9890890
0.0000000     0.0409320
1.0000000     0.9883986
0.0000000     0.0415412
1.0000000     0.9880749
0.0000000     0.0420156
1.0000000     0.9875858
1.0000000     0.9897063
0.0000000     0.0419782
1.0000000     0.9874324
0.0000000     0.0419592
1.0000000     0.9881194
1.0000000     0.9874752
0.0000000     0.0413819
1.0000000     0.9878461
0.0000000     0.0421140
0.0000000     0.0422183
1.0000000     0.9883294
0.0000000     0.0413248
1.0000000     0.9889665
1.0000000     0.9881005
1.0000000     0.9875922
1.0000000     0.9880030
0.0000000     0.0413573
1.0000000     0.9876457
1.0000000     0.9892843
1.0000000     0.9873074
1.0000000     0.9875299
1.0000000     0.9891275
1.0000000     0.9884425
1.0000000     0.9880668
1.0000000     0.9876100
0.0000000     0.0420861
1.0000000     0.9881527
0.0000000     0.0418391
1.0000000     0.9877275
0.0000000     0.0421232
1.0000000     0.9875919
1.0000000     0.9895152
1.0000000     0.9882874
0.0000000     0.0422717
1.0000000     0.9882844
0.0000000     0.0416407
0.0000000     0.0409361
0.0000000     0.0406821
0.0000000     0.0409353
0.0000000     0.0416010
0.0000000     0.0410035
1.0000000     0.9880517
0.0000000     0.0409604
1.0000000     0.9875574
0.0000000     0.0412855
0.0000000     0.0423039
1.0000000     0.9877707
1.0000000     0.9873002
0.0000000     0.0415583
0.0000000     0.0412691
1.0000000     0.9884024
1.0000000     0.9890583
1.0000000     0.9881458
0.0000000     0.0414967
0.0000000     0.0413384
0.0000000     0.0421515
0.0000000     0.0415713
1.0000000     0.9885125
1.0000000     0.9886374
0.0000000     0.0419148
1.0000000     0.9891554
1.0000000     0.9887540
0.0000000     0.0415800
0.0000000     0.0422745
0.0000000     0.0421892
1.0000000     0.9874586
0.0000000     0.0406607
0.0000000     0.0420803
1.0000000     0.9883425
0.0000000     0.0415937
0.0000000     0.0413269
1.0000000     0.9886264
1.0000000     0.9877166
1.0000000     0.9873111
0.0000000     0.0421411
1.0000000     0.9888645
1.0000000     0.9874992
0.0000000     0.0415686
0.0000000     0.0419423
1.0000000     0.9882451
1.0000000     0.9891479
0.0000000     0.0422162
1.0000000     0.9893188
1.0000000     0.9883579
1.0000000     0.9886423
1.0000000     0.9881760
1.0000000     0.9879444
0.0000000     0.0420498
1.0000000     0.9877028
0.0000000     0.0420610
0.0000000     0.0424649
0.0000000     0.0422490
1.0000000     0.9891779
1.0000000     0.9880022
1.0000000     0.9895461
0.0000000     0.0418534
1.0000000     0.9884102
1.0000000     0.9864538
1.0000000     0.9885910
0.0000000     0.0415471
0.0000000     0.0417159
0.0000000     0.0418532
1.0000000     0.9875606
1.0000000     0.9885836
0.0000000     0.0417851
1.0000000     0.9896017
0.0000000     0.0420349
1.0000000     0.9895026
0.0000000     0.0422536
1.0000000     0.9875687
0.0000000     0.0419745
0.0000000     0.0421308
1.0000000     0.9872881
0.0000000     0.0416268
1.0000000     0.9874275
1.0000000     0.9874489
1.0000000     0.9880653
0.0000000     0.0409673
1.0000000     0.9891937
1.0000000     0.9875156
1.0000000     0.9885501
1.0000000     0.9886047
1.0000000     0.9875519
0.0000000     0.0422941
0.0000000     0.0409759
1.0000000     0.9873826
1.0000000     0.9874763
1.0000000     0.9881309
1.0000000     0.9886127
1.0000000     0.9883231
1.0000000     0.9885546
1.0000000     0.9888033
1.0000000     0.9893893
1.0000000     0.9880598
0.0000000     0.0421733
0.0000000     0.0417684
0.0000000     0.0415456
1.0000000     0.9884866
0.0000000     0.0423516
1.0000000     0.9871889
1.0000000     0.9874270
1.0000000     0.9880850
1.0000000     0.9872097
1.0000000     0.9881522
0.0000000     0.0415443
0.0000000     0.0412558
1.0000000     0.9879559
0.0000000     0.0416628
1.0000000     0.9875843
0.0000000     0.0420519
0.0000000     0.0418369
0.0000000     0.0419572
0.0000000     0.0415582
1.0000000     0.9886375
0.0000000     0.0421060
1.0000000     0.9883232
1.0000000     0.9893713
1.0000000     0.9887755
1.0000000     0.9882817
1.0000000     0.9896394
1.0000000     0.9870005
1.0000000     0.9882104
1.0000000     0.9889392
0.0000000     0.0420860
0.0000000     0.0416304
1.0000000     0.9876167
1.0000000     0.9880894
1.0000000     0.9888718
1.0000000     0.9889386
0.0000000     0.0419139
0.0000000     0.0420121
1.0000000     0.9879714
1.0000000     0.9873382
0.0000000     0.0415859
0.0000000     0.0420911
1.0000000     0.9875926
0.0000000     0.0420609
1.0000000     0.9882758
1.0000000     0.9884679
1.0000000     0.9883040
0.0000000     0.0419043
