0.0300000     0.0364887
0.6010000     0.5926272
0.0200000     0.0389102
0.2910000     0.2956181
0.4340000     0.4467470
0.4470000     0.4634185
0.0620000     0.0756275
0.2960000     0.3089469
0.4610000     0.4753315
0.0580000     0.0890090
0.4570000     0.4687712
0.3940000     0.3930335
0.6850000     0.6634806
0.0480000     0.0770950
0.7110000     0.6871523
0.2390000     0.2368302
0.5840000     0.5819579
0.4760000     0.4861758
0.7290000     0.6899843
0.2600000     0.2509339
0.0800000     0.0944711
0.0300000     0.0323650
0.7570000     0.7319925
0.4770000     0.4960763
0.0820000     0.0883588
0.6740000     0.6532538
0.1440000     0.1584678
0.5360000     0.5397140
0.0450000     0.0557179
0.1140000     0.1242628
0.7140000     0.6856197
0.3770000     0.3725360
0.5040000     0.5118920
0.5810000     0.5686059
0.7660000     0.7400007
0.6530000     0.6295797
0.5860000     0.5815653
0.5230000     0.5006748
0.6510000     0.6257601
0.5360000     0.5445713
0.3500000     0.3501207
0.6640000     0.6428681
0.1250000     0.1298171
0.9890000     0.9840025
0.2190000     0.2166003
0.4110000     0.4203780
0.0200000     0.0269616
0.5310000     0.5486047
0.4080000     0.4194475
0.6790000     0.6634498
0.0420000     0.0566541
0.5320000     0.5437440
0.6960000     0.6753897
0.5330000     0.5308497
0.7350000     0.7009414
0.4040000     0.4160479
0.7910000     0.7647222
0.0300000     0.0533595
0.3300000     0.3303258
0.5160000     0.5092429
0.8510000     0.8162407
0.6790000     0.6692734
0.7290000     0.7007375
0.5770000     0.5704231
1.1230000     1.0550805
0.6840000     0.6590073
0.4880000     0.4951088
0.2950000     0.2991768
0.2350000     0.2230266
0.0400000     0.0714039
0.1980000     0.2214261
0.0930000     0.1053087
0.4030000     0.4137518
0.0600000     0.0836768
0.7250000     0.7151003
0.4460000     0.4440996
0.3180000     0.3199866
0.2350000     0.2356334
0.4890000     0.4947637
0.8080000     0.7623557
0.3050000     0.3032597
0.5140000     0.5189527
0.0200000     0.0344186
0.7590000     0.7282180
0.0730000     0.1035130
0.8010000     0.7492384
0.5760000     0.5985762
0.1660000     0.1496395
0.1390000     0.1482748
0.2700000     0.2650132
0.3080000     0.3131227
0.7190000     0.7017215
0.1500000     0.1516734
0.8310000     0.7969114
0.3530000     0.3466872
0.4000000     0.4134270
0.7910000     0.7456335
0.7450000     0.7157508
0.7870000     0.7460294
0.5140000     0.5067132
0.1370000     0.1331097
0.8170000     0.7712493
0.0990000     0.1094352
0.3110000     0.3164268
0.4940000     0.4799696
0.1910000     0.1861902
0.7650000     0.7272156
0.7490000     0.7187811
0.4890000     0.4968896
0.3240000     0.3212225
0.2250000     0.2245298
0.1940000     0.2019378
0.6310000     0.6144327
0.4230000     0.4366959
0.3300000     0.3366098
0.4780000     0.4729373
0.7560000     0.7199664
0.3800000     0.3851794
0.0300000     0.0469727
0.6320000     0.6329751
0.6970000     0.6664099
0.4880000     0.4967086
0.2320000     0.2251450
0.1810000     0.1735048
0.6890000     0.6688941
0.3590000     0.3513656
0.4460000     0.4669353
0.5460000     0.5515044
0.4680000     0.4700261
0.0200000     0.0365825
0.1520000     0.1470059
0.3790000     0.3637046
0.6560000     0.6465315
0.3390000     0.3415685
0.0980000     0.1114064
0.6240000     0.6083004
0.6340000     0.6180261
0.7310000     0.6968012
0.2730000     0.2971450
0.2610000     0.2488921
0.5230000     0.5243917
0.4600000     0.4700192
0.5830000     0.5694302
0.0630000     0.0859105
0.6600000     0.6498077
0.6110000     0.6122711
0.0700000     0.0813213
0.8520000     0.8087082
0.4970000     0.5013668
0.5360000     0.5207125
0.1650000     0.1577919
0.0200000     0.0459004
0.4280000     0.4475086
0.1670000     0.1703006
0.0200000     0.0276113
0.0800000     0.1035960
0.4300000     0.4387331
0.5900000     0.5765735
0.1490000     0.1557653
0.7790000     0.7417550
0.5890000     0.5842524
0.3510000     0.3591862
0.0300000     0.0501861
0.6480000     0.6353984
0.0100000     0.0271301
0.0300000     0.0413466
0.1500000     0.1466472
0.3880000     0.3720455
0.7220000     0.7095331
0.7490000     0.6959687
0.3380000     0.3431626
0.7080000     0.6794350
0.7280000     0.6917856
0.5250000     0.5279325
0.6700000     0.6471711
0.3950000     0.4087130
0.0200000     0.0187432
0.4600000     0.4703504
0.0700000     0.0877090
0.0780000     0.0875385
0.1120000     0.1175917
0.7780000     0.7507538
0.0200000     0.0257075
0.5430000     0.5534062
0.1820000     0.1826736
0.6700000     0.6536866
0.1080000     0.1139257
0.5930000     0.5742924
0.0500000     0.0618636
0.1350000     0.1226143
0.1280000     0.1407434
0.4920000     0.4979396
0.0710000     0.0994191
0.0100000     0.0154423
0.5240000     0.5320901
0.4990000     0.5083784
0.1710000     0.1796067
0.5270000     0.5305769
0.8100000     0.7764978
0.6760000     0.6460322
0.2050000     0.2059942
0.5190000     0.5250536
0.2550000     0.2499976
0.5870000     0.5839516
0.5060000     0.4990003
0.5420000     0.5460997
0.1240000     0.1373693
0.3700000     0.3737990
0.4930000     0.5047762
0.0850000     0.0975440
0.1270000     0.1373968
0.4840000     0.4942292
0.5660000     0.5713938
0.7600000     0.7353731
0.5830000     0.5801266
0.7590000     0.7239976
0.4900000     0.4976490
0.1700000     0.1693654
0.0200000     0.0226615
0.2740000     0.2760737
1.2120000     1.1050174
0.5750000     0.5800939
0.2790000     0.2711907
0.3060000     0.3183821
0.6360000     0.6304429
0.0710000     0.0766514
0.0300000     0.0418036
0.0920000     0.1035865
0.6560000     0.6290604
0.6380000     0.6293411
0.6410000     0.6127893
0.7800000     0.7368183
0.6150000     0.6112195
0.2580000     0.2462233
0.6010000     0.5976916
0.6020000     0.5863688
0.6110000     0.5958972
0.2610000     0.2530467
0.0200000     0.0351594
0.7370000     0.7076162
