0.6480000     0.6977795
0.4970000     0.4996723
0.6700000     0.6882361
0.6790000     0.7288748
0.8170000     0.9032472
0.2250000     0.1690580
0.1490000     0.0659993
0.0800000     0.0046605
0.3510000     0.3195799
0.1520000     0.1084838
0.4280000     0.3934771
0.3880000     0.3943401
0.6760000     0.7550422
0.3180000     0.2987679
0.5160000     0.5516662
0.0300000     -0.0800800
0.6310000     0.6859545
0.4880000     0.5361486
0.4680000     0.5066059
0.4940000     0.5209166
0.3700000     0.3835764
0.5320000     0.5682725
0.5750000     0.6187270
0.3080000     0.2684956
0.4470000     0.4469174
0.3060000     0.2683652
0.2190000     0.1830112
0.0820000     0.0158940
0.3300000     0.3044675
0.3770000     0.3724225
0.5840000     0.6138995
0.7660000     0.8381804
0.4570000     0.4602396
0.2600000     0.2318520
0.5060000     0.5241021
0.1240000     0.0780923
0.1140000     0.0398302
0.1280000     0.0531780
0.0600000     -0.0159195
0.3940000     0.3703453
0.2790000     0.2102088
0.0200000     -0.1232918
0.0200000     -0.0807508
0.5250000     0.5612612
0.6600000     0.7108261
0.0700000     -0.0406394
0.4900000     0.4962950
0.5140000     0.5303943
0.0450000     -0.0764863
0.4610000     0.4997671
0.5330000     0.5776361
0.5360000     0.5730695
0.7310000     0.8276397
0.8010000     0.8804882
0.6240000     0.6874061
0.6840000     0.7081162
0.6010000     0.6397827
0.5810000     0.6150612
0.5860000     0.6288548
0.2580000     0.2194858
0.3950000     0.4103016
0.6530000     0.6964369
0.7280000     0.7994264
0.0480000     -0.0346164
0.0200000     -0.1123744
0.6410000     0.6982593
0.0300000     -0.0880837
0.4080000     0.4189908
0.7560000     0.8368601
0.0100000     -0.1021292
0.4000000     0.3961840
0.0780000     -0.0203054
0.5040000     0.4961656
0.4030000     0.4561462
0.7910000     0.8874110
0.4110000     0.3881953
1.1230000     1.1414123
0.4460000     0.4677194
0.1390000     0.1066260
0.0700000     -0.0077933
0.4760000     0.4601066
0.3240000     0.2948113
0.7870000     0.8928476
0.7600000     0.8185502
0.4780000     0.4918959
0.6110000     0.6357895
0.7220000     0.7902735
0.6560000     0.7198201
0.2910000     0.2539213
0.2700000     0.2429615
0.6790000     0.7196193
0.4920000     0.5127870
0.7140000     0.7672628
0.5460000     0.5787498
0.6890000     0.7459968
0.4880000     0.4683644
0.5930000     0.6264017
0.0920000     0.0084108
0.2610000     0.1670282
0.6850000     0.7351803
0.1710000     0.1229394
0.5430000     0.5702280
0.5310000     0.5672328
0.1980000     0.1436871
0.8310000     0.9244728
0.2350000     0.1858566
0.1660000     0.1057549
1.2120000     1.1721965
0.8520000     0.9450319
0.3590000     0.3695235
0.6970000     0.7859865
0.7590000     0.8330122
0.0300000     -0.0726805
0.2730000     0.2498515
0.1120000     -0.0057505
0.3380000     0.2890039
0.5360000     0.5776048
0.0710000     -0.0067918
0.7450000     0.8062287
0.5230000     0.5271262
0.3500000     0.3212793
0.4770000     0.4924128
0.4930000     0.4864295
0.0400000     0.0057804
0.5190000     0.5229260
0.6320000     0.6958567
0.6020000     0.6618817
0.0730000     0.0006943
0.8100000     0.9000397
0.7110000     0.7657911
0.6740000     0.7386293
0.5660000     0.6319772
0.0300000     -0.0646676
0.7080000     0.7602448
0.7910000     0.8892691
0.1080000     0.0453209
0.8080000     0.8759212
0.5830000     0.6173652
0.2960000     0.2503955
0.5360000     0.5440332
0.0200000     -0.0847666
0.6640000     0.7047780
0.7590000     0.8304904
0.7190000     0.7910598
0.4300000     0.4089443
0.1500000     0.0482236
0.3530000     0.3594329
0.2950000     0.2587899
0.0930000     -0.0172747
0.7650000     0.8343973
0.5420000     0.5723990
0.5270000     0.5511252
0.7290000     0.7796398
0.0300000     -0.0897495
0.1910000     0.0809009
0.5760000     0.6281504
0.3110000     0.2823652
0.2350000     0.1719457
0.4990000     0.5096720
0.0100000     -0.1288837
0.0630000     -0.0312963
0.4230000     0.4129068
0.4460000     0.4202102
0.4890000     0.5549013
0.7570000     0.8352492
0.5900000     0.6363294
0.6510000     0.7240343
0.7490000     0.7978057
0.8510000     0.9509361
0.1650000     0.1255507
0.5240000     0.5471262
0.0850000     -0.0138751
0.9890000     1.0932106
0.3390000     0.2871453
0.1250000     0.0412720
0.2740000     0.2220954
0.1670000     0.0970998
0.3790000     0.4141799
0.0200000     -0.1102679
0.3050000     0.2658501
0.7800000     0.8595603
0.3300000     0.3362920
0.1440000     0.0700170
0.6700000     0.7000221
0.5830000     0.6144328
0.5230000     0.5664050
0.6010000     0.6649009
0.2610000     0.2056231
0.7790000     0.8660289
0.5770000     0.6197617
0.0990000     0.0507644
0.1810000     0.1030814
0.4340000     0.4372486
0.3800000     0.3626590
0.1270000     0.0907027
0.6110000     0.6468852
0.4890000     0.5049027
0.1700000     0.1213710
0.6380000     0.6497732
0.0300000     -0.0684106
0.4040000     0.4039912
0.7490000     0.8108663
0.6150000     0.6635368
0.2050000     0.1508342
0.0200000     -0.1025916
0.7250000     0.8354826
0.0200000     -0.0724626
0.7290000     0.8045710
0.2320000     0.1869346
0.7350000     0.7990420
0.4600000     0.4706692
0.1820000     0.1672717
0.6340000     0.6701896
0.5870000     0.6165343
0.1350000     0.0862267
0.1940000     0.1471294
0.7780000     0.8602415
0.0980000     0.0351767
0.0420000     -0.0703000
0.0620000     -0.0588930
0.0200000     -0.0351351
0.0580000     -0.0217404
0.7370000     0.8131900
0.0710000     -0.0492669
0.5140000     0.5256994
0.6360000     0.6721259
0.6960000     0.7510316
0.0200000     -0.0837957
0.4600000     0.4553510
0.6560000     0.7254173
0.0500000     -0.0299687
0.0800000     -0.0272375
0.5890000     0.6248944
0.4840000     0.4546742
0.2390000     0.1840872
0.1370000     0.0898038
0.1500000     0.0926278
0.0200000     -0.0676946
0.2550000     0.2353560
0.0300000     -0.0895663
