0.5160000     0.5074456
0.7920000     0.7697014
0.4310000     0.4300562
0.7490000     0.7274495
0.7190000     0.7014241
0.0800000     0.1036837
0.2220000     0.2186657
0.0700000     0.0975077
0.1660000     0.1653959
0.3790000     0.3749948
0.7280000     0.7058778
0.1210000     0.1328046
0.6870000     0.6704788
0.4560000     0.4452922
0.6730000     0.6577830
0.7560000     0.7333790
0.2530000     0.2544910
0.2100000     0.2043242
0.6020000     0.5859108
0.3060000     0.3008574
0.7220000     0.7028340
0.1960000     0.1950696
0.3080000     0.3022044
0.3510000     0.3487975
0.3610000     0.3573095
0.0500000     0.0944546
0.4280000     0.4250150
0.1960000     0.1960047
0.6410000     0.6309137
0.6870000     0.6687031
0.0200000     0.0586412
0.0300000     0.0752933
0.3760000     0.3741998
0.0400000     0.0928833
0.2310000     0.2303405
0.4660000     0.4582990
0.6530000     0.6294831
0.6970000     0.6813236
0.2610000     0.2580316
0.5190000     0.5067798
0.0740000     0.0965435
0.1890000     0.1898112
0.6560000     0.6452171
0.5860000     0.5725706
0.5840000     0.5713025
0.8150000     0.7867565
0.2580000     0.2558044
0.4670000     0.4637201
0.4890000     0.4798687
0.5860000     0.5744684
0.6320000     0.6178117
0.5270000     0.5154219
0.8150000     0.7928909
0.6630000     0.6517211
0.5910000     0.5782328
0.4950000     0.4844819
0.1080000     0.1227970
0.0710000     0.0976842
0.3780000     0.3736577
0.3360000     0.3336727
0.4150000     0.4107118
0.7240000     0.7097554
0.7280000     0.7114338
0.7990000     0.7732298
0.1040000     0.1178841
0.0920000     0.1129326
0.1350000     0.1428488
0.6290000     0.6115148
0.2810000     0.2784834
0.0300000     0.0710479
0.7340000     0.7125043
0.4990000     0.4861651
0.6270000     0.6139985
0.1280000     0.1394456
0.6730000     0.6556615
0.7270000     0.7083154
0.6330000     0.6201176
0.5360000     0.5237738
0.1640000     0.1653959
0.0830000     0.1031980
0.0640000     0.0928556
0.4900000     0.4782616
0.6360000     0.6242127
0.5560000     0.5440799
0.6690000     0.6523196
0.3250000     0.3276636
0.5870000     0.5732188
0.4220000     0.4192681
0.2790000     0.2743942
0.0430000     0.0839255
0.8080000     0.7832317
0.6730000     0.6567298
0.7370000     0.7146600
0.7040000     0.6867496
0.3650000     0.3631433
0.0700000     0.0972432
0.0400000     0.0805358
0.2120000     0.2086121
0.0400000     0.0789361
0.0300000     0.0728944
0.2720000     0.2655591
0.7220000     0.7046878
0.1500000     0.1629863
0.2780000     0.2753558
0.5650000     0.5545537
0.6790000     0.6619568
0.5140000     0.5026147
0.2230000     0.2169828
0.7590000     0.7385589
0.6060000     0.5935715
0.5710000     0.5574579
0.5040000     0.4904316
0.5300000     0.5191318
0.2050000     0.2032897
0.1490000     0.1590239
0.5690000     0.5595014
0.0990000     0.1178585
0.0470000     0.0872131
0.6360000     0.6213229
0.3540000     0.3523235
0.4940000     0.4828451
0.1250000     0.1329867
0.6310000     0.6220747
0.3250000     0.3181868
0.3950000     0.3888080
0.4080000     0.4075070
0.3160000     0.3119628
0.0700000     0.0962584
0.6320000     0.6217411
0.2670000     0.2626090
0.1520000     0.1604509
0.3490000     0.3473696
0.4820000     0.4706693
0.6030000     0.5915484
0.3730000     0.3711962
0.0930000     0.1142131
0.2960000     0.2921578
0.3040000     0.3018471
0.2900000     0.2838303
0.5400000     0.5307852
0.7580000     0.7383839
0.0200000     0.0613159
0.6550000     0.6371247
0.7290000     0.7166091
0.7490000     0.7311529
0.7590000     0.7428074
0.0490000     0.0877838
0.3570000     0.3539132
0.0700000     0.0974839
0.0200000     0.0626589
0.4680000     0.4572308
0.2180000     0.2162560
0.0690000     0.0968389
0.7070000     0.6882538
0.6320000     0.6167052
0.0200000     0.0624739
0.4770000     0.4676509
0.0200000     0.0625437
0.0380000     0.0815146
0.1050000     0.1215594
0.3760000     0.3701842
0.7990000     0.7832499
0.6410000     0.6243219
0.6840000     0.6642984
0.2730000     0.2714052
0.5420000     0.5288457
0.0630000     0.0925499
0.0300000     0.0696548
0.1820000     0.1846392
0.5950000     0.5819855
0.1280000     0.1372841
0.8100000     0.7893872
0.0940000     0.1130561
0.2190000     0.2160213
0.5230000     0.5116695
0.6840000     0.6688832
0.3840000     0.3804252
0.5250000     0.5123348
0.6560000     0.6442950
0.0300000     0.0728188
0.5980000     0.5840498
0.5810000     0.5723642
0.5890000     0.5777669
0.3290000     0.3274593
0.6630000     0.6483069
0.7600000     0.7364030
0.6480000     0.6361055
0.0970000     0.1143721
0.1290000     0.1388287
0.6150000     0.6040595
0.1770000     0.1761587
0.6510000     0.6395245
0.6020000     0.5891824
0.4110000     0.4059447
0.3530000     0.3482776
0.2550000     0.2510002
0.2820000     0.2783281
0.0600000     0.0915744
0.7680000     0.7430258
0.1730000     0.1653959
0.6760000     0.6596289
0.7580000     0.7381938
0.4460000     0.4377721
0.2610000     0.2577473
0.4230000     0.4204924
0.7030000     0.6843561
0.7920000     0.7728690
0.5450000     0.5390888
0.5360000     0.5229509
0.5330000     0.5212440
0.1970000     0.1970596
0.0630000     0.0942289
0.3910000     0.3849264
0.0550000     0.0886083
0.6470000     0.6352049
0.4340000     0.4277383
0.0990000     0.1136439
0.0200000     0.0634321
0.0200000     0.0673019
0.6260000     0.6131734
0.5760000     0.5640629
0.4610000     0.4493362
0.7870000     0.7655306
0.6840000     0.6686603
0.1220000     0.1302670
0.2100000     0.2067104
0.3950000     0.3906370
0.7850000     0.7667203
0.7560000     0.7358843
0.7510000     0.7252036
0.2060000     0.2017364
0.8100000     0.7897862
0.7780000     0.7570647
0.0100000     0.0572617
0.5230000     0.5109223
0.4760000     0.4656426
0.4400000     0.4337651
0.0520000     0.0881928
0.1670000     0.1653959
0.5400000     0.5306293
0.1180000     0.1284029
0.5620000     0.5473436
0.3310000     0.3284366
0.5650000     0.5554703
0.5580000     0.5419481
0.7310000     0.7131041
0.7030000     0.6833400
0.4470000     0.4375584
0.6460000     0.6311044
0.0890000     0.1089125
0.1360000     0.1450886
0.0200000     0.0675028
0.5310000     0.5169809
0.0100000     0.0615240
0.5900000     0.5755557
0.3330000     0.3339376
0.7610000     0.7376697
1.2120000     1.1649071
0.2260000     0.2249311
0.2120000     0.2100045
0.4500000     0.4437665
0.0450000     0.0858529
0.2120000     0.2042477
0.5500000     0.5371609
0.5830000     0.5676755
0.1200000     0.1318893
0.3350000     0.3306887
0.2130000     0.2091752
0.1240000     0.1329248
0.5600000     0.5544270
0.4460000     0.4383254
0.3390000     0.3368956
0.0200000     0.0654687
0.6120000     0.5984094
0.6540000     0.6435078
0.6640000     0.6497376
0.7470000     0.7245501
0.5350000     0.5229183
0.2350000     0.2350006
0.5770000     0.5659544
0.0200000     0.0670694
0.6460000     0.6320468
0.2320000     0.2288267
0.0580000     0.0957340
0.0200000     0.0656994
0.0330000     0.0763384
0.6960000     0.6933428
0.1120000     0.1258374
0.4270000     0.4223332
0.7650000     0.7516865
0.5320000     0.5177289
0.0100000     0.0646476
0.0840000     0.1050282
0.7470000     0.7232603
0.5920000     0.5810483
0.5310000     0.5198203
0.7040000     0.6856061
0.7390000     0.7223976
0.2130000     0.2112572
0.6390000     0.6260783
0.6270000     0.6139374
0.3120000     0.3107915
0.4480000     0.4444617
0.5260000     0.5168989
0.0480000     0.0890569
0.4630000     0.4568723
0.2530000     0.2544025
0.6790000     0.6647924
0.4920000     0.4782668
0.1510000     0.1639171
0.1030000     0.1192953
0.3880000     0.3802919
0.3830000     0.3761020
0.3840000     0.3788465
0.0300000     0.0652709
0.4600000     0.4536389
0.5940000     0.5823165
0.7920000     0.7685127
0.5320000     0.5209391
0.8510000     0.8289794
0.5630000     0.5503700
0.6930000     0.6809807
0.6740000     0.6588810
0.5390000     0.5254568
0.5890000     0.5788732
0.1880000     0.1914303
0.5360000     0.5372117
0.7350000     0.7148982
0.7770000     0.7583477
0.3950000     0.3909015
0.1520000     0.1587147
0.2370000     0.2353717
0.6890000     0.6731519
0.4340000     0.4294978
0.6470000     0.6345360
0.2740000     0.2711144
0.2080000     0.2061376
0.1500000     0.1594377
0.3170000     0.3161402
0.4260000     0.4200169
0.1520000     0.1606947
0.2460000     0.2449014
0.7010000     0.6844012
0.3510000     0.3459951
0.4440000     0.4378258
0.7290000     0.7067186
0.0100000     0.0582153
0.4230000     0.4188932
0.4560000     0.4509538
0.4420000     0.4389923
0.5380000     0.5267196
0.3810000     0.3738283
0.0800000     0.1010818
0.1650000     0.1653959
0.6190000     0.6043192
0.5430000     0.5301460
0.6110000     0.6007169
0.0510000     0.0883616
0.0200000     0.0598926
0.6520000     0.6398307
0.0420000     0.0835755
0.2390000     0.2366577
0.1080000     0.1225861
0.0200000     0.0617511
0.2670000     0.2659529
0.0200000     0.0664004
0.7110000     0.6942829
0.7400000     0.7205906
0.7140000     0.6975396
0.5480000     0.5365909
0.4010000     0.3980259
0.6860000     0.6690859
0.0100000     0.0606943
0.2910000     0.2912775
0.1730000     0.1662258
0.7290000     0.7103441
0.3290000     0.3274438
0.3800000     0.3750134
0.5970000     0.5790586
0.8010000     0.7745984
0.7010000     0.6866536
0.3700000     0.3674182
0.0300000     0.0761511
0.7460000     0.7247081
0.4320000     0.4309182
0.6730000     0.6650219
0.6510000     0.6373408
0.4150000     0.4122036
0.0710000     0.0965340
0.0200000     0.0703542
0.7660000     0.7453808
0.4880000     0.4761384
0.2110000     0.2041380
0.3130000     0.3079927
0.5830000     0.5727571
0.0100000     0.0582146
0.7600000     0.7381865
0.1530000     0.1610778
0.7680000     0.7442062
0.1400000     0.1523004
0.1450000     0.1546430
0.4090000     0.4029163
0.0830000     0.1054378
0.6280000     0.6170053
0.8270000     0.8019577
0.8520000     0.8263391
0.5890000     0.5762706
0.7460000     0.7253449
0.4840000     0.4733379
0.2580000     0.2564640
0.0300000     0.0717012
0.0870000     0.1077137
0.1740000     0.1680988
0.5410000     0.5281647
0.3370000     0.3380761
0.7760000     0.7490563
0.3380000     0.3355125
0.0400000     0.0778168
0.5930000     0.5841658
0.7070000     0.6865020
0.1980000     0.1976570
0.5240000     0.5130318
0.7080000     0.6907183
0.3240000     0.3231331
0.2910000     0.2878880
0.6920000     0.6732545
0.1140000     0.1275039
0.6150000     0.6021704
0.7060000     0.6922914
0.0490000     0.0862490
0.2610000     0.2565923
0.0300000     0.0699415
0.5860000     0.5720078
0.0820000     0.1025283
0.5300000     0.5173162
0.7490000     0.7216482
0.2210000     0.2165827
0.4490000     0.4480281
0.4120000     0.4060913
0.7220000     0.6987112
0.0550000     0.0912207
0.1480000     0.1587038
0.5240000     0.5138009
0.3910000     0.3851847
0.5240000     0.5108210
0.6380000     0.6282152
0.5090000     0.4997545
0.2800000     0.2756650
0.7340000     0.7157643
0.0770000     0.0986125
0.6660000     0.6544186
0.4600000     0.4545491
0.1810000     0.1835812
0.5750000     0.5654200
0.6230000     0.6120504
0.2570000     0.2541895
0.1990000     0.1994008
1.1230000     1.0937886
0.7340000     0.7128434
0.2500000     0.2504339
0.4950000     0.4821136
0.4670000     0.4581780
0.7530000     0.7305603
0.6110000     0.5991505
0.4580000     0.4498833
0.7720000     0.7492868
0.3350000     0.3402576
0.5140000     0.5037150
0.4210000     0.4194299
0.5340000     0.5238136
0.3180000     0.3165413
0.0300000     0.0711265
0.1540000     0.1653959
0.7680000     0.7469500
0.3910000     0.3876587
0.2490000     0.2477583
0.2180000     0.2139370
0.1390000     0.1478954
0.0620000     0.0950419
0.3820000     0.3792827
0.5530000     0.5417743
0.4570000     0.4502852
0.6970000     0.6800884
0.5160000     0.5042896
0.2220000     0.2160451
0.5660000     0.5534527
0.4670000     0.4566920
0.1120000     0.1253754
0.0200000     0.0656177
0.1550000     0.1626870
0.0420000     0.0832078
0.2600000     0.2564550
0.2860000     0.2834187
0.6350000     0.6218511
0.3910000     0.3902558
0.6830000     0.6715623
0.4950000     0.4812042
0.4400000     0.4352290
0.4780000     0.4709046
0.7590000     0.7376978
0.0900000     0.1111559
0.3880000     0.3846540
0.0400000     0.0792903
0.0200000     0.0610193
0.0610000     0.0908147
0.6700000     0.6514410
0.6900000     0.6727556
0.4480000     0.4393001
0.0800000     0.1033966
0.2020000     0.1996130
0.6870000     0.6741407
0.6680000     0.6519899
0.0900000     0.1115167
0.2500000     0.2501149
0.2240000     0.2230931
0.7770000     0.7549293
0.5950000     0.5818892
0.0600000     0.0937137
0.6030000     0.5889040
0.7300000     0.7101412
0.4280000     0.4212999
0.7120000     0.6949437
0.2760000     0.2715287
0.0500000     0.0866435
0.1120000     0.1255072
0.0200000     0.0692501
0.2950000     0.2876383
0.6490000     0.6386380
0.5790000     0.5686511
0.3940000     0.3892167
0.3050000     0.3011773
0.4080000     0.4069237
0.3650000     0.3583169
0.7480000     0.7306154
0.7800000     0.7531660
0.0100000     0.0479783
0.0200000     0.0657611
0.0600000     0.0907325
0.6700000     0.6571234
0.0200000     0.0693475
0.0850000     0.1057439
0.7180000     0.6970984
0.0200000     0.0752922
0.6670000     0.6544099
0.6550000     0.6406195
0.5300000     0.5214920
0.6010000     0.5860422
0.7370000     0.7190259
0.8170000     0.7917535
0.0620000     0.0919428
0.4680000     0.4607291
0.5830000     0.5705025
0.7310000     0.7172477
0.7260000     0.7045790
0.6560000     0.6383054
0.7360000     0.7144169
0.0900000     0.1105004
0.5930000     0.5814722
0.0100000     0.0596131
0.5210000     0.5067438
0.6850000     0.6703200
0.7660000     0.7473099
0.7020000     0.6809634
0.0200000     0.0648403
0.1320000     0.1390180
0.7330000     0.7172534
0.0700000     0.0960920
0.4000000     0.4008440
0.2350000     0.2351141
0.3940000     0.3893963
0.8310000     0.8105482
0.7140000     0.6983970
0.0200000     0.0659037
0.3430000     0.3422191
0.2890000     0.2882340
0.4470000     0.4392601
0.6890000     0.6730795
0.3300000     0.3281720
0.7570000     0.7355193
0.7110000     0.6951876
0.7980000     0.7747078
0.7210000     0.7004704
0.0560000     0.0911164
0.5710000     0.5586099
0.7900000     0.7680706
0.6440000     0.6304917
0.0980000     0.1169500
0.6010000     0.5891367
0.6390000     0.6278121
0.0950000     0.1119716
0.3300000     0.3301359
0.0590000     0.0919290
0.2610000     0.2583217
0.5310000     0.5194257
0.4810000     0.4712903
0.5060000     0.4928973
0.5420000     0.5289123
0.6210000     0.6098635
0.0200000     0.0670841
0.7870000     0.7657794
0.0500000     0.0886006
0.3910000     0.3858098
0.2000000     0.1984676
0.4100000     0.4052272
0.1410000     0.1491509
0.0200000     0.0718097
0.7250000     0.7140758
0.7180000     0.6886580
0.4110000     0.4087641
0.6600000     0.6464195
0.0640000     0.0945444
0.6340000     0.6185006
0.7740000     0.7546059
0.0300000     0.0776533
0.5890000     0.5774856
0.4930000     0.4793395
0.1350000     0.1461064
0.4960000     0.4823847
0.5870000     0.5749735
0.5730000     0.5610925
0.0730000     0.0953082
0.6310000     0.6172147
0.5330000     0.5204252
0.3110000     0.3112616
0.5840000     0.5706064
0.1330000     0.1409559
0.3010000     0.2968187
0.1440000     0.1500554
0.4590000     0.4519040
0.3590000     0.3518252
0.5230000     0.5118201
0.0440000     0.0838535
0.4470000     0.4390800
0.4300000     0.4207091
0.6680000     0.6549580
0.0680000     0.0947343
0.4510000     0.4440640
0.7060000     0.6897070
0.5990000     0.5886009
0.0400000     0.0857410
0.4880000     0.4772023
0.1040000     0.1193106
0.7390000     0.7173479
0.4740000     0.4645567
0.5580000     0.5446048
0.5010000     0.4911282
0.3230000     0.3233273
0.4030000     0.3992714
0.7740000     0.7467358
0.6220000     0.6077764
0.5120000     0.4976039
0.6970000     0.6787608
0.6990000     0.6815728
0.0410000     0.0839307
0.7030000     0.7010653
0.7410000     0.7210646
0.0500000     0.0892137
0.0300000     0.0729803
0.5840000     0.5719329
0.5580000     0.5467690
0.7670000     0.7464544
0.6010000     0.5901040
0.1270000     0.1384692
0.0300000     0.0758463
0.2700000     0.2666783
0.7080000     0.6880816
0.0300000     0.0761978
0.6120000     0.5980301
0.7040000     0.6893727
0.8090000     0.7849000
0.3660000     0.3623452
0.5910000     0.5784730
0.7070000     0.6919785
0.7890000     0.7658635
0.4850000     0.4819553
0.1310000     0.1381093
0.7210000     0.7021270
0.4970000     0.4888850
0.1360000     0.1494512
0.3590000     0.3573418
0.0740000     0.0959657
0.2960000     0.2931082
0.2980000     0.2951350
0.4600000     0.4514366
0.4450000     0.4360673
0.3740000     0.3686775
0.2760000     0.2727203
0.4890000     0.4758487
0.7460000     0.7252393
0.4770000     0.4678570
0.6100000     0.5971243
0.8050000     0.7797778
0.1780000     0.1775892
0.4660000     0.4554830
0.2340000     0.2315335
0.4860000     0.4722562
0.6750000     0.6619995
0.8400000     0.8186327
0.0200000     0.0648831
0.4940000     0.4807450
0.1940000     0.1950204
0.3340000     0.3327443
0.6720000     0.6587242
0.1650000     0.1653959
0.5460000     0.5345703
0.0200000     0.0718116
0.6340000     0.6189325
0.5750000     0.5620250
0.7010000     0.6884012
0.3740000     0.3711753
0.1710000     0.1657744
0.3730000     0.3741363
0.8240000     0.7962754
0.4970000     0.4879793
0.5830000     0.5723999
0.7240000     0.7031393
0.4090000     0.4042988
0.7480000     0.7312189
0.0730000     0.1002903
0.6460000     0.6302428
0.5750000     0.5640695
0.2090000     0.2060188
0.1530000     0.1618514
0.0400000     0.0819194
0.7340000     0.7162825
0.1510000     0.1613390
0.4790000     0.4685252
0.7150000     0.6950055
0.7910000     0.7666126
0.4890000     0.4738263
0.1830000     0.1845671
0.7530000     0.7289051
0.2650000     0.2606914
0.0480000     0.0851166
0.8080000     0.7842129
0.0200000     0.0645765
0.4680000     0.4587900
0.1540000     0.1618463
0.3970000     0.3920735
0.5150000     0.5048342
0.3400000     0.3374724
0.1910000     0.1908921
0.4750000     0.4648492
0.6560000     0.6434675
0.5760000     0.5648026
0.5930000     0.5799788
0.0200000     0.0630751
0.3550000     0.3526932
0.2070000     0.2044628
0.0300000     0.0649568
0.5180000     0.5053864
0.4830000     0.4723126
0.4440000     0.4386088
0.5760000     0.5642867
0.4270000     0.4249674
0.1700000     0.1655627
0.3380000     0.3353238
0.0780000     0.1006745
0.5560000     0.5435313
0.8370000     0.8117975
0.5980000     0.5855789
0.5810000     0.5700834
0.7730000     0.7528573
0.0700000     0.0926765
0.7000000     0.6856469
0.0860000     0.1066314
0.0850000     0.1071596
0.6240000     0.6157831
0.3250000     0.3240190
0.5550000     0.5412646
0.7570000     0.7382044
0.2910000     0.2900382
0.1370000     0.1429963
0.6840000     0.6719919
0.4900000     0.4772875
0.6670000     0.6526278
0.2620000     0.2595287
0.6340000     0.6211212
0.7910000     0.7652599
0.1130000     0.1270506
0.3050000     0.2992657
0.0300000     0.0741204
0.0300000     0.0753577
0.2200000     0.2167723
0.1690000     0.1653959
0.2950000     0.2978633
0.6760000     0.6635555
0.3270000     0.3241684
0.2060000     0.2000423
0.5460000     0.5310495
0.5330000     0.5215124
0.1400000     0.1464748
0.6950000     0.6787815
0.6660000     0.6560988
0.5040000     0.4912124
0.2070000     0.2100582
0.7190000     0.7044828
0.4370000     0.4332608
0.3530000     0.3500556
0.4570000     0.4472217
0.5150000     0.5006059
0.8010000     0.7755978
0.7120000     0.6947200
0.5280000     0.5144491
0.3830000     0.3789171
0.2530000     0.2498912
0.3260000     0.3243348
0.3770000     0.3721578
0.3530000     0.3552288
0.6890000     0.6735722
0.1590000     0.1653959
0.9890000     0.9612148
0.5230000     0.5135032
0.2750000     0.2699066
0.1100000     0.1238016
0.6480000     0.6350765
0.2250000     0.2254511
0.4040000     0.3986713
0.2670000     0.2618553
0.7790000     0.7579436
0.7780000     0.7520126
0.7940000     0.7682980
0.7170000     0.7030832
0.5060000     0.4919231
0.4120000     0.4121876
0.7450000     0.7266067
0.6920000     0.6767440
0.6340000     0.6179924
0.5620000     0.5520252
0.0200000     0.0653512
0.3500000     0.3494590
0.1240000     0.1346603
0.6270000     0.6171401
0.6950000     0.6824601
0.1740000     0.1743684
0.6580000     0.6455702
0.0300000     0.0755147
0.3150000     0.3144860
0.5150000     0.5022985
0.5240000     0.5111549
