   Label       Predict
0.3660000     0.3400616
0.6280000     0.6703557
0.4500000     0.4587737
0.4150000     0.4317868
0.0900000     -0.0148975
0.0630000     -0.0531231
0.2220000     0.1915200
0.0200000     -0.1168011
0.3500000     0.3254780
0.3950000     0.3912655
0.2670000     0.2412625
0.3950000     0.3710363
0.8370000     0.9367999
0.0800000     -0.0293048
0.1210000     0.0220110
0.3330000     0.3144293
0.0950000     -0.0106060
0.0700000     -0.0403578
0.1510000     0.0753108
0.0200000     -0.1161891
0.6460000     0.6967825
0.5300000     0.5557678
0.6470000     0.6993890
0.8310000     0.9282594
0.3730000     0.3795719
0.5150000     0.5448765
0.5750000     0.6109815
0.6730000     0.7250973
0.0300000     -0.1111353
0.2060000     0.1416861
0.3610000     0.3601671
0.6670000     0.7205532
0.0800000     -0.0301352
0.3490000     0.3283866
0.2500000     0.2189003
0.0550000     -0.0713378
0.0740000     -0.0458340
0.1540000     0.0920894
0.7660000     0.8300722
0.0700000     -0.0394593
0.7530000     0.8352669
0.1200000     0.0369745
0.3260000     0.3072390
0.3910000     0.3686597
0.3840000     0.3563836
0.6460000     0.6798707
0.5010000     0.5294349
0.5990000     0.6224073
0.2890000     0.2429516
0.2730000     0.2641988
0.0300000     -0.1034923
0.5910000     0.6365241
0.7580000     0.8359824
0.3300000     0.3484240
0.3730000     0.3573202
0.2610000     0.2524097
0.0200000     -0.1033162
0.6970000     0.7454389
0.2490000     0.2177693
0.7890000     0.8631449
0.3380000     0.3194581
0.5970000     0.6165745
0.2100000     0.1529574
0.4270000     0.4444095
0.0400000     -0.0941567
0.0300000     -0.1004620
0.0300000     -0.1143115
0.6510000     0.7004372
0.5860000     0.6093163
0.1030000     0.0197131
0.2570000     0.1999760
0.7020000     0.7645262
0.1050000     0.0108302
0.5860000     0.6000502
0.0610000     -0.0635209
0.7340000     0.7978973
0.7070000     0.7690581
0.6600000     0.7196987
0.0300000     -0.1183658
0.3230000     0.3014450
0.6550000     0.7039115
0.4080000     0.4184294
0.7770000     0.8540598
0.3550000     0.3548694
0.0400000     -0.0876102
0.0200000     -0.1218632
0.3110000     0.3003359
0.7940000     0.8785720
0.0990000     0.0053827
0.3880000     0.3912971
0.6840000     0.7260822
0.0550000     -0.0701542
0.7370000     0.8110151
0.0600000     -0.0460737
0.7510000     0.8273683
0.0300000     -0.1078331
0.8100000     0.9060564
0.1410000     0.0509086
0.7040000     0.7542837
0.2610000     0.2359374
0.6110000     0.6304766
0.7920000     0.8821325
0.1660000     0.1060624
0.4660000     0.4644139
0.1650000     0.1211216
0.4110000     0.4168222
0.2610000     0.2193158
0.1240000     0.0501650
0.1640000     0.1099247
0.3430000     0.3184713
0.3820000     0.3734991
0.0980000     -0.0018606
0.0640000     -0.0484889
0.1810000     0.1193600
0.6690000     0.7177837
0.5530000     0.5665003
0.8520000     0.9496505
0.6470000     0.6869302
0.2250000     0.1584424
0.2050000     0.1623647
0.0630000     -0.0520721
0.0330000     -0.1038282
0.3180000     0.3147249
0.4510000     0.4751486
0.7290000     0.7991673
0.2910000     0.2494141
0.0200000     -0.1304582
0.7610000     0.8276189
0.0200000     -0.1298309
0.7030000     0.7486380
0.2070000     0.1622164
0.2900000     0.2801352
0.5350000     0.5561506
0.6990000     0.7565446
0.1500000     0.0859728
0.2820000     0.2503334
0.6890000     0.7490814
0.4560000     0.4502861
0.0200000     -0.1276987
0.5240000     0.5363031
0.3760000     0.3669320
0.0200000     -0.1220052
0.4230000     0.4107923
0.2180000     0.1854648
0.2960000     0.2529076
0.3970000     0.4021047
0.5940000     0.6333350
0.5750000     0.6002938
0.1700000     0.1081318
0.4770000     0.5017202
0.6320000     0.6734113
0.0510000     -0.0672285
0.6010000     0.6422377
0.5810000     0.6173245
0.6320000     0.6723815
0.7000000     0.7657276
0.4950000     0.5161399
0.0800000     0.0007428
0.8010000     0.8826424
0.8010000     0.8984922
0.6960000     0.7472552
0.6900000     0.7524884
0.2190000     0.1731181
0.0680000     -0.0450492
0.4440000     0.4443341
0.8090000     0.8964086
0.0200000     -0.1132898
0.6010000     0.6377224
0.8270000     0.9147274
0.7910000     0.8765298
0.7190000     0.7780389
0.5270000     0.5516818
0.2220000     0.1963960
0.5770000     0.5993895
0.5810000     0.6043517
0.7800000     0.8583600
0.3050000     0.2871453
0.0850000     -0.0187901
0.0200000     -0.1207975
0.2130000     0.1672377
0.7330000     0.8047726
0.4600000     0.4527149
0.1270000     0.0402366
0.6390000     0.6829612
0.2800000     0.2326925
0.5860000     0.6167620
0.3290000     0.3153170
0.5320000     0.5385567
0.0400000     -0.0553943
0.2530000     0.2149515
0.3830000     0.3869348
0.7460000     0.8192565
0.7480000     0.8158326
0.0690000     -0.0310909
0.3910000     0.3751720
0.2670000     0.2405351
0.2320000     0.2022645
0.7400000     0.8028510
0.1350000     0.0600770
0.7600000     0.8374389
0.0710000     -0.0370235
0.6020000     0.6386411
0.0700000     -0.0402184
0.2120000     0.1859848
0.9890000     1.1112795
0.5300000     0.5330285
0.7220000     0.7792639
0.2610000     0.2199665
0.5060000     0.5105169
0.0300000     -0.1028119
0.4670000     0.4751519
0.3510000     0.3595340
0.5650000     0.5827937
0.0300000     -0.1167442
0.1080000     0.0028766
0.6560000     0.6978837
0.0560000     -0.0581023
0.4470000     0.4337728
0.1280000     0.0652870
0.7080000     0.7793751
0.3830000     0.3871520
0.0300000     -0.0993482
0.1730000     0.1341475
0.6270000     0.6587538
0.6030000     0.6374401
0.5760000     0.5859423
0.4820000     0.4857102
0.0200000     -0.1239401
0.7920000     0.8827519
0.8170000     0.9151435
0.7770000     0.8577561
0.2110000     0.1685031
0.3040000     0.2820537
0.4120000     0.4369207
0.1880000     0.1231837
0.2580000     0.2312712
0.1530000     0.1028909
0.8510000     0.9444048
0.6920000     0.7523302
0.4570000     0.4630094
0.7110000     0.7720217
0.5580000     0.5852925
0.6950000     0.7489579
0.1360000     0.0724149
0.1490000     0.0689447
0.0200000     -0.1244222
0.6510000     0.6956497
0.5400000     0.5700019
0.5650000     0.5801217
0.5210000     0.5288222
0.6010000     0.6313444
0.6760000     0.7170753
0.5910000     0.6235313
0.5890000     0.6214870
0.5710000     0.6152029
0.5890000     0.6156722
0.4950000     0.4931954
0.7660000     0.8453743
0.0500000     -0.0485806
0.1390000     0.0532154
0.0900000     0.0026405
0.7390000     0.8225863
0.1040000     0.0240272
0.2230000     0.1691957
0.6220000     0.6623055
0.0300000     -0.1029658
0.0300000     -0.1026945
0.7600000     0.8237853
0.7850000     0.8662550
0.0200000     -0.1156316
0.2790000     0.2414940
0.7370000     0.7973497
0.6310000     0.6705253
0.2720000     0.2445840
0.7650000     0.8398390
0.5560000     0.5654215
0.4150000     0.3965612
0.2580000     0.2338941
0.5360000     0.5380515
0.0410000     -0.0843882
0.0830000     -0.0201927
0.5930000     0.6384077
0.2120000     0.1570436
0.6120000     0.6431421
0.7790000     0.8600330
0.4750000     0.4852976
0.5160000     0.5397224
0.4880000     0.4936616
0.6860000     0.7205852
0.0990000     0.0100168
0.1500000     0.0696670
0.6640000     0.7171175
0.4010000     0.3701375
0.7220000     0.7912023
0.4610000     0.4567086
0.0100000     -0.1285226
0.0840000     -0.0219288
0.4890000     0.5021240
0.0500000     -0.0716733
0.7030000     0.7790352
0.7280000     0.7885903
0.5040000     0.5037009
0.1520000     0.0868806
0.1480000     0.0924532
0.3940000     0.3811298
0.7210000     0.7872229
0.2200000     0.1537176
0.2260000     0.1627108
0.4680000     0.4633462
0.1180000     0.0323212
0.4450000     0.4738530
0.6290000     0.6560066
0.6150000     0.6539381
0.7220000     0.7823429
0.5120000     0.5178664
0.0300000     -0.1064430
0.5830000     0.6130776
0.4270000     0.4285449
0.1670000     0.0846724
0.0200000     -0.1268003
0.7290000     0.7961648
0.4680000     0.4837292
0.0100000     -0.1308765
0.7590000     0.8398498
0.7470000     0.8198574
0.5750000     0.6108485
0.6110000     0.6328158
0.1970000     0.1357651
0.2750000     0.2382306
0.6630000     0.7114234
0.7740000     0.8497499
0.4890000     0.5103596
0.1120000     0.0214331
0.6440000     0.6798393
0.5730000     0.6064731
0.6100000     0.6566203
0.4790000     0.4793361
0.5240000     0.5384042
0.0580000     -0.0425465
0.5280000     0.5415855
0.4600000     0.4537159
0.1130000     0.0210604
0.2950000     0.2549838
0.3300000     0.2950529
0.4260000     0.4301486
0.3350000     0.3411545
0.5710000     0.6022977
0.6890000     0.7450263
0.2620000     0.2423239
0.2910000     0.2808837
0.5620000     0.5748607
0.5980000     0.6202425
0.6120000     0.6537056
0.8400000     0.9330664
0.7360000     0.7992650
0.7310000     0.7909380
0.0730000     -0.0415750
0.2390000     0.2077051
0.4830000     0.4924111
0.5460000     0.5663981
0.7390000     0.8100505
0.4740000     0.4970679
0.0100000     -0.1357558
0.0710000     -0.0493412
0.7290000     0.7845546
0.7730000     0.8535507
0.3740000     0.3879624
0.4600000     0.4819398
0.3540000     0.3468221
0.6740000     0.7221811
0.1290000     0.0691924
0.1650000     0.1158004
0.0870000     -0.0197159
0.6350000     0.6891977
0.0600000     -0.0412109
0.5160000     0.5362331
0.5930000     0.6180642
0.0920000     -0.0125258
0.6190000     0.6574944
0.4590000     0.4795256
0.5830000     0.6125328
0.3250000     0.3139971
0.7140000     0.7786547
0.7340000     0.7987752
0.7920000     0.8827031
0.4100000     0.4100143
0.0200000     -0.1257340
0.4440000     0.4546543
0.5330000     0.5650141
0.6240000     0.6642167
0.2120000     0.1753662
0.1100000     0.0140890
0.0940000     -0.0017681
0.7590000     0.8280922
0.7120000     0.7751327
0.0200000     -0.1220153
0.1520000     0.0985776
0.4660000     0.4861118
0.5310000     0.5476235
0.5460000     0.5564077
0.3370000     0.3050150
0.2000000     0.1631662
0.4310000     0.4234359
0.7080000     0.7696043
0.2670000     0.2291347
0.3650000     0.3685000
0.3590000     0.3609535
0.6700000     0.7139473
0.0300000     -0.1218998
0.4850000     0.4932269
0.1940000     0.1485830
0.7070000     0.7613475
0.0970000     0.0188763
0.6540000     0.6980807
0.5840000     0.6102979
0.7340000     0.8093646
0.6970000     0.7477127
0.5150000     0.5265939
0.7560000     0.8325938
0.2310000     0.1976279
0.2070000     0.1352275
0.5790000     0.6108129
0.7990000     0.8855062
0.6560000     0.6893854
0.0730000     -0.0292751
0.0400000     -0.0894290
0.3770000     0.3548442
0.0640000     -0.0519621
0.7760000     0.8539040
0.6870000     0.7387239
0.3270000     0.3294837
0.5360000     0.5542958
0.3800000     0.3910066
0.7670000     0.8350165
0.7680000     0.8331675
0.6760000     0.7311733
0.6850000     0.7452849
0.5560000     0.5733024
0.7010000     0.7683520
0.1330000     0.0530991
0.6320000     0.6742194
0.6580000     0.7034780
0.5830000     0.6089267
0.3400000     0.3296210
0.5500000     0.5578066
0.4970000     0.5253330
0.0480000     -0.0819249
0.7570000     0.8305492
0.7140000     0.7811470
0.0100000     -0.1303765
0.3840000     0.3789605
0.3150000     0.2908079
0.7310000     0.8049830
0.4210000     0.4106392
0.1980000     0.1681329
0.5760000     0.6021317
0.1310000     0.0837671
0.1320000     0.0534504
0.4560000     0.4732053
0.2960000     0.2447174
0.0600000     -0.0627852
0.6750000     0.7302018
0.1540000     0.0730812
0.3170000     0.2785537
0.4400000     0.4583659
0.4940000     0.5077658
0.6410000     0.6735671
0.7190000     0.7786051
0.3390000     0.3073797
0.1360000     0.0823564
0.7980000     0.8878044
0.4470000     0.4292419
0.6950000     0.7407347
0.5340000     0.5489597
0.4780000     0.4947102
0.2740000     0.2235327
0.1960000     0.1741337
0.6150000     0.6429039
0.5830000     0.5988675
0.5600000     0.5921298
0.4470000     0.4261802
0.3360000     0.3158925
0.5840000     0.6103964
0.7900000     0.8632572
0.3120000     0.2948073
0.7010000     0.7758538
0.0400000     -0.0955325
0.7460000     0.8198171
0.7910000     0.8828619
0.4300000     0.4220695
0.0380000     -0.0910849
0.8050000     0.8952684
0.6790000     0.7348422
0.4840000     0.4937772
0.0500000     -0.0678265
0.5250000     0.5150480
0.1590000     0.0918445
0.6730000     0.7278860
0.0100000     -0.1404061
0.0200000     -0.0991031
0.7470000     0.8198658
1.1230000     1.2113864
0.3130000     0.2923831
0.7560000     0.8350064
0.5300000     0.5392898
0.3700000     0.3772314
0.2500000     0.2062995
0.5870000     0.6058754
0.2090000     0.1814507
0.5090000     0.5410164
0.4900000     0.4966533
0.6730000     0.7199677
0.4220000     0.4125135
0.2950000     0.2717330
0.0300000     -0.1169260
0.5230000     0.5279233
0.6700000     0.7130507
0.0200000     -0.1153663
0.7740000     0.8526829
0.0300000     -0.1053117
0.0420000     -0.0868396
0.5140000     0.5387868
0.3250000     0.3008249
0.1440000     0.0648462
0.3510000     0.3102527
0.0430000     -0.0803438
0.0500000     -0.0615634
0.6270000     0.6690203
0.5430000     0.5713704
0.0200000     -0.1089972
0.3250000     0.3245310
0.5920000     0.6073809
0.7150000     0.7856436
0.5840000     0.6084239
0.7010000     0.7516901
0.6520000     0.6994705
0.5140000     0.5199070
0.7410000     0.8007459
0.6660000     0.7198427
0.6340000     0.6812440
0.1370000     0.0455258
0.1220000     0.0197712
0.3760000     0.3783584
0.2210000     0.1774860
0.3910000     0.3827889
0.7300000     0.7943363
0.6260000     0.6554816
0.3310000     0.3118682
0.6930000     0.7592266
0.0700000     -0.0215333
0.6530000     0.6841146
0.7170000     0.7925082
0.0200000     -0.1310999
0.4990000     0.5104278
0.7180000     0.7653733
0.4680000     0.4598521
0.4960000     0.5301309
0.1530000     0.0700682
0.1550000     0.0810337
0.7530000     0.8310757
0.3160000     0.3121993
0.5190000     0.5345618
0.3570000     0.3607288
0.5230000     0.5447673
0.0850000     -0.0285267
0.0450000     -0.0837432
0.3080000     0.2755662
0.1240000     0.0400358
0.6560000     0.7045116
0.0100000     -0.1219441
0.7680000     0.8593251
0.3650000     0.3505429
0.1120000     0.0071296
0.5930000     0.6285866
0.7270000     0.7978076
0.5760000     0.6122772
0.3050000     0.2647961
0.0200000     -0.1209716
0.2760000     0.2576485
0.0200000     -0.1189001
0.7490000     0.8050162
0.0620000     -0.0619337
0.2910000     0.2777124
0.3910000     0.4045700
0.7990000     0.8841337
0.6410000     0.6641971
0.1910000     0.1270200
0.6490000     0.6919446
0.8100000     0.9042045
0.7870000     0.8738074
0.0200000     -0.1040964
0.5550000     0.5818840
0.2810000     0.2582802
0.7120000     0.7687010
0.1350000     0.0721238
0.0300000     -0.0915228
0.5360000     0.5412259
0.5310000     0.5403818
0.6460000     0.6928538
0.4490000     0.4358981
0.4860000     0.5118589
0.3530000     0.3223290
0.4930000     0.4883424
0.7210000     0.7855393
0.1690000     0.0898464
0.1400000     0.0599714
0.1770000     0.0957814
0.5240000     0.5396179
0.7780000     0.8659731
0.5420000     0.5567019
0.0200000     -0.1283897
1.2120000     1.2301451
0.3530000     0.3406333
0.6630000     0.7068225
0.6480000     0.7007959
0.1280000     0.0468399
0.7040000     0.7625006
0.4030000     0.4108208
0.4280000     0.4308078
0.2980000     0.2894266
0.4580000     0.4734168
0.4630000     0.4675199
0.5870000     0.6164806
0.3950000     0.4123898
0.7720000     0.8533539
0.1400000     0.0524381
0.5900000     0.6279433
0.0300000     -0.0738696
0.1960000     0.1556979
0.8080000     0.9039112
0.5450000     0.5741378
0.7250000     0.8040950
0.4920000     0.4855738
0.0200000     -0.1180028
0.5180000     0.5401366
0.1780000     0.0956044
0.0740000     -0.0508240
0.0780000     -0.0318081
0.5240000     0.5483369
0.7490000     0.8167254
0.7030000     0.7720614
0.1820000     0.1601701
0.7280000     0.7845176
0.0440000     -0.0796817
0.2460000     0.1878627
0.0520000     -0.0796712
0.2650000     0.2704124
0.7070000     0.7577845
0.4040000     0.4049872
0.5230000     0.5340205
0.1710000     0.1206825
0.7570000     0.8359978
0.4340000     0.4323721
0.7490000     0.8180523
0.3940000     0.3736931
0.2760000     0.2289359
0.3790000     0.3929309
0.6020000     0.6257023
0.8240000     0.9081795
0.6360000     0.6720192
0.0770000     -0.0381236
0.0200000     -0.1130508
0.1830000     0.1176762
0.4480000     0.4639640
0.2530000     0.2298346
0.4880000     0.5109885
0.2350000     0.1676110
0.0100000     -0.1277980
0.0590000     -0.0527078
0.5380000     0.5775045
0.4400000     0.4346504
0.2780000     0.2713448
0.6330000     0.6716598
0.5980000     0.6187646
0.6730000     0.7334245
0.6660000     0.7120795
0.4320000     0.4313191
0.5420000     0.5769067
0.2100000     0.1574934
0.4370000     0.4399765
0.7460000     0.8215646
0.5890000     0.6219546
0.6720000     0.7290231
0.5690000     0.5972799
0.4810000     0.4923561
0.8150000     0.9101636
0.1140000     0.0258656
0.1890000     0.1386896
0.5310000     0.5628068
0.1740000     0.0980923
0.6670000     0.7102889
0.4460000     0.4728603
0.6380000     0.6759043
0.6340000     0.6767058
0.4670000     0.4907706
0.2860000     0.2448287
0.0300000     -0.0989047
0.7060000     0.7638696
0.4770000     0.4667094
0.7580000     0.8229052
0.6310000     0.6721479
0.7340000     0.7979587
0.6840000     0.7380878
0.7240000     0.7851562
0.4900000     0.5137932
0.3910000     0.3595814
0.0480000     -0.0787244
0.6790000     0.7341081
0.7240000     0.7964424
0.7450000     0.8154629
0.5580000     0.5620765
0.6680000     0.6983947
0.6920000     0.7471167
0.3350000     0.3115573
0.1250000     0.0494770
0.0200000     -0.1185237
0.0620000     -0.0426369
0.4940000     0.5076022
0.2600000     0.2542943
0.3780000     0.3685444
0.7180000     0.7663362
0.1740000     0.1255577
0.7260000     0.7824198
0.0860000     -0.0094038
0.0890000     -0.0147772
0.0900000     -0.0001202
0.1080000     0.0254101
0.1120000     0.0397336
0.4340000     0.4319214
0.2060000     0.1541847
0.0400000     -0.0818217
0.6480000     0.6957412
0.1450000     0.0816104
0.3880000     0.3903457
0.7680000     0.8434575
0.7110000     0.7815225
0.5890000     0.6298990
0.0400000     -0.0629929
0.4480000     0.4529812
0.2080000     0.1486803
0.4000000     0.4158565
0.2530000     0.2265653
0.0490000     -0.0735199
0.5950000     0.6286389
0.1730000     0.1131510
0.6870000     0.7512985
0.5620000     0.5798133
0.5060000     0.5254046
0.5660000     0.5871087
0.7060000     0.7721432
0.4760000     0.4875010
0.7870000     0.8768392
0.5320000     0.5367683
0.0820000     -0.0059001
0.2240000     0.1624292
0.4950000     0.5035574
0.3530000     0.3630852
0.0700000     -0.0333683
0.4110000     0.4128745
0.3010000     0.2810039
0.5230000     0.5648256
0.5630000     0.5961486
0.8080000     0.8888965
0.5480000     0.5763530
0.2020000     0.1712891
0.3340000     0.3191140
0.2550000     0.2318476
0.4670000     0.4914228
0.6340000     0.6584996
0.6390000     0.6875625
0.6360000     0.6728851
0.0200000     -0.1137592
0.3240000     0.3193111
0.6210000     0.6627076
0.5950000     0.6339341
0.2340000     0.1931134
0.6230000     0.6657919
0.0930000     -0.0144674
0.5040000     0.5154778
0.6830000     0.7385199
0.5400000     0.5770693
0.6030000     0.6374317
0.4970000     0.5123882
0.6890000     0.7425113
0.4120000     0.3929685
0.0490000     -0.0737375
0.0700000     -0.0303160
0.0200000     -0.1315849
0.2370000     0.2041354
0.0420000     -0.0846918
0.2350000     0.1763723
0.6060000     0.6535624
0.5150000     0.5200006
0.6970000     0.7613304
0.6560000     0.6963608
0.2180000     0.1581767
0.7780000     0.8635352
0.1520000     0.1020971
0.4090000     0.4010209
0.2130000     0.1898535
0.6340000     0.6926568
0.3060000     0.2869518
0.3810000     0.3765308
0.7590000     0.8340635
0.7040000     0.7770226
0.5580000     0.5696720
0.4890000     0.4724639
0.3380000     0.3238049
0.5390000     0.5662889
0.5330000     0.5513589
0.6840000     0.7345846
0.4570000     0.4658912
0.4090000     0.3975015
0.0200000     -0.1286511
0.1990000     0.1534689
0.3590000     0.3616388
0.2700000     0.2598879
0.5330000     0.5615457
0.6550000     0.6885184
0.8150000     0.9083640
0.6680000     0.7230445
0.0830000     -0.0068682
0.4420000     0.4595172
0.7350000     0.7889316
0.4230000     0.4108021
0.6270000     0.6617622
0.4280000     0.4279802
0.3740000     0.3593769
0.1510000     0.0728330
0.7480000     0.8189801
0.1040000     0.0050060
0.6840000     0.7452270
0.5260000     0.5405751
0.4080000     0.4189507
0.6870000     0.7431023
0.4460000     0.4317494
0.0100000     -0.1279298
0.0470000     -0.0741316
0.3290000     0.3038686
0.5410000     0.5576593
