0.0300000     -0.0887173
0.1000000     -0.0440233
0.2000000     0.0232637
0.3000000     0.1213525
0.4100000     0.2538173
0.5100000     0.4116196
0.5800000     0.5722222
0.6500000     0.7122647
0.7000000     0.8205687
0.7300000     0.8983908
0.7700000     0.9524837
0.7900000     0.9898533
0.0200000     -0.0750319
0.0700000     -0.0221242
0.1400000     0.0581261
0.2100000     0.1743170
0.2800000     0.3265729
0.3500000     0.4978755
0.4300000     0.6593983
0.5200000     0.7895313
0.6000000     0.8835760
0.6600000     0.9477573
0.7100000     0.9907363
0.7500000     1.0196313
0.0700000     -0.0509683
0.2000000     0.0113533
0.3500000     0.1017928
0.4900000     0.2243618
0.5900000     0.3726738
0.6700000     0.5278977
0.7300000     0.6682305
0.7800000     0.7810044
0.8100000     0.8649954
0.8300000     0.9252134
0.8400000     0.9679084
0.8500000     0.9983279
0.0200000     -0.0669570
0.0900000     -0.0171017
0.1900000     0.0547624
0.3100000     0.1540433
0.4200000     0.2810560
0.4800000     0.4266500
0.5300000     0.5733182
0.5800000     0.7034962
0.6800000     0.8076610
0.7100000     0.8853444
0.7300000     0.9411063
0.7500000     0.9805886
0.0400000     -0.0366459
0.1300000     0.0356451
0.2600000     0.1427387
0.3900000     0.2888431
0.5000000     0.4619411
0.5900000     0.6329859
0.6600000     0.7744940
0.7100000     0.8770541
0.7500000     0.9461035
0.7800000     0.9913890
0.7900000     1.0211822
0.8100000     1.0411367
0.0100000     -0.1310175
0.0400000     -0.1072447
0.0900000     -0.0715137
0.1500000     -0.0174598
0.2200000     0.0630917
0.3000000     0.1772514
0.3700000     0.3241998
0.4300000     0.4887022
0.4900000     0.6455953
0.5400000     0.7748192
0.5800000     0.8704132
0.6200000     0.9368945
0.0300000     -0.0952623
0.0800000     -0.0586297
0.1600000     -0.0054507
0.2500000     0.0702057
0.3500000     0.1728508
0.4300000     0.3014146
0.4800000     0.4457789
0.5200000     0.5889022
0.5600000     0.7148223
0.6600000     0.8154033
0.6800000     0.8906321
0.7000000     0.9448829
0.0300000     -0.0626093
0.1000000     -0.0069126
0.2100000     0.0753486
0.3200000     0.1911071
0.4200000     0.3393728
0.5000000     0.5045770
0.5600000     0.6610178
0.6200000     0.7885715
0.6700000     0.8819100
0.7100000     0.9462103
0.7400000     0.9895186
0.7600000     1.0187232
0.0200000     -0.1523197
0.0500000     -0.1384729
0.1000000     -0.1184193
0.1500000     -0.0888863
0.2100000     -0.0449975
0.2700000     0.0198166
0.3200000     0.1125213
0.3800000     0.2364250
0.4300000     0.3852227
0.4800000     0.5412143
0.5200000     0.6831668
0.5600000     0.7975451
0.0200000     -0.0710015
0.0600000     -0.0181968
0.1400000     0.0617047
0.2300000     0.1775521
0.3400000     0.3302770
0.4400000     0.5035988
0.5400000     0.6679195
0.6200000     0.7998671
0.6800000     0.8940333
0.7200000     0.9571631
0.7600000     0.9986598
0.7900000     1.0261031
0.0400000     -0.0400951
0.0900000     0.0269208
0.2000000     0.1251652
0.3300000     0.2593843
0.4600000     0.4216522
0.5600000     0.5885785
0.6400000     0.7339920
0.7000000     0.8447428
0.7500000     0.9222324
0.7800000     0.9743564
0.8000000     1.0091441
0.8100000     1.0325984
0.0300000     -0.1023105
0.0700000     -0.0673133
0.1300000     -0.0153323
0.2100000     0.0610597
0.3000000     0.1688126
0.3800000     0.3086936
0.4600000     0.4686567
0.5200000     0.6255097
0.5800000     0.7580275
0.6300000     0.8578067
0.6800000     0.9278501
0.7100000     0.9755376
0.0300000     -0.0815263
0.0800000     -0.0359381
0.1500000     0.0320087
0.2400000     0.1304701
0.3300000     0.2637039
0.4100000     0.4241248
0.5000000     0.5894707
0.5700000     0.7341687
0.6400000     0.8447500
0.6900000     0.9221976
0.7300000     0.9742648
0.7500000     1.0089854
0.0200000     -0.0433219
0.0600000     0.0261531
0.1500000     0.1301669
0.2600000     0.2742069
0.3800000     0.4476313
0.5000000     0.6213171
0.5900000     0.7662889
0.6700000     0.8718278
0.7200000     0.9429582
0.7700000     0.9895564
0.8000000     1.0201424
0.8200000     1.0405707
0.0700000     0.0029695
0.1800000     0.0932959
0.3300000     0.2214152
0.4700000     0.3837513
0.5800000     0.5581732
0.6600000     0.7142094
0.7100000     0.8337783
0.7500000     0.9167730
0.7700000     0.9718504
0.7900000     1.0081177
0.8100000     1.0323008
0.8200000     1.0487776
0.0200000     -0.0922938
0.0700000     -0.0501537
0.1500000     0.0135842
0.2600000     0.1077481
0.3700000     0.2379141
0.4600000     0.3977032
0.5400000     0.5649120
0.6100000     0.7129834
0.6600000     0.8272892
0.7000000     0.9080532
0.7400000     0.9627560
0.7700000     0.9994580
0.0300000     -0.0957341
0.0800000     -0.0560629
0.1700000     0.0031132
0.2600000     0.0896742
0.3600000     0.2095517
0.4400000     0.3598385
0.5200000     0.5235451
0.5800000     0.6758084
0.6300000     0.7987045
0.6700000     0.8883312
0.7000000     0.9501141
0.7300000     0.9918312
0.0500000     -0.0683227
0.1400000     -0.0169607
0.2100000     0.0587243
0.3700000     0.1653826
0.4600000     0.3031240
0.5300000     0.4595444
0.5900000     0.6123974
0.6300000     0.7421404
0.6700000     0.8411966
0.6900000     0.9122110
0.7200000     0.9617792
0.7500000     0.9962879
0.0400000     -0.0224824
0.1000000     0.0538089
0.2200000     0.1646817
0.3700000     0.3122029
0.5100000     0.4824340
0.6100000     0.6473575
0.6900000     0.7827116
0.7400000     0.8810396
0.7600000     0.9477659
0.7800000     0.9919493
0.7900000     1.0212886
0.8000000     1.0411025
0.0200000     -0.1321084
0.0400000     -0.1099297
0.0900000     -0.0768662
0.1400000     -0.0270818
0.2100000     0.0471968
0.3000000     0.1534755
0.3800000     0.2928550
0.4600000     0.4529317
0.5200000     0.6100056
0.5800000     0.7429870
0.6300000     0.8438089
0.6600000     0.9154183
0.0200000     -0.0823646
0.0700000     -0.0364415
0.1600000     0.0329672
0.2600000     0.1348787
0.3600000     0.2736252
0.4500000     0.4395290
0.5300000     0.6071761
0.6000000     0.7502521
0.6500000     0.8572038
0.6900000     0.9309629
0.7200000     0.9801048
0.7500000     1.0127375
