0.0300000     0.1517582
0.1000000     0.2160740
0.2000000     0.2814572
0.3000000     0.3519186
0.4100000     0.4447972
0.5100000     0.5352756
0.5800000     0.5781277
0.6500000     0.6018295
0.7000000     0.6211330
0.7300000     0.6416113
0.7700000     0.6631910
0.7900000     0.6840435
0.0200000     0.1476463
0.0700000     0.2040071
0.1400000     0.2655770
0.2100000     0.3312832
0.2800000     0.4147160
0.3500000     0.5231028
0.4300000     0.5793396
0.5200000     0.6022092
0.6000000     0.6227651
0.6600000     0.6445436
0.7100000     0.6667622
0.7500000     0.6900889
0.0700000     0.1669155
0.2000000     0.2334330
0.3500000     0.3038462
0.4900000     0.3864315
0.5900000     0.5109104
0.6700000     0.5737172
0.7300000     0.6006946
0.7800000     0.6205829
0.8100000     0.6388220
0.8300000     0.6581826
0.8400000     0.6787249
0.8500000     0.6995178
0.0200000     0.1400628
0.0900000     0.1958434
0.1900000     0.2511144
0.3100000     0.3101658
0.4200000     0.3762191
0.4800000     0.4800017
0.5300000     0.5456120
0.5800000     0.5755061
0.6800000     0.5952806
0.7100000     0.6163797
0.7300000     0.6356477
0.7500000     0.6552781
0.0400000     0.1787114
0.1300000     0.2379630
0.2600000     0.2990090
0.3900000     0.3581556
0.5000000     0.4532010
0.5900000     0.5494978
0.6600000     0.5861194
0.7100000     0.6098430
0.7500000     0.6338391
0.7800000     0.6572327
0.7900000     0.6794898
0.8100000     0.7010870
0.0100000     0.0994114
0.0400000     0.1555767
0.0900000     0.2103329
0.1500000     0.2654079
0.2200000     0.3203528
0.3000000     0.3786938
0.3700000     0.4388127
0.4300000     0.4975302
0.4900000     0.5398054
0.5400000     0.5708900
0.5800000     0.5971463
0.6200000     0.6209397
0.0300000     0.1331382
0.0800000     0.1882939
0.1600000     0.2450073
0.2500000     0.3014720
0.3500000     0.3626008
0.4300000     0.4487998
0.4800000     0.5293410
0.5200000     0.5593037
0.5600000     0.5808833
0.6600000     0.6020827
0.6800000     0.6242844
0.7000000     0.6451416
0.0300000     0.1779412
0.1000000     0.2362113
0.2100000     0.2912101
0.3200000     0.3433602
0.4200000     0.4237067
0.5000000     0.5235890
0.5600000     0.5741158
0.6200000     0.6003779
0.6700000     0.6255065
0.7100000     0.6469246
0.7400000     0.6674167
0.7600000     0.6885046
0.0200000     0.0587435
0.0500000     0.1194226
0.1000000     0.1801241
0.1500000     0.2367917
0.2100000     0.2898555
0.2700000     0.3443538
0.3200000     0.3928913
0.3800000     0.4473647
0.4300000     0.4937560
0.4800000     0.5249521
0.5200000     0.5556226
0.5600000     0.5784542
0.0200000     0.1435006
0.0600000     0.1998375
0.1400000     0.2611997
0.2300000     0.3259059
0.3400000     0.4131503
0.4400000     0.5141079
0.5400000     0.5592644
0.6200000     0.5899845
0.6800000     0.6150584
0.7200000     0.6379155
0.7600000     0.6583552
0.7900000     0.6784779
0.0400000     0.1639518
0.0900000     0.2246331
0.2000000     0.2866720
0.3300000     0.3498539
0.4600000     0.4567622
0.5600000     0.5424919
0.6400000     0.5798541
0.7000000     0.6027222
0.7500000     0.6254330
0.7800000     0.6484936
0.8000000     0.6712192
0.8100000     0.6924682
0.0300000     0.1044296
0.0700000     0.1636150
0.1300000     0.2245307
0.2100000     0.2869790
0.3000000     0.3492617
0.3800000     0.4060871
0.4600000     0.4708443
0.5200000     0.5384883
0.5800000     0.5736345
0.6300000     0.5965616
0.6800000     0.6199856
0.7100000     0.6400434
0.0300000     0.1316569
0.0800000     0.1890407
0.1500000     0.2479759
0.2400000     0.3083363
0.3300000     0.3712462
0.4100000     0.4646713
0.5000000     0.5365889
0.5700000     0.5697217
0.6400000     0.5950903
0.6900000     0.6171098
0.7300000     0.6381825
0.7500000     0.6587139
0.0200000     0.1422570
0.0600000     0.2018740
0.1500000     0.2628741
0.2600000     0.3325931
0.3800000     0.4263067
0.5000000     0.5527486
0.5900000     0.5976718
0.6700000     0.6200272
0.7200000     0.6418312
0.7700000     0.6651044
0.8000000     0.6875174
0.8200000     0.7110751
0.0700000     0.1911425
0.1800000     0.2541214
0.3300000     0.3203190
0.4700000     0.4028256
0.5800000     0.5147210
0.6600000     0.5784437
0.7100000     0.6045837
0.7500000     0.6261913
0.7700000     0.6480029
0.7900000     0.6707067
0.8100000     0.6926409
0.8200000     0.7148281
0.0200000     0.1180856
0.0700000     0.1782315
0.1500000     0.2394645
0.2600000     0.2986640
0.3700000     0.3610182
0.4600000     0.4364021
0.5400000     0.5483506
0.6100000     0.5915483
0.6600000     0.6159894
0.7000000     0.6370770
0.7400000     0.6595368
0.7700000     0.6827928
0.0300000     0.1132760
0.0800000     0.1744553
0.1700000     0.2386879
0.2600000     0.3034326
0.3600000     0.3719697
0.4400000     0.4616640
0.5200000     0.5628006
0.5800000     0.5954660
0.6300000     0.6176696
0.6700000     0.6381750
0.7000000     0.6582574
0.7300000     0.6820592
0.0500000     0.1724356
0.1400000     0.2314095
0.2100000     0.2926056
0.3700000     0.3598199
0.4600000     0.4606052
0.5300000     0.5344963
0.5900000     0.5668581
0.6300000     0.5864332
0.6700000     0.6055325
0.6900000     0.6261141
0.7200000     0.6464183
0.7500000     0.6661348
0.0400000     0.1893688
0.1000000     0.2482279
0.2200000     0.3110759
0.3700000     0.3827891
0.5100000     0.4814083
0.6100000     0.5582489
0.6900000     0.5978272
0.7400000     0.6221384
0.7600000     0.6456602
0.7800000     0.6674387
0.7900000     0.6878305
0.8000000     0.7076160
0.0200000     0.1007139
0.0400000     0.1568892
0.0900000     0.2123403
0.1400000     0.2675807
0.2100000     0.3211995
0.3000000     0.3810926
0.3800000     0.4456696
0.4600000     0.5054710
0.5200000     0.5481123
0.5800000     0.5753312
0.6300000     0.5980293
0.6600000     0.6159896
0.0200000     0.1526300
0.0700000     0.2083844
0.1600000     0.2669733
0.2600000     0.3298239
0.3600000     0.3874068
0.4500000     0.4617305
0.5300000     0.5425236
0.6000000     0.5765153
0.6500000     0.5981047
0.6900000     0.6205037
0.7200000     0.6434013
0.7500000     0.6656565
