0.0300000     0.1776881
0.1000000     0.2201464
0.2000000     0.2650684
0.3000000     0.3142680
0.4100000     0.3996269
0.5100000     0.5244234
0.5800000     0.5690958
0.6500000     0.6000687
0.7000000     0.6246183
0.7300000     0.6479122
0.7700000     0.6688722
0.7900000     0.6890494
0.0200000     0.1880905
0.0700000     0.2288283
0.1400000     0.2692543
0.2100000     0.3072773
0.2800000     0.3677744
0.3500000     0.4824634
0.4300000     0.5553002
0.5200000     0.5911486
0.6000000     0.6189264
0.6600000     0.6459974
0.7100000     0.6714709
0.7500000     0.6945833
0.0700000     0.1913819
0.2000000     0.2416102
0.3500000     0.2924258
0.4900000     0.3492156
0.5900000     0.4950199
0.6700000     0.5678847
0.7300000     0.6092001
0.7800000     0.6359763
0.8100000     0.6580744
0.8300000     0.6792810
0.8400000     0.6991793
0.8500000     0.7191762
0.0200000     0.1692916
0.0900000     0.2104249
0.1900000     0.2553781
0.3100000     0.3058705
0.4200000     0.3777441
0.4800000     0.4847209
0.5300000     0.5492027
0.5800000     0.5733447
0.6800000     0.5972979
0.7100000     0.6220087
0.7300000     0.6442558
0.7500000     0.6663069
0.0400000     0.1999151
0.1300000     0.2444534
0.2600000     0.2914141
0.3900000     0.3383072
0.5000000     0.4710541
0.5900000     0.5622359
0.6600000     0.6026067
0.7100000     0.6296986
0.7500000     0.6530294
0.7800000     0.6771233
0.7900000     0.7009302
0.8100000     0.7247714
0.0100000     0.1445788
0.0400000     0.1826600
0.0900000     0.2208455
0.1500000     0.2593392
0.2200000     0.2992341
0.3000000     0.3337466
0.3700000     0.4154985
0.4300000     0.4815966
0.4900000     0.5203768
0.5400000     0.5496635
0.5800000     0.5758140
0.6200000     0.6048250
0.0300000     0.1671297
0.0800000     0.2045672
0.1600000     0.2457889
0.2500000     0.2895657
0.3500000     0.3436412
0.4300000     0.4150131
0.4800000     0.4735461
0.5200000     0.5166965
0.5600000     0.5439060
0.6600000     0.5709082
0.6800000     0.5978136
0.7000000     0.6262735
0.0300000     0.1907890
0.1000000     0.2337163
0.2100000     0.2794147
0.3200000     0.3239295
0.4200000     0.4315005
0.5000000     0.5307593
0.5600000     0.5762267
0.6200000     0.6045656
0.6700000     0.6340077
0.7100000     0.6593320
0.7400000     0.6834552
0.7600000     0.7060001
0.0200000     0.1296043
0.0500000     0.1679443
0.1000000     0.2060658
0.1500000     0.2431714
0.2100000     0.2800230
0.2700000     0.3137923
0.3200000     0.3542843
0.3800000     0.4142600
0.4300000     0.4692537
0.4800000     0.5057846
0.5200000     0.5181676
0.5600000     0.5329624
0.0200000     0.1797049
0.0600000     0.2144661
0.1400000     0.2503110
0.2300000     0.2867160
0.3400000     0.3347654
0.4400000     0.4772289
0.5400000     0.5654960
0.6200000     0.6007810
0.6800000     0.6283910
0.7200000     0.6551825
0.7600000     0.6785945
0.7900000     0.7001774
0.0400000     0.1913027
0.0900000     0.2305094
0.2000000     0.2703876
0.3300000     0.3105592
0.4600000     0.4083637
0.5600000     0.5414329
0.6400000     0.5966381
0.7000000     0.6265966
0.7500000     0.6550357
0.7800000     0.6792502
0.8000000     0.7015772
0.8100000     0.7212664
0.0300000     0.1498376
0.0700000     0.1835764
0.1300000     0.2177342
0.2100000     0.2554542
0.3000000     0.2959453
0.3800000     0.3458305
0.4600000     0.4553961
0.5200000     0.5150056
0.5800000     0.5650042
0.6300000     0.5956323
0.6800000     0.6259768
0.7100000     0.6544560
0.0300000     0.1731078
0.0800000     0.2092574
0.1500000     0.2447271
0.2400000     0.2811070
0.3300000     0.3273838
0.4100000     0.4256130
0.5000000     0.5252684
0.5700000     0.5753481
0.6400000     0.6095809
0.6900000     0.6358479
0.7300000     0.6608918
0.7500000     0.6842256
0.0200000     0.1966880
0.0600000     0.2371008
0.1500000     0.2806590
0.2600000     0.3233626
0.3800000     0.4218006
0.5000000     0.5314150
0.5900000     0.5852692
0.6700000     0.6164490
0.7200000     0.6448159
0.7700000     0.6707457
0.8000000     0.6965270
0.8200000     0.7198334
0.0700000     0.2019140
0.1800000     0.2434427
0.3300000     0.2891606
0.4700000     0.3654982
0.5800000     0.5203061
0.6600000     0.5697761
0.7100000     0.6026198
0.7500000     0.6305264
0.7700000     0.6600844
0.7900000     0.6875162
0.8100000     0.7128405
0.8200000     0.7370342
0.0200000     0.1730540
0.0700000     0.2155484
0.1500000     0.2574120
0.2600000     0.2973275
0.3700000     0.3382316
0.4600000     0.4485432
0.5400000     0.5292162
0.6100000     0.5755764
0.6600000     0.6017941
0.7000000     0.6239607
0.7400000     0.6471645
0.7700000     0.6686248
0.0300000     0.1664495
0.0800000     0.2065135
0.1700000     0.2497852
0.2600000     0.2969556
0.3600000     0.3447035
0.4400000     0.4744888
0.5200000     0.5454643
0.5800000     0.5792129
0.6300000     0.5981611
0.6700000     0.6201845
0.7000000     0.6414309
0.7300000     0.6599573
0.0500000     0.2110916
0.1400000     0.2520384
0.2100000     0.2971834
0.3700000     0.3379264
0.4600000     0.4230242
0.5300000     0.5089951
0.5900000     0.5524046
0.6300000     0.5758365
0.6700000     0.6006465
0.6900000     0.6243081
0.7200000     0.6486537
0.7500000     0.6689597
0.0400000     0.2074587
0.1000000     0.2517887
0.2200000     0.2957819
0.3700000     0.3409902
0.5100000     0.5007236
0.6100000     0.5763112
0.6900000     0.6127393
0.7400000     0.6406123
0.7600000     0.6676326
0.7800000     0.6938404
0.7900000     0.7187682
0.8000000     0.7390070
0.0200000     0.1564632
0.0400000     0.1896429
0.0900000     0.2225105
0.1400000     0.2561653
0.2100000     0.2917711
0.3000000     0.3234247
0.3800000     0.3687067
0.4600000     0.4351684
0.5200000     0.4952937
0.5800000     0.5487697
0.6300000     0.5788424
0.6600000     0.6075051
0.0200000     0.1747492
0.0700000     0.2089240
0.1600000     0.2477135
0.2600000     0.2913191
0.3600000     0.3345191
0.4500000     0.4566675
0.5300000     0.5635380
0.6000000     0.6012609
0.6500000     0.6213924
0.6900000     0.6483499
0.7200000     0.6768385
0.7500000     0.7035125
