0.0300000     -0.2645518
0.1000000     -0.2226969
0.2000000     -0.1384943
0.3000000     0.0215199
0.4100000     0.2638004
0.5100000     0.5306456
0.5800000     0.7428685
0.6500000     0.8746254
0.7000000     0.9493876
0.7300000     0.9932950
0.7700000     1.0206758
0.7900000     1.0385336
0.0200000     -0.2639203
0.0700000     -0.2167405
0.1400000     -0.1218296
0.2100000     0.0540287
0.2800000     0.3119317
0.3500000     0.5964465
0.4300000     0.8159984
0.5200000     0.9404844
0.6000000     1.0033870
0.6600000     1.0366435
0.7100000     1.0555494
0.7500000     1.0667956
0.0700000     -0.2252664
0.2000000     -0.1538469
0.3500000     -0.0173002
0.4900000     0.1998524
0.5900000     0.4553130
0.6700000     0.6704580
0.7300000     0.8119977
0.7800000     0.8969909
0.8100000     0.9485946
0.8300000     0.9820309
0.8400000     1.0048904
0.8500000     1.0211446
0.0200000     -0.2365060
0.0900000     -0.1923212
0.1900000     -0.1191332
0.3100000     0.0036822
0.4200000     0.1970353
0.4800000     0.4393610
0.5300000     0.6608231
0.5800000     0.8174242
0.6800000     0.9184610
0.7100000     0.9805813
0.7300000     1.0162737
0.7500000     1.0369108
0.0400000     -0.2456955
0.1300000     -0.1858228
0.2600000     -0.0593501
0.3900000     0.1784343
0.5000000     0.4670135
0.5900000     0.7050807
0.6600000     0.8628281
0.7100000     0.9596854
0.7500000     1.0157511
0.7800000     1.0467774
0.7900000     1.0640228
0.8100000     1.0735552
0.0100000     -0.3151777
0.0400000     -0.3022172
0.0900000     -0.2787272
0.1500000     -0.2321748
0.2200000     -0.1360801
0.3000000     0.0515034
0.3700000     0.3488759
0.4300000     0.6666976
0.4900000     0.8823241
0.5400000     0.9874495
0.5800000     1.0341733
0.6200000     1.0564458
0.0300000     -0.2617916
0.0800000     -0.2276126
0.1600000     -0.1684594
0.2500000     -0.0610164
0.3500000     0.1186417
0.4300000     0.3540071
0.4800000     0.5814434
0.5200000     0.7533177
0.5600000     0.8734180
0.6600000     0.9529341
0.6800000     0.9990156
0.7000000     1.0236936
0.0300000     -0.2350922
0.1000000     -0.1763242
0.2100000     -0.0753874
0.3200000     0.0938702
0.4200000     0.3385641
0.5000000     0.5867741
0.5600000     0.7709249
0.6200000     0.8926857
0.6700000     0.9686643
0.7100000     1.0102825
0.7400000     1.0329561
0.7600000     1.0468485
0.0200000     -0.3302182
0.0500000     -0.3205017
0.1000000     -0.3042333
0.1500000     -0.2758552
0.2100000     -0.2242675
0.2700000     -0.1269772
0.3200000     0.0509746
0.3800000     0.3202634
0.4300000     0.6151011
0.4800000     0.8384679
0.5200000     0.9647301
0.5600000     1.0249779
0.0200000     -0.2922238
0.0600000     -0.2502405
0.1400000     -0.1626616
0.2300000     0.0095143
0.3400000     0.2683975
0.4400000     0.5430189
0.5400000     0.7583092
0.6200000     0.8903136
0.6800000     0.9566058
0.7200000     0.9890369
0.7600000     1.0068083
0.7900000     1.0179437
0.0400000     -0.2700816
0.0900000     -0.2066869
0.2000000     -0.0848722
0.3300000     0.1246363
0.4600000     0.4018546
0.5600000     0.6512061
0.6400000     0.8152920
0.7000000     0.9101193
0.7500000     0.9610562
0.7800000     0.9889854
0.8000000     1.0057948
0.8100000     1.0169718
0.0300000     -0.2770482
0.0700000     -0.2506753
0.1300000     -0.2054215
0.2100000     -0.1260470
0.3000000     0.0072596
0.3800000     0.2013748
0.4600000     0.4285857
0.5200000     0.6454733
0.5800000     0.8139595
0.6300000     0.9121355
0.6800000     0.9617301
0.7100000     0.9887705
0.0300000     -0.2696171
0.0800000     -0.2312436
0.1500000     -0.1616601
0.2400000     -0.0378199
0.3300000     0.1532921
0.4100000     0.3816029
0.5000000     0.6028615
0.5700000     0.7853398
0.6400000     0.9020830
0.6900000     0.9621609
0.7300000     0.9927452
0.7500000     1.0100474
0.0200000     -0.2800863
0.0600000     -0.2308444
0.1500000     -0.1239445
0.2600000     0.1038591
0.3800000     0.4632300
0.5000000     0.7867430
0.5900000     0.9649545
0.6700000     1.0393844
0.7200000     1.0677187
0.7700000     1.0790242
0.8000000     1.0839714
0.8200000     1.0863206
0.0700000     -0.2407728
0.1800000     -0.1673222
0.3300000     -0.0229332
0.4700000     0.2243247
0.5800000     0.5336986
0.6600000     0.7978393
0.7100000     0.9521886
0.7500000     1.0204787
0.7700000     1.0492383
0.7900000     1.0620905
0.8100000     1.0682472
0.8200000     1.0714054
0.0200000     -0.3051483
0.0700000     -0.2765323
0.1500000     -0.2205912
0.2600000     -0.1081837
0.3700000     0.1065485
0.4600000     0.4230403
0.5400000     0.7207820
0.6100000     0.9048376
0.6600000     0.9914510
0.7000000     1.0291629
0.7400000     1.0469139
0.7700000     1.0566716
0.0300000     -0.2855557
0.0800000     -0.2428750
0.1700000     -0.1624232
0.2600000     -0.0194815
0.3600000     0.2037495
0.4400000     0.4747109
0.5200000     0.7137989
0.5800000     0.8749083
0.6300000     0.9649032
0.6700000     1.0112748
0.7000000     1.0349422
0.7300000     1.0475335
0.0500000     -0.2843562
0.1400000     -0.2297233
0.2100000     -0.1206317
0.3700000     0.0750974
0.4600000     0.3510557
0.5300000     0.6303170
0.5900000     0.8287064
0.6300000     0.9398034
0.6700000     0.9973641
0.6900000     1.0282693
0.7200000     1.0459913
0.7500000     1.0565764
0.0400000     -0.2512341
0.1000000     -0.1742632
0.2200000     -0.0332314
0.3700000     0.2078734
0.5100000     0.5271885
0.6100000     0.8028979
0.6900000     0.9561357
0.7400000     1.0235769
0.7600000     1.0529547
0.7800000     1.0665365
0.7900000     1.0731968
0.8000000     1.0766686
0.0200000     -0.2919788
0.0400000     -0.2648128
0.0900000     -0.2221491
0.1400000     -0.1554251
0.2100000     -0.0541840
0.3000000     0.0911491
0.3800000     0.2863724
0.4600000     0.5208923
0.5200000     0.7421751
0.5800000     0.8898408
0.6300000     0.9694699
0.6600000     1.0114864
0.0200000     -0.2737702
0.0700000     -0.2201666
0.1600000     -0.1249528
0.2600000     0.0369157
0.3600000     0.2682600
0.4500000     0.5358757
0.5300000     0.7733464
0.6000000     0.9196242
0.6500000     0.9935047
0.6900000     1.0298944
0.7200000     1.0486662
0.7500000     1.0588908
