0.0300000     0.1808458
0.1000000     0.2126676
0.2000000     0.2463337
0.3000000     0.2841097
0.4100000     0.3885654
0.5100000     0.5202211
0.5800000     0.5681035
0.6500000     0.5947032
0.7000000     0.6203873
0.7300000     0.6468091
0.7700000     0.6729316
0.7900000     0.6994581
0.0200000     0.1816565
0.0700000     0.2123545
0.1400000     0.2482588
0.2100000     0.2892850
0.2800000     0.3795859
0.3500000     0.4926715
0.4300000     0.5504034
0.5200000     0.5950845
0.6000000     0.6280444
0.6600000     0.6611019
0.7100000     0.6952205
0.7500000     0.7290136
0.0700000     0.1946694
0.2000000     0.2308840
0.3500000     0.2698528
0.4900000     0.3437113
0.5900000     0.4746844
0.6700000     0.5549348
0.7300000     0.5907932
0.7800000     0.6172006
0.8100000     0.6430866
0.8300000     0.6691142
0.8400000     0.6963789
0.8500000     0.7252226
0.0200000     0.1715670
0.0900000     0.2049913
0.1900000     0.2411808
0.3100000     0.2813627
0.4200000     0.3449717
0.4800000     0.4728603
0.5300000     0.5264922
0.5800000     0.5440231
0.6800000     0.5637212
0.7100000     0.5856326
0.7300000     0.6099340
0.7500000     0.6354469
0.0400000     0.1791892
0.1300000     0.2146806
0.2600000     0.2545641
0.3900000     0.3064030
0.5000000     0.4301880
0.5900000     0.5284867
0.6600000     0.5597333
0.7100000     0.5866123
0.7500000     0.6157564
0.7800000     0.6492423
0.7900000     0.6842288
0.8100000     0.7202663
0.0100000     0.1414290
0.0400000     0.1722942
0.0900000     0.2037692
0.1500000     0.2346935
0.2200000     0.2676674
0.3000000     0.3111730
0.3700000     0.3880909
0.4300000     0.4713519
0.4900000     0.5109688
0.5400000     0.5376208
0.5800000     0.5613165
0.6200000     0.5930061
0.0300000     0.1527834
0.0800000     0.1871000
0.1600000     0.2221799
0.2500000     0.2616956
0.3500000     0.3060717
0.4300000     0.4092055
0.4800000     0.4791254
0.5200000     0.5247465
0.5600000     0.5459534
0.6600000     0.5637750
0.6800000     0.5806031
0.7000000     0.5985245
0.0300000     0.1658634
0.1000000     0.2036050
0.2100000     0.2449080
0.3200000     0.2926918
0.4200000     0.3969864
0.5000000     0.4998851
0.5600000     0.5432985
0.6200000     0.5703920
0.6700000     0.5969319
0.7100000     0.6229182
0.7400000     0.6515707
0.7600000     0.6818070
0.0200000     0.1176031
0.0500000     0.1479367
0.1000000     0.1784710
0.1500000     0.2088835
0.2100000     0.2407403
0.2700000     0.2743380
0.3200000     0.3200027
0.3800000     0.3846159
0.4300000     0.4513103
0.4800000     0.5062076
0.5200000     0.5364083
0.5600000     0.5530608
0.0200000     0.1571619
0.0600000     0.1889111
0.1400000     0.2228172
0.2300000     0.2634121
0.3400000     0.3193608
0.4400000     0.4614618
0.5400000     0.5496086
0.6200000     0.5802326
0.6800000     0.6061481
0.7200000     0.6350127
0.7600000     0.6639315
0.7900000     0.6921972
0.0400000     0.1737931
0.0900000     0.2066213
0.2000000     0.2431955
0.3300000     0.2925879
0.4600000     0.3940173
0.5600000     0.5248891
0.6400000     0.5796151
0.7000000     0.6068590
0.7500000     0.6328238
0.7800000     0.6606951
0.8000000     0.6898447
0.8100000     0.7196481
0.0300000     0.1403928
0.0700000     0.1742307
0.1300000     0.2082019
0.2100000     0.2434015
0.3000000     0.2834983
0.3800000     0.3401563
0.4600000     0.4521683
0.5200000     0.5209653
0.5800000     0.5612233
0.6300000     0.5946069
0.6800000     0.6244642
0.7100000     0.6517796
0.0300000     0.1424876
0.0800000     0.1765935
0.1500000     0.2115534
0.2400000     0.2512605
0.3300000     0.2932378
0.4100000     0.3930410
0.5000000     0.5074853
0.5700000     0.5563546
0.6400000     0.5868486
0.6900000     0.6164214
0.7300000     0.6456621
0.7500000     0.6746855
0.0200000     0.1845623
0.0600000     0.2205108
0.1500000     0.2586473
0.2600000     0.3002458
0.3800000     0.4223627
0.5000000     0.5261447
0.5900000     0.5724281
0.6700000     0.6069272
0.7200000     0.6404637
0.7700000     0.6747947
0.8000000     0.7090375
0.8200000     0.7440599
0.0700000     0.1992071
0.1800000     0.2430654
0.3300000     0.2932307
0.4700000     0.4081772
0.5800000     0.5299494
0.6600000     0.5714633
0.7100000     0.6064087
0.7500000     0.6401382
0.7700000     0.6733222
0.7900000     0.7049500
0.8100000     0.7357221
0.8200000     0.7687199
0.0200000     0.1609736
0.0700000     0.1912620
0.1500000     0.2235404
0.2600000     0.2565451
0.3700000     0.3049259
0.4600000     0.4110724
0.5400000     0.5109850
0.6100000     0.5498017
0.6600000     0.5815442
0.7000000     0.6158907
0.7400000     0.6465877
0.7700000     0.6786328
0.0300000     0.1560718
0.0800000     0.1887782
0.1700000     0.2231539
0.2600000     0.2617757
0.3600000     0.3116282
0.4400000     0.4489686
0.5200000     0.5243612
0.5800000     0.5561936
0.6300000     0.5878925
0.6700000     0.6181150
0.7000000     0.6489171
0.7300000     0.6809357
0.0500000     0.1590577
0.1400000     0.1943018
0.2100000     0.2397759
0.3700000     0.2896261
0.4600000     0.4017627
0.5300000     0.5256895
0.5900000     0.5526659
0.6300000     0.5712141
0.6700000     0.5926936
0.6900000     0.6136448
0.7200000     0.6403363
0.7500000     0.6692704
0.0400000     0.1845835
0.1000000     0.2214671
0.2200000     0.2680930
0.3700000     0.3359801
0.5100000     0.4859627
0.6100000     0.5437115
0.6900000     0.5724751
0.7400000     0.6020436
0.7600000     0.6342932
0.7800000     0.6664919
0.7900000     0.6973722
0.8000000     0.7299746
0.0200000     0.1303052
0.0400000     0.1596954
0.0900000     0.1892892
0.1400000     0.2219306
0.2100000     0.2612406
0.3000000     0.3050646
0.3800000     0.3852500
0.4600000     0.4567321
0.5200000     0.5068973
0.5800000     0.5355784
0.6300000     0.5601805
0.6600000     0.5884883
0.0200000     0.1620574
0.0700000     0.1954506
0.1600000     0.2285442
0.2600000     0.2684920
0.3600000     0.3181262
0.4500000     0.4444151
0.5300000     0.5238605
0.6000000     0.5567002
0.6500000     0.5868386
0.6900000     0.6182535
0.7200000     0.6510319
0.7500000     0.6846461
