0.0300000     0.1519742
0.1000000     0.1768413
0.2000000     0.2027193
0.3000000     0.2294281
0.4100000     0.3404810
0.5100000     0.5437487
0.5800000     0.6058786
0.6500000     0.6340729
0.7000000     0.6555601
0.7300000     0.6807328
0.7700000     0.7051953
0.7900000     0.7291495
0.0200000     0.1540580
0.0700000     0.1778963
0.1400000     0.2031451
0.2100000     0.2295949
0.2800000     0.3308184
0.3500000     0.5010689
0.4300000     0.5898082
0.5200000     0.6283401
0.6000000     0.6547418
0.6600000     0.6820403
0.7100000     0.7106197
0.7500000     0.7386303
0.0700000     0.1580174
0.2000000     0.1843398
0.3500000     0.2121220
0.4900000     0.2554719
0.5900000     0.4697623
0.6700000     0.6019691
0.7300000     0.6376879
0.7800000     0.6634603
0.8100000     0.6867573
0.8300000     0.7101205
0.8400000     0.7322519
0.8500000     0.7545607
0.0200000     0.1564261
0.0900000     0.1823172
0.1900000     0.2085577
0.3100000     0.2333496
0.4200000     0.3667603
0.4800000     0.5109534
0.5300000     0.5692220
0.5800000     0.6024824
0.6800000     0.6325036
0.7100000     0.6594037
0.7300000     0.6865461
0.7500000     0.7144428
0.0400000     0.1723826
0.1300000     0.1960976
0.2600000     0.2210965
0.3900000     0.2920181
0.5000000     0.4944529
0.5900000     0.5936313
0.6600000     0.6340173
0.7100000     0.6641725
0.7500000     0.6922280
0.7800000     0.7202871
0.7900000     0.7484404
0.8100000     0.7759786
0.0100000     0.1321654
0.0400000     0.1558652
0.0900000     0.1797175
0.1500000     0.2039135
0.2200000     0.2289297
0.3000000     0.2771181
0.3700000     0.4038754
0.4300000     0.4793205
0.4900000     0.5446423
0.5400000     0.5793083
0.5800000     0.6162856
0.6200000     0.6477647
0.0300000     0.1501506
0.0800000     0.1755867
0.1600000     0.2020568
0.2500000     0.2290125
0.3500000     0.2908788
0.4300000     0.4517288
0.4800000     0.5285573
0.5200000     0.5716616
0.5600000     0.6014551
0.6600000     0.6298209
0.6800000     0.6574718
0.7000000     0.6856662
0.0300000     0.1653324
0.1000000     0.1894093
0.2100000     0.2151581
0.3200000     0.2526209
0.4200000     0.4436617
0.5000000     0.5729905
0.5600000     0.6087337
0.6200000     0.6377215
0.6700000     0.6675844
0.7100000     0.6968876
0.7400000     0.7255808
0.7600000     0.7529646
0.0200000     0.1156154
0.0500000     0.1396121
0.1000000     0.1641393
0.1500000     0.1887763
0.2100000     0.2149453
0.2700000     0.2377485
0.3200000     0.2880114
0.3800000     0.3980414
0.4300000     0.4670129
0.4800000     0.5065198
0.5200000     0.5441287
0.5600000     0.5765015
0.0200000     0.1529156
0.0600000     0.1766692
0.1400000     0.2007785
0.2300000     0.2256957
0.3400000     0.3173825
0.4400000     0.5245296
0.5400000     0.6040059
0.6200000     0.6354149
0.6800000     0.6610582
0.7200000     0.6882256
0.7600000     0.7142609
0.7900000     0.7420502
0.0400000     0.1570222
0.0900000     0.1810128
0.2000000     0.2052364
0.3300000     0.2333682
0.4600000     0.3970655
0.5600000     0.5830915
0.6400000     0.6330658
0.7000000     0.6641942
0.7500000     0.6907325
0.7800000     0.7158846
0.8000000     0.7407956
0.8100000     0.7667774
0.0300000     0.1483634
0.0700000     0.1726813
0.1300000     0.1978912
0.2100000     0.2245342
0.3000000     0.2442270
0.3800000     0.3791160
0.4600000     0.4949881
0.5200000     0.5540022
0.5800000     0.5960298
0.6300000     0.6283281
0.6800000     0.6558437
0.7100000     0.6833071
0.0300000     0.1548147
0.0800000     0.1781811
0.1500000     0.2019313
0.2400000     0.2283708
0.3300000     0.2765518
0.4100000     0.4429671
0.5000000     0.5448843
0.5700000     0.6010571
0.6400000     0.6299857
0.6900000     0.6567147
0.7300000     0.6852198
0.7500000     0.7130662
0.0200000     0.1599271
0.0600000     0.1842413
0.1500000     0.2085971
0.2600000     0.2379861
0.3800000     0.4036188
0.5000000     0.5656742
0.5900000     0.6335672
0.6700000     0.6677902
0.7200000     0.6974469
0.7700000     0.7274196
0.8000000     0.7574122
0.8200000     0.7874155
0.0700000     0.1830361
0.1800000     0.2095084
0.3300000     0.2421512
0.4700000     0.4375001
0.5800000     0.6034685
0.6600000     0.6513062
0.7100000     0.6762543
0.7500000     0.7024053
0.7700000     0.7291984
0.7900000     0.7562605
0.8100000     0.7834331
0.8200000     0.8107474
0.0200000     0.1569595
0.0700000     0.1809593
0.1500000     0.2050926
0.2600000     0.2301564
0.3700000     0.2907867
0.4600000     0.4913100
0.5400000     0.5727817
0.6100000     0.6066062
0.6600000     0.6341106
0.7000000     0.6638799
0.7400000     0.6929082
0.7700000     0.7204266
0.0300000     0.1566759
0.0800000     0.1808146
0.1700000     0.2052332
0.2600000     0.2305637
0.3600000     0.2961236
0.4400000     0.4866374
0.5200000     0.5751446
0.5800000     0.6160533
0.6300000     0.6418153
0.6700000     0.6693094
0.7000000     0.6984655
0.7300000     0.7281998
0.0500000     0.1599137
0.1400000     0.1853652
0.2100000     0.2126444
0.3700000     0.2622553
0.4600000     0.4766961
0.5300000     0.5877513
0.5900000     0.6283638
0.6300000     0.6549235
0.6700000     0.6736761
0.6900000     0.6945980
0.7200000     0.7198309
0.7500000     0.7458735
0.0400000     0.1685416
0.1000000     0.1935304
0.2200000     0.2197661
0.3700000     0.3217242
0.5100000     0.5517884
0.6100000     0.6397741
0.6900000     0.6739689
0.7400000     0.6991469
0.7600000     0.7225908
0.7800000     0.7477670
0.7900000     0.7739100
0.8000000     0.8016487
0.0200000     0.1228450
0.0400000     0.1466638
0.0900000     0.1708763
0.1400000     0.1948104
0.2100000     0.2187938
0.3000000     0.2545204
0.3800000     0.3865831
0.4600000     0.5130658
0.5200000     0.5719097
0.5800000     0.6064596
0.6300000     0.6337650
0.6600000     0.6600071
0.0200000     0.1480781
0.0700000     0.1711505
0.1600000     0.1943506
0.2600000     0.2185542
0.3600000     0.2593241
0.4500000     0.4784731
0.5300000     0.6071013
0.6000000     0.6384857
0.6500000     0.6643700
0.6900000     0.6871691
0.7200000     0.7123084
0.7500000     0.7406549
