0.0200000     0.1881871
0.0700000     0.2043671
0.1400000     0.2212425
0.2100000     0.2410978
0.2800000     0.2655389
0.3500000     0.3134000
0.4300000     0.3888970
0.5200000     0.4597940
0.6000000     0.5153213
0.6600000     0.5535597
0.7100000     0.5866558
0.7500000     0.6212751
0.0400000     0.1955664
0.1300000     0.2132697
0.2600000     0.2338447
0.3900000     0.2693264
0.5000000     0.3427398
0.5900000     0.4350377
0.6600000     0.4800037
0.7100000     0.5065450
0.7500000     0.5364963
0.7800000     0.5675571
0.7900000     0.5993092
0.8100000     0.6309012
0.0300000     0.1725307
0.0800000     0.1872785
0.1600000     0.2055158
0.2500000     0.2275244
0.3500000     0.2622396
0.4300000     0.3212703
0.4800000     0.3989926
0.5200000     0.4476928
0.5600000     0.4807249
0.6600000     0.4996713
0.6800000     0.5190004
0.7000000     0.5388326
0.0300000     0.1790143
0.1000000     0.1952298
0.2100000     0.2169316
0.3200000     0.2470267
0.4200000     0.2998807
0.5000000     0.3807184
0.5600000     0.4497015
0.6200000     0.4861096
0.6700000     0.5141369
0.7100000     0.5439471
0.7400000     0.5765697
0.7600000     0.6084713
0.0300000     0.1734351
0.0900000     0.1911569
0.1900000     0.2152097
0.3100000     0.2433508
0.4100000     0.2868287
0.5000000     0.3358921
0.5600000     0.4034816
0.6000000     0.4466683
0.6300000     0.4861563
0.6500000     0.5100684
0.6700000     0.5372571
0.7500000     0.5657685
0.0300000     0.1758516
0.0900000     0.1924375
0.1700000     0.2099043
0.2700000     0.2315805
0.3600000     0.2790080
0.4700000     0.3773499
0.5600000     0.4725527
0.6300000     0.5162836
0.6800000     0.5438197
0.7300000     0.5716760
0.7700000     0.6011522
0.7900000     0.6306765
0.0600000     0.1802894
0.1500000     0.1976594
0.2600000     0.2192381
0.3800000     0.2535644
0.4900000     0.3230403
0.5800000     0.4326250
0.6500000     0.5070719
0.7100000     0.5392520
0.7500000     0.5667362
0.7800000     0.5956203
0.8000000     0.6259450
0.8200000     0.6560202
0.0200000     0.1726524
0.0700000     0.1930167
0.1600000     0.2176756
0.2800000     0.2500420
0.3900000     0.2940019
0.4900000     0.3764530
0.5700000     0.4674005
0.6400000     0.5177990
0.6900000     0.5511163
0.7300000     0.5850318
0.7600000     0.6156073
0.7800000     0.6482261
0.0100000     0.1623175
0.0400000     0.1757830
0.0900000     0.1899109
0.1500000     0.2033841
0.2100000     0.2178046
0.2800000     0.2414453
0.3400000     0.2766245
0.4000000     0.3254750
0.4500000     0.3648259
0.5000000     0.3979331
0.5500000     0.4544216
0.5900000     0.5080967
0.0300000     0.1653158
0.0700000     0.1791484
0.1300000     0.1948414
0.2100000     0.2120157
0.3000000     0.2342000
0.3800000     0.2779879
0.4600000     0.3662342
0.5200000     0.4522384
0.5800000     0.5103462
0.6300000     0.5424209
0.6800000     0.5729508
0.7100000     0.6043484
0.0200000     0.1538806
0.0500000     0.1676198
0.0900000     0.1806116
0.1500000     0.1943297
0.2200000     0.2077106
0.2800000     0.2230901
0.3300000     0.2457267
0.3800000     0.2752767
0.4300000     0.3037827
0.4700000     0.3333459
0.5000000     0.3796016
0.5400000     0.4326387
0.0300000     0.1581938
0.0600000     0.1728604
0.1200000     0.1874333
0.2000000     0.2024374
0.2800000     0.2212300
0.3600000     0.2501071
0.4300000     0.2890452
0.4900000     0.3538997
0.5500000     0.4233863
0.6000000     0.4833096
0.6500000     0.5298028
0.6800000     0.5592533
0.0400000     0.1759355
0.1400000     0.1964895
0.2700000     0.2254991
0.4000000     0.2675390
0.5200000     0.3401332
0.6000000     0.4512302
0.6700000     0.5049595
0.7200000     0.5312591
0.7600000     0.5569161
0.7900000     0.5898172
0.8100000     0.6239003
0.8300000     0.6560382
0.0300000     0.1772495
0.0500000     0.1919874
0.0900000     0.2070733
0.1500000     0.2245547
0.2200000     0.2537874
0.2900000     0.3048324
0.3500000     0.3485563
0.4100000     0.4086536
0.4600000     0.4642505
0.5100000     0.5021749
0.5500000     0.5391030
0.5800000     0.5748488
0.0500000     0.1879678
0.1500000     0.2076719
0.2900000     0.2349765
0.4200000     0.2813291
0.5300000     0.3652651
0.6100000     0.4694746
0.6700000     0.5189254
0.7100000     0.5510908
0.7200000     0.5872710
0.7300000     0.6206899
0.7300000     0.6563273
0.7300000     0.6921362
0.0800000     0.1757196
0.2000000     0.1974796
0.3400000     0.2212190
0.4200000     0.2499239
0.4900000     0.3100435
0.6400000     0.4116745
0.6800000     0.4703094
0.7200000     0.4901932
0.7500000     0.5133687
0.7700000     0.5363854
0.7900000     0.5640244
0.8100000     0.5953414
0.0200000     0.1702523
0.0700000     0.1864398
0.1500000     0.2068215
0.2600000     0.2353352
0.3700000     0.2828979
0.4600000     0.3717361
0.5400000     0.4656710
0.6100000     0.4993362
0.6600000     0.5260964
0.7000000     0.5566674
0.7400000     0.5910398
0.7700000     0.6288176
0.0200000     0.1725256
0.0500000     0.1861936
0.1100000     0.2015634
0.2000000     0.2203690
0.3000000     0.2422536
0.3900000     0.2814401
0.4800000     0.3336555
0.5500000     0.4055814
0.6100000     0.4568280
0.6600000     0.4997550
0.6800000     0.5337116
0.7000000     0.5670633
0.0100000     0.1655115
0.0300000     0.1785486
0.0700000     0.1915757
0.1200000     0.2071709
0.1800000     0.2281355
0.2400000     0.2575623
0.2900000     0.3012260
0.3400000     0.3606090
0.3900000     0.4155835
0.4400000     0.4589871
0.4800000     0.5071683
0.5200000     0.5379212
0.0200000     0.1803971
0.0600000     0.1933412
0.1400000     0.2108437
0.2500000     0.2385438
0.3700000     0.2825438
0.4700000     0.3356007
0.5300000     0.4219305
0.5800000     0.4716999
0.6200000     0.4947833
0.7300000     0.5183206
0.7500000     0.5421959
0.7700000     0.5659388
0.0200000     0.1877193
0.0600000     0.2005039
0.1200000     0.2142441
0.2200000     0.2338149
0.3300000     0.2663145
0.4300000     0.3146895
0.5200000     0.4112459
0.6000000     0.4786716
0.6600000     0.5108324
0.7000000     0.5419083
0.7300000     0.5676252
0.7600000     0.5928386
