0.0200000     0.2175724
0.0700000     0.2280899
0.1400000     0.2395952
0.2100000     0.2554578
0.2800000     0.2734935
0.3500000     0.2994838
0.4300000     0.3679331
0.5200000     0.4561943
0.6000000     0.5153804
0.6600000     0.5606180
0.7100000     0.6093201
0.7500000     0.6592815
0.0400000     0.2242647
0.1300000     0.2350557
0.2600000     0.2496737
0.3900000     0.2699162
0.5000000     0.2943161
0.5900000     0.3486008
0.6600000     0.4361759
0.7100000     0.4980322
0.7500000     0.5495235
0.7800000     0.5976467
0.7900000     0.6455746
0.8100000     0.6952152
0.0300000     0.2223341
0.0800000     0.2314306
0.1600000     0.2417490
0.2500000     0.2530685
0.3500000     0.2685740
0.4300000     0.2872297
0.4800000     0.3289244
0.5200000     0.3787078
0.5600000     0.4401603
0.6600000     0.4958278
0.6800000     0.5373772
0.7000000     0.5768859
0.0300000     0.2222570
0.1000000     0.2318065
0.2100000     0.2454477
0.3200000     0.2603480
0.4200000     0.2816996
0.5000000     0.3097766
0.5600000     0.3655099
0.6200000     0.4436580
0.6700000     0.5017434
0.7100000     0.5501468
0.7400000     0.6001090
0.7600000     0.6495298
0.0300000     0.2430312
0.0900000     0.2506324
0.1900000     0.2566309
0.3100000     0.2628244
0.4100000     0.2704591
0.5000000     0.2846159
0.5600000     0.3099012
0.6000000     0.3462106
0.6300000     0.3964983
0.6500000     0.4338013
0.6700000     0.4586786
0.7500000     0.4923365
0.0300000     0.2140035
0.0900000     0.2270975
0.1700000     0.2414634
0.2700000     0.2568452
0.3600000     0.2849710
0.4700000     0.3481309
0.5600000     0.4258226
0.6300000     0.4733592
0.6800000     0.5117586
0.7300000     0.5438576
0.7700000     0.5796701
0.7900000     0.6155028
0.0600000     0.2258596
0.1500000     0.2396530
0.2600000     0.2598334
0.3800000     0.2828629
0.4900000     0.3245116
0.5800000     0.3935402
0.6500000     0.4518660
0.7100000     0.4999493
0.7500000     0.5366031
0.7800000     0.5712965
0.8000000     0.6081057
0.8200000     0.6468877
0.0200000     0.2327267
0.0700000     0.2451037
0.1600000     0.2593038
0.2800000     0.2706882
0.3900000     0.2847419
0.4900000     0.3093964
0.5700000     0.3420788
0.6400000     0.3916294
0.6900000     0.4485997
0.7300000     0.4896148
0.7600000     0.5395143
0.7800000     0.5893029
0.0100000     0.2032683
0.0400000     0.2133805
0.0900000     0.2221242
0.1500000     0.2316687
0.2100000     0.2431606
0.2800000     0.2571689
0.3400000     0.2709115
0.4000000     0.2889251
0.4500000     0.3215144
0.5000000     0.3672055
0.5500000     0.4221189
0.5900000     0.4684595
0.0300000     0.1979523
0.0700000     0.2092209
0.1300000     0.2219237
0.2100000     0.2361421
0.3000000     0.2539446
0.3800000     0.2777325
0.4600000     0.3209644
0.5200000     0.3897356
0.5800000     0.4451906
0.6300000     0.4899887
0.6800000     0.5275099
0.7100000     0.5635158
0.0200000     0.1989080
0.0500000     0.2085312
0.0900000     0.2181588
0.1500000     0.2274490
0.2200000     0.2368952
0.2800000     0.2494595
0.3300000     0.2629428
0.3800000     0.2734430
0.4300000     0.2932273
0.4700000     0.3310153
0.5000000     0.3712181
0.5400000     0.4169654
0.0300000     0.1938051
0.0600000     0.2039015
0.1200000     0.2148165
0.2000000     0.2274707
0.2800000     0.2446013
0.3600000     0.2634875
0.4300000     0.2868629
0.4900000     0.3241226
0.5500000     0.3688476
0.6000000     0.4168853
0.6500000     0.4657711
0.6800000     0.5052822
0.0400000     0.2063863
0.1400000     0.2255697
0.2700000     0.2474936
0.4000000     0.2824340
0.5200000     0.3467152
0.6000000     0.4093271
0.6700000     0.4644198
0.7200000     0.5042286
0.7600000     0.5453537
0.7900000     0.5856948
0.8100000     0.6288645
0.8300000     0.6719803
0.0300000     0.2175774
0.0500000     0.2262336
0.0900000     0.2361020
0.1500000     0.2469999
0.2200000     0.2595747
0.2900000     0.2889748
0.3500000     0.3219845
0.4100000     0.3730352
0.4600000     0.4319969
0.5100000     0.4835086
0.5500000     0.5366347
0.5800000     0.5877813
0.0500000     0.2234300
0.1500000     0.2410851
0.2900000     0.2659683
0.4200000     0.2982056
0.5300000     0.3434610
0.6100000     0.4013386
0.6700000     0.4580463
0.7100000     0.5096681
0.7200000     0.5567346
0.7300000     0.6122490
0.7300000     0.6641138
0.7300000     0.7146305
0.0800000     0.2225883
0.2000000     0.2322107
0.3400000     0.2451655
0.4200000     0.2647733
0.4900000     0.2983788
0.6400000     0.3608446
0.6800000     0.4294498
0.7200000     0.4820297
0.7500000     0.5131975
0.7700000     0.5451244
0.7900000     0.5857268
0.8100000     0.6273254
0.0200000     0.1929552
0.0700000     0.2087143
0.1500000     0.2282298
0.2600000     0.2503378
0.3700000     0.2821009
0.4600000     0.3374943
0.5400000     0.4177073
0.6100000     0.4746121
0.6600000     0.5106700
0.7000000     0.5482463
0.7400000     0.5867237
0.7700000     0.6302158
0.0200000     0.2100713
0.0500000     0.2199532
0.1100000     0.2298592
0.2000000     0.2388112
0.3000000     0.2511252
0.3900000     0.2664287
0.4800000     0.2992884
0.5500000     0.3727171
0.6100000     0.4465658
0.6600000     0.4970348
0.6800000     0.5421230
0.7000000     0.5907398
0.0100000     0.2048514
0.0300000     0.2156119
0.0700000     0.2264337
0.1200000     0.2359520
0.1800000     0.2455895
0.2400000     0.2573107
0.2900000     0.2730325
0.3400000     0.3004587
0.3900000     0.3485905
0.4400000     0.4131542
0.4800000     0.4755482
0.5200000     0.5292525
0.0200000     0.2194050
0.0600000     0.2282033
0.1400000     0.2376928
0.2500000     0.2446180
0.3700000     0.2530656
0.4700000     0.2772517
0.5300000     0.3164745
0.5800000     0.3734918
0.6200000     0.4237170
0.7300000     0.4536541
0.7500000     0.4985852
0.7700000     0.5457505
0.0200000     0.2248554
0.0600000     0.2352082
0.1200000     0.2467986
0.2200000     0.2603846
0.3300000     0.2789379
0.4300000     0.3076862
0.5200000     0.3616449
0.6000000     0.4417109
0.6600000     0.4982558
0.7000000     0.5500961
0.7300000     0.5992036
0.7600000     0.6501648
