0.0200000     -0.1411176
0.0700000     -0.0855338
0.1400000     -0.0043485
0.2100000     0.1099818
0.2800000     0.2590573
0.3500000     0.4313659
0.4300000     0.6029500
0.5200000     0.7503777
0.6000000     0.8630300
0.6600000     0.9429583
0.7100000     0.9977472
0.7500000     1.0350721
0.0400000     -0.0810046
0.1300000     0.0001896
0.2600000     0.1151839
0.3900000     0.2662800
0.5000000     0.4417905
0.5900000     0.6161948
0.6600000     0.7646534
0.7100000     0.8766927
0.7500000     0.9552871
0.7800000     1.0086474
0.7900000     1.0446545
0.8100000     1.0691721
0.0300000     -0.1940157
0.0800000     -0.1628812
0.1600000     -0.1171011
0.2500000     -0.0497086
0.3500000     0.0471911
0.4300000     0.1783235
0.4800000     0.3382359
0.5200000     0.5080225
0.5600000     0.6637127
0.6600000     0.7897700
0.6800000     0.8835166
0.7000000     0.9501252
0.0300000     -0.1252587
0.1000000     -0.0633811
0.2100000     0.0266162
0.3200000     0.1518736
0.4200000     0.3113724
0.5000000     0.4890208
0.5600000     0.6579784
0.6200000     0.7967495
0.6700000     0.8991632
0.7100000     0.9703134
0.7400000     1.0185806
0.7600000     1.0512925
0.0300000     -0.1203470
0.0900000     -0.0576689
0.1900000     0.0315114
0.3100000     0.1524531
0.4100000     0.3029851
0.5000000     0.4689847
0.5600000     0.6282954
0.6000000     0.7625176
0.6300000     0.8648999
0.6500000     0.9384074
0.6700000     0.9898093
0.7500000     1.0256611
0.0300000     -0.1549689
0.0900000     -0.1045054
0.1700000     -0.0293104
0.2700000     0.0799710
0.3600000     0.2283462
0.4700000     0.4069351
0.5600000     0.5897319
0.6300000     0.7477601
0.6800000     0.8669540
0.7300000     0.9495808
0.7700000     1.0047998
0.7900000     1.0415527
0.0600000     -0.1229857
0.1500000     -0.0590703
0.2600000     0.0338925
0.3800000     0.1627254
0.4900000     0.3252123
0.5800000     0.5036460
0.6500000     0.6706699
0.7100000     0.8058802
0.7500000     0.9045446
0.7800000     0.9725776
0.8000000     1.0185907
0.8200000     1.0498339
0.0200000     -0.0351082
0.0700000     0.0488191
0.1600000     0.1617820
0.2800000     0.3046510
0.3900000     0.4677469
0.4900000     0.6305253
0.5700000     0.7715910
0.6400000     0.8801633
0.6900000     0.9573774
0.7300000     1.0101511
0.7600000     1.0458356
0.7800000     1.0701293
0.0100000     -0.2229940
0.0400000     -0.2014009
0.0900000     -0.1699240
0.1500000     -0.1234813
0.2100000     -0.0550486
0.2800000     0.0433207
0.3400000     0.1765326
0.4000000     0.3395062
0.4500000     0.5133822
0.5000000     0.6732675
0.5500000     0.8023431
0.5900000     0.8974220
0.0300000     -0.1747671
0.0700000     -0.1354463
0.1300000     -0.0772340
0.2100000     0.0084293
0.3000000     0.1298029
0.3800000     0.2879710
0.4600000     0.4684364
0.5200000     0.6432655
0.5800000     0.7879350
0.6300000     0.8942416
0.6800000     0.9671820
0.7100000     1.0159271
0.0200000     -0.2295554
0.0500000     -0.2116877
0.0900000     -0.1862197
0.1500000     -0.1494487
0.2200000     -0.0961571
0.2800000     -0.0198588
0.3300000     0.0854241
0.3800000     0.2209861
0.4300000     0.3785314
0.4700000     0.5400775
0.5000000     0.6858783
0.5400000     0.8039187
0.0300000     -0.1908118
0.0600000     -0.1593562
0.1200000     -0.1135893
0.2000000     -0.0469053
0.2800000     0.0482474
0.3600000     0.1768450
0.4300000     0.3349542
0.4900000     0.5057101
0.5500000     0.6653543
0.6000000     0.7962763
0.6500000     0.8937294
0.6800000     0.9622585
0.0400000     -0.1336960
0.1400000     -0.0705133
0.2700000     0.0232472
0.4000000     0.1555294
0.5200000     0.3242083
0.6000000     0.5094638
0.6700000     0.6809784
0.7200000     0.8173317
0.7600000     0.9148774
0.7900000     0.9809642
0.8100000     1.0250521
0.8300000     1.0547051
0.0300000     -0.1796725
0.0500000     -0.1360281
0.0900000     -0.0709716
0.1500000     0.0238716
0.2200000     0.1544450
0.2900000     0.3171156
0.3500000     0.4938872
0.4100000     0.6591201
0.4600000     0.7940950
0.5100000     0.8940755
0.5500000     0.9640751
0.5800000     1.0119922
0.0500000     -0.0526691
0.1500000     0.0449491
0.2900000     0.1788236
0.4200000     0.3449830
0.5300000     0.5243307
0.6100000     0.6899090
0.6700000     0.8227497
0.7100000     0.9190834
0.7200000     0.9851047
0.7300000     1.0294338
0.7300000     1.0592821
0.7300000     1.0796924
0.0800000     -0.1372940
0.2000000     -0.0749913
0.3400000     0.0167043
0.4200000     0.1450464
0.4900000     0.3082463
0.6400000     0.4888605
0.6800000     0.6592921
0.7200000     0.7982320
0.7500000     0.8999949
0.7700000     0.9701092
0.7900000     1.0172967
0.8100000     1.0490892
0.0200000     -0.1409628
0.0700000     -0.0866460
0.1500000     -0.0069557
0.2600000     0.1063682
0.3700000     0.2559653
0.4600000     0.4306819
0.5400000     0.6053834
0.6100000     0.7550019
0.6600000     0.8683791
0.7000000     0.9480011
0.7400000     1.0020283
0.7700000     1.0384893
0.0200000     -0.2008150
0.0500000     -0.1671259
0.1100000     -0.1164619
0.2000000     -0.0406185
0.3000000     0.0691623
0.3900000     0.2165876
0.4800000     0.3921125
0.5500000     0.5714960
0.6100000     0.7284165
0.6600000     0.8492960
0.6800000     0.9350271
0.7000000     0.9934337
0.0100000     -0.2102532
0.0300000     -0.1835818
0.0700000     -0.1446802
0.1200000     -0.0876694
0.1800000     -0.0052028
0.2400000     0.1092605
0.2900000     0.2561693
0.3400000     0.4241534
0.3900000     0.5913261
0.4400000     0.7363462
0.4800000     0.8488973
0.5200000     0.9300929
0.0200000     -0.1501387
0.0600000     -0.1005752
0.1400000     -0.0279939
0.2500000     0.0754526
0.3700000     0.2135782
0.4700000     0.3789285
0.5300000     0.5504293
0.5800000     0.7034398
0.6200000     0.8237264
0.7300000     0.9106618
0.7500000     0.9709384
0.7700000     1.0123240
0.0200000     -0.1366751
0.0600000     -0.0844837
0.1200000     -0.0099795
0.2200000     0.0933160
0.3300000     0.2279029
0.4300000     0.3867064
0.5200000     0.5515363
0.6000000     0.7008795
0.6600000     0.8211097
0.7000000     0.9101051
0.7300000     0.9729360
0.7600000     1.0165162
