0.0200000     -0.1889958
0.0700000     -0.1767821
0.1400000     -0.1488507
0.2100000     -0.0839022
0.2800000     0.0632340
0.3500000     0.3442453
0.4300000     0.6901286
0.5200000     0.9210666
0.6000000     1.0068328
0.6600000     1.0327995
0.7100000     1.0412513
0.7500000     1.0445005
0.0400000     -0.1808191
0.1300000     -0.1577244
0.2600000     -0.0935973
0.3900000     0.0860192
0.5000000     0.4395995
0.5900000     0.7920889
0.6600000     0.9604844
0.7100000     1.0160410
0.7500000     1.0342032
0.7800000     1.0409040
0.7900000     1.0437549
0.8100000     1.0451145
0.0300000     -0.1993019
0.0800000     -0.1955553
0.1600000     -0.1882761
0.2500000     -0.1722268
0.3500000     -0.1313308
0.4300000     -0.0194526
0.4800000     0.2335503
0.5200000     0.5610933
0.5600000     0.8171238
0.6600000     0.9438430
0.6800000     0.9914325
0.7000000     1.0107142
0.0300000     -0.1890945
0.1000000     -0.1772185
0.2100000     -0.1452475
0.3200000     -0.0444085
0.4200000     0.2105551
0.5000000     0.5684009
0.5600000     0.8275082
0.6200000     0.9508598
0.6700000     1.0050240
0.7100000     1.0272518
0.7400000     1.0364631
0.7600000     1.0407145
0.0300000     -0.1902180
0.0900000     -0.1761787
0.1900000     -0.1377375
0.3100000     -0.0348779
0.4100000     0.1821515
0.5000000     0.4895189
0.5600000     0.7552944
0.6000000     0.9071800
0.6300000     0.9776218
0.6500000     1.0096862
0.6700000     1.0242578
0.7500000     1.0313555
0.0300000     -0.1909288
0.0900000     -0.1812901
0.1700000     -0.1579637
0.2700000     -0.0966599
0.3600000     0.0483993
0.4700000     0.3427798
0.5600000     0.7229172
0.6300000     0.9466861
0.6800000     1.0166394
0.7300000     1.0361017
0.7700000     1.0427247
0.7900000     1.0454737
0.0600000     -0.1812951
0.1500000     -0.1577927
0.2600000     -0.1015250
0.3800000     0.0221037
0.4900000     0.2770817
0.5800000     0.6238498
0.6500000     0.8758372
0.7100000     0.9848404
0.7500000     1.0227063
0.7800000     1.0362585
0.8000000     1.0419760
0.8200000     1.0447569
0.0200000     -0.1764500
0.0700000     -0.1545934
0.1600000     -0.0965193
0.2800000     0.0642006
0.3900000     0.4065653
0.4900000     0.7758906
0.5700000     0.9521443
0.6400000     1.0087522
0.6900000     1.0289640
0.7300000     1.0374810
0.7600000     1.0415343
0.7800000     1.0436457
0.0100000     -0.2032004
0.0400000     -0.2019395
0.0900000     -0.1991380
0.1500000     -0.1917323
0.2100000     -0.1685656
0.2800000     -0.0962063
0.3400000     0.0682538
0.4000000     0.2966458
0.4500000     0.5338423
0.5000000     0.7487451
0.5500000     0.9002910
0.5900000     0.9801911
0.0300000     -0.1911432
0.0700000     -0.1847608
0.1300000     -0.1705352
0.2100000     -0.1334047
0.3000000     -0.0354072
0.3800000     0.1824916
0.4600000     0.5038484
0.5200000     0.7836111
0.5800000     0.9434254
0.6300000     1.0115309
0.6800000     1.0347469
0.7100000     1.0427457
0.0200000     -0.2032451
0.0500000     -0.2023390
0.0900000     -0.2004679
0.1500000     -0.1962053
0.2200000     -0.1855728
0.2800000     -0.1572158
0.3300000     -0.0806696
0.3800000     0.1010721
0.4300000     0.3617135
0.4700000     0.5895092
0.5000000     0.7629755
0.5400000     0.8889368
0.0300000     -0.1954755
0.0600000     -0.1923869
0.1200000     -0.1857579
0.2000000     -0.1678746
0.2800000     -0.1135233
0.3600000     0.0309852
0.4300000     0.2878820
0.4900000     0.5772003
0.5500000     0.7964814
0.6000000     0.9276352
0.6500000     0.9957705
0.6800000     1.0245740
0.0400000     -0.1916583
0.1400000     -0.1817759
0.2700000     -0.1567233
0.4000000     -0.0763984
0.5200000     0.1962306
0.6000000     0.6138614
0.6700000     0.8753666
0.7200000     0.9831614
0.7600000     1.0209768
0.7900000     1.0351963
0.8100000     1.0411545
0.8300000     1.0439200
0.0300000     -0.1986879
0.0500000     -0.1937378
0.0900000     -0.1820364
0.1500000     -0.1488590
0.2200000     -0.0481089
0.2900000     0.1908016
0.3500000     0.5409501
0.4100000     0.8154552
0.4600000     0.9502857
0.5100000     1.0036032
0.5500000     1.0241446
0.5800000     1.0332340
0.0500000     -0.1579722
0.1500000     -0.1009926
0.2900000     0.0528728
0.4200000     0.3447902
0.5300000     0.6882552
0.6100000     0.8976015
0.6700000     0.9825203
0.7100000     1.0181319
0.7200000     1.0337720
0.7300000     1.0407500
0.7300000     1.0440880
0.7300000     1.0458530
0.0800000     -0.1958090
0.2000000     -0.1843912
0.3400000     -0.1498275
0.4200000     -0.0375072
0.4900000     0.2459722
0.6400000     0.6252472
0.6800000     0.8488210
0.7200000     0.9364305
0.7500000     0.9781976
0.7700000     1.0020665
0.7900000     1.0164219
0.8100000     1.0254149
0.0200000     -0.1921325
0.0700000     -0.1842998
0.1500000     -0.1651349
0.2600000     -0.1117270
0.3700000     0.0404063
0.4600000     0.3576543
0.5400000     0.7152566
0.6100000     0.9215859
0.6600000     1.0006857
0.7000000     1.0282270
0.7400000     1.0385962
0.7700000     1.0430139
0.0200000     -0.2036804
0.0500000     -0.2020657
0.1100000     -0.1982506
0.2000000     -0.1876741
0.3000000     -0.1490586
0.3900000     0.0226819
0.4800000     0.4517917
0.5500000     0.7856042
0.6100000     0.9293083
0.6600000     0.9920528
0.6800000     1.0201504
0.7000000     1.0327092
0.0100000     -0.2032411
0.0300000     -0.2017072
0.0700000     -0.1986204
0.1200000     -0.1916938
0.1800000     -0.1731747
0.2400000     -0.1162644
0.2900000     0.0480744
0.3400000     0.3755424
0.3900000     0.6996291
0.4400000     0.8743397
0.4800000     0.9593620
0.5200000     1.0020208
0.0200000     -0.1976546
0.0600000     -0.1920862
0.1400000     -0.1772276
0.2500000     -0.1275947
0.3700000     0.0290731
0.4700000     0.3247129
0.5300000     0.6560495
0.5800000     0.8754916
0.6200000     0.9674498
0.7300000     1.0037986
0.7500000     1.0197359
0.7700000     1.0274742
0.0200000     -0.1883080
0.0600000     -0.1802136
0.1200000     -0.1604317
0.2200000     -0.1012788
0.3300000     0.0743127
0.4300000     0.4091305
0.5200000     0.7583605
0.6000000     0.9361436
0.6600000     0.9989976
0.7000000     1.0223354
0.7300000     1.0323046
0.7600000     1.0371528
