0.0200000     0.1276226
0.0700000     0.1473695
0.1400000     0.1671941
0.2100000     0.2035106
0.2800000     0.2876361
0.3500000     0.3718891
0.4300000     0.4430678
0.5200000     0.5009000
0.6000000     0.5658075
0.6600000     0.6176273
0.7100000     0.6537683
0.7500000     0.6794369
0.0400000     0.1488720
0.1300000     0.1676903
0.2600000     0.2388481
0.3900000     0.3725213
0.5000000     0.4790825
0.5900000     0.5517212
0.6600000     0.6055200
0.7100000     0.6357007
0.7500000     0.6567075
0.7800000     0.6790278
0.7900000     0.7014067
0.8100000     0.7237856
0.0300000     0.1284329
0.0800000     0.1483910
0.1600000     0.1691358
0.2500000     0.2124778
0.3500000     0.3211226
0.4300000     0.4217289
0.4800000     0.4771114
0.5200000     0.5066565
0.5600000     0.5624418
0.6600000     0.6123875
0.6800000     0.6295389
0.7000000     0.6459510
0.0300000     0.1428066
0.1000000     0.1605539
0.2100000     0.1848054
0.3200000     0.3051431
0.4200000     0.4038760
0.5000000     0.4736345
0.5600000     0.5405811
0.6200000     0.5892148
0.6700000     0.6247492
0.7100000     0.6483847
0.7400000     0.6697541
0.7600000     0.6912817
0.0300000     0.1426953
0.0900000     0.1613548
0.1900000     0.1902204
0.3100000     0.3005743
0.4100000     0.4040218
0.5000000     0.4782276
0.5600000     0.5412721
0.6000000     0.5829886
0.6300000     0.6106650
0.6500000     0.6246993
0.6700000     0.6414394
0.7500000     0.6602800
0.0300000     0.1322827
0.0900000     0.1506643
0.1700000     0.1695363
0.2700000     0.2518796
0.3600000     0.3540726
0.4700000     0.4592166
0.5600000     0.5242121
0.6300000     0.5824410
0.6800000     0.6289591
0.7300000     0.6555842
0.7700000     0.6777948
0.7900000     0.7003999
0.0600000     0.1361423
0.1500000     0.1560054
0.2600000     0.1800003
0.3800000     0.3446475
0.4900000     0.4626877
0.5800000     0.5399955
0.6500000     0.5956750
0.7100000     0.6423140
0.7500000     0.6674637
0.7800000     0.6892984
0.8000000     0.7115498
0.8200000     0.7337054
0.0200000     0.1431722
0.0700000     0.1581628
0.1600000     0.1758331
0.2800000     0.2857288
0.3900000     0.4050239
0.4900000     0.4868834
0.5700000     0.5481375
0.6400000     0.6067987
0.6900000     0.6315221
0.7300000     0.6539354
0.7600000     0.6745464
0.7800000     0.6952263
0.0100000     0.1146700
0.0400000     0.1345311
0.0900000     0.1542909
0.1500000     0.1743560
0.2100000     0.2162962
0.2800000     0.2863863
0.3400000     0.3381625
0.4000000     0.4066052
0.4500000     0.4546238
0.5000000     0.4970291
0.5500000     0.5367406
0.5900000     0.5662223
0.0300000     0.1291963
0.0700000     0.1464876
0.1300000     0.1630393
0.2100000     0.1926558
0.3000000     0.3076583
0.3800000     0.3817720
0.4600000     0.4505080
0.5200000     0.4946433
0.5800000     0.5457907
0.6300000     0.5964392
0.6800000     0.6293352
0.7100000     0.6504707
0.0200000     0.1103588
0.0500000     0.1295036
0.0900000     0.1482650
0.1500000     0.1675373
0.2200000     0.1935673
0.2800000     0.2770036
0.3300000     0.3213437
0.3800000     0.3800490
0.4300000     0.4198120
0.4700000     0.4596376
0.5000000     0.4901573
0.5400000     0.5182912
0.0300000     0.1214618
0.0600000     0.1392616
0.1200000     0.1567294
0.2000000     0.1757690
0.2800000     0.2655928
0.3600000     0.3389434
0.4300000     0.4186783
0.4900000     0.4772017
0.5500000     0.5085836
0.6000000     0.5485665
0.6500000     0.5904235
0.6800000     0.6227130
0.0400000     0.1420410
0.1400000     0.1624567
0.2700000     0.2329101
0.4000000     0.4150152
0.5200000     0.5037071
0.6000000     0.5728893
0.6700000     0.6262773
0.7200000     0.6551775
0.7600000     0.6792502
0.7900000     0.6999911
0.8100000     0.7207875
0.8300000     0.7421117
0.0300000     0.1259746
0.0500000     0.1457794
0.0900000     0.1623824
0.1500000     0.1779759
0.2200000     0.2315787
0.2900000     0.3065501
0.3500000     0.3622966
0.4100000     0.4244895
0.4600000     0.4725674
0.5100000     0.4983516
0.5500000     0.5215612
0.5800000     0.5461460
0.0500000     0.1487203
0.1500000     0.1688992
0.2900000     0.2808524
0.4200000     0.4322515
0.5300000     0.5127853
0.6100000     0.5783576
0.6700000     0.6113994
0.7100000     0.6255248
0.7200000     0.6384141
0.7300000     0.6516235
0.7300000     0.6665553
0.7300000     0.6860613
0.0800000     0.1492224
0.2000000     0.1704739
0.3400000     0.3208483
0.4200000     0.4091842
0.4900000     0.4946854
0.6400000     0.5824530
0.6800000     0.6444172
0.7200000     0.6678602
0.7500000     0.6839288
0.7700000     0.7010283
0.7900000     0.7169497
0.8100000     0.7336094
0.0200000     0.1347949
0.0700000     0.1526001
0.1500000     0.1723812
0.2600000     0.2618718
0.3700000     0.3727421
0.4600000     0.4702725
0.5400000     0.5326068
0.6100000     0.5908949
0.6600000     0.6244209
0.7000000     0.6519554
0.7400000     0.6748646
0.7700000     0.6964223
0.0200000     0.1227037
0.0500000     0.1429333
0.1100000     0.1626756
0.2000000     0.1836806
0.3000000     0.2864605
0.3900000     0.3995762
0.4800000     0.4800271
0.5500000     0.5479169
0.6100000     0.5926562
0.6600000     0.6112364
0.6800000     0.6266152
0.7000000     0.6392701
0.0100000     0.1130922
0.0300000     0.1330273
0.0700000     0.1520267
0.1200000     0.1673629
0.1800000     0.1811675
0.2400000     0.2422532
0.2900000     0.3110027
0.3400000     0.3583570
0.3900000     0.4115321
0.4400000     0.4696312
0.4800000     0.4991260
0.5200000     0.5246080
0.0200000     0.1285229
0.0600000     0.1485837
0.1400000     0.1701331
0.2500000     0.2314015
0.3700000     0.3433728
0.4700000     0.4483449
0.5300000     0.5012238
0.5800000     0.5522757
0.6200000     0.6129731
0.7300000     0.6492983
0.7500000     0.6756818
0.7700000     0.6967986
0.0200000     0.1271483
0.0600000     0.1448583
0.1200000     0.1625448
0.2200000     0.1943386
0.3300000     0.3136187
0.4300000     0.4149953
0.5200000     0.4757549
0.6000000     0.5474063
0.6600000     0.6041636
0.7000000     0.6372137
0.7300000     0.6586207
0.7600000     0.6811036
