0.0200000     0.1538454
0.0700000     0.2027470
0.1400000     0.2506367
0.2100000     0.2950555
0.2800000     0.3448111
0.3500000     0.4169457
0.4300000     0.5091350
0.5200000     0.5732126
0.6000000     0.6088896
0.6600000     0.6404055
0.7100000     0.6690261
0.7500000     0.6973673
0.0400000     0.1716728
0.1300000     0.2230454
0.2600000     0.2781621
0.3900000     0.3427990
0.5000000     0.4605474
0.5900000     0.5414571
0.6600000     0.5750698
0.7100000     0.6028790
0.7500000     0.6295527
0.7800000     0.6568596
0.7900000     0.6833483
0.8100000     0.7112724
0.0300000     0.1199777
0.0800000     0.1791039
0.1600000     0.2366297
0.2500000     0.2946615
0.3500000     0.3415945
0.4300000     0.4129224
0.4800000     0.4868604
0.5200000     0.5397869
0.5600000     0.5671753
0.6600000     0.5861582
0.6800000     0.6061251
0.7000000     0.6284132
0.0300000     0.1476227
0.1000000     0.2007359
0.2100000     0.2581973
0.3200000     0.3221660
0.4200000     0.4079343
0.5000000     0.5032768
0.5600000     0.5493122
0.6200000     0.5816052
0.6700000     0.6137177
0.7100000     0.6436692
0.7400000     0.6714692
0.7600000     0.6993955
0.0300000     0.1660858
0.0900000     0.2161465
0.1900000     0.2726431
0.3100000     0.3330786
0.4100000     0.4127442
0.5000000     0.4876898
0.5600000     0.5322668
0.6000000     0.5513965
0.6300000     0.5737680
0.6500000     0.5963284
0.6700000     0.6200532
0.7500000     0.6448494
0.0300000     0.1420738
0.0900000     0.1965308
0.1700000     0.2502218
0.2700000     0.3037263
0.3600000     0.3825731
0.4700000     0.5039982
0.5600000     0.5603966
0.6300000     0.5826386
0.6800000     0.6037958
0.7300000     0.6270390
0.7700000     0.6539541
0.7900000     0.6817602
0.0600000     0.1648622
0.1500000     0.2177765
0.2600000     0.2709362
0.3800000     0.3339750
0.4900000     0.4444508
0.5800000     0.5454915
0.6500000     0.5785788
0.7100000     0.6004480
0.7500000     0.6199269
0.7800000     0.6404123
0.8000000     0.6669961
0.8200000     0.6950364
0.0200000     0.1707026
0.0700000     0.2225823
0.1600000     0.2756640
0.2800000     0.3337793
0.3900000     0.4402463
0.4900000     0.5309464
0.5700000     0.5670103
0.6400000     0.5966800
0.6900000     0.6239843
0.7300000     0.6510969
0.7600000     0.6800007
0.7800000     0.7096952
0.0100000     0.0860186
0.0400000     0.1362097
0.0900000     0.1872125
0.1500000     0.2400960
0.2100000     0.2926242
0.2800000     0.3499321
0.3400000     0.4074828
0.4000000     0.4570446
0.4500000     0.4914669
0.5000000     0.5230985
0.5500000     0.5592918
0.5900000     0.5889402
0.0300000     0.1268983
0.0700000     0.1791163
0.1300000     0.2315254
0.2100000     0.2862397
0.3000000     0.3432642
0.3800000     0.4252033
0.4600000     0.5097203
0.5200000     0.5463697
0.5800000     0.5678720
0.6300000     0.5921481
0.6800000     0.6213413
0.7100000     0.6533067
0.0200000     0.0521739
0.0500000     0.1050667
0.0900000     0.1579144
0.1500000     0.2103111
0.2200000     0.2627618
0.2800000     0.3153540
0.3300000     0.3610914
0.3800000     0.4095494
0.4300000     0.4435954
0.4700000     0.4815567
0.5000000     0.5131820
0.5400000     0.5497694
0.0300000     0.0971633
0.0600000     0.1514862
0.1200000     0.2066420
0.2000000     0.2599594
0.2800000     0.3103372
0.3600000     0.3651142
0.4300000     0.4388084
0.4900000     0.5001012
0.5500000     0.5358895
0.6000000     0.5546442
0.6500000     0.5805050
0.6800000     0.6108095
0.0400000     0.1504577
0.1400000     0.2084405
0.2700000     0.2674817
0.4000000     0.3276730
0.5200000     0.4527535
0.6000000     0.5475546
0.6700000     0.5818075
0.7200000     0.6034484
0.7600000     0.6298001
0.7900000     0.6571681
0.8100000     0.6849464
0.8300000     0.7126896
0.0300000     0.1455330
0.0500000     0.1929104
0.0900000     0.2399601
0.1500000     0.2851899
0.2200000     0.3239010
0.2900000     0.3780206
0.3500000     0.4344837
0.4100000     0.4898794
0.4600000     0.5438942
0.5100000     0.5770906
0.5500000     0.6075222
0.5800000     0.6373804
0.0500000     0.1866039
0.1500000     0.2427019
0.2900000     0.3002036
0.4200000     0.3868047
0.5300000     0.5106776
0.6100000     0.5691073
0.6700000     0.6002367
0.7100000     0.6296892
0.7200000     0.6590852
0.7300000     0.6868694
0.7300000     0.7141348
0.7300000     0.7416660
0.0800000     0.1665331
0.2000000     0.2229951
0.3400000     0.2835039
0.4200000     0.3446490
0.4900000     0.4375392
0.6400000     0.5201752
0.6800000     0.5588775
0.7200000     0.5813840
0.7500000     0.6007483
0.7700000     0.6207087
0.7900000     0.6438448
0.8100000     0.6676959
0.0200000     0.1346247
0.0700000     0.1913847
0.1500000     0.2485259
0.2600000     0.3073828
0.3700000     0.3907579
0.4600000     0.4896647
0.5400000     0.5404298
0.6100000     0.5640318
0.6600000     0.5909606
0.7000000     0.6224378
0.7400000     0.6554605
0.7700000     0.6885843
0.0200000     0.1142372
0.0500000     0.1639080
0.1100000     0.2137382
0.2000000     0.2644957
0.3000000     0.3137401
0.3900000     0.3633629
0.4800000     0.4293569
0.5500000     0.4907607
0.6100000     0.5483443
0.6600000     0.5782027
0.6800000     0.6068252
0.7000000     0.6344644
0.0100000     0.0677433
0.0300000     0.1193457
0.0700000     0.1705689
0.1200000     0.2231981
0.1800000     0.2776765
0.2400000     0.3263247
0.2900000     0.3832318
0.3400000     0.4294448
0.3900000     0.4846181
0.4400000     0.5460492
0.4800000     0.5808395
0.5200000     0.6107377
0.0200000     0.1349095
0.0600000     0.1889024
0.1400000     0.2441995
0.2500000     0.3037314
0.3700000     0.3731396
0.4700000     0.4621060
0.5300000     0.5309380
0.5800000     0.5602573
0.6200000     0.5853746
0.7300000     0.6094201
0.7500000     0.6347839
0.7700000     0.6616019
0.0200000     0.1249274
0.0600000     0.1773105
0.1200000     0.2271020
0.2200000     0.2812804
0.3300000     0.3451937
0.4300000     0.4513006
0.5200000     0.5469209
0.6000000     0.5872398
0.6600000     0.6192048
0.7000000     0.6443239
0.7300000     0.6715415
0.7600000     0.7006859
