0.0200000     -0.1990082
0.0700000     -0.1530762
0.1400000     -0.0279166
0.2100000     0.1070603
0.2800000     0.2060370
0.3500000     0.3106236
0.4300000     0.4229747
0.5200000     0.5541736
0.6000000     0.6830074
0.6600000     0.8037646
0.7100000     0.8982364
0.7500000     0.9492974
0.0400000     -0.1246256
0.1300000     0.0133524
0.2600000     0.1920690
0.3900000     0.3811111
0.5000000     0.5433693
0.5900000     0.6908204
0.6600000     0.8157285
0.7100000     0.9117544
0.7500000     0.9821708
0.7800000     1.0162544
0.7900000     1.0384229
0.8100000     1.0544672
0.0300000     -0.2012163
0.0800000     -0.1567929
0.1600000     -0.0596325
0.2500000     0.1560238
0.3500000     0.3000066
0.4300000     0.4208668
0.4800000     0.5212998
0.5200000     0.6045356
0.5600000     0.6789388
0.6600000     0.7751620
0.6800000     0.8585046
0.7000000     0.9148372
0.0300000     -0.1470864
0.1000000     -0.0630097
0.2100000     0.1333453
0.3200000     0.3080343
0.4200000     0.4416412
0.5000000     0.5558207
0.5600000     0.6517310
0.6200000     0.7437578
0.6700000     0.8472907
0.7100000     0.9364007
0.7400000     0.9902202
0.7600000     1.0225898
0.0300000     -0.1364425
0.0900000     -0.0707925
0.1900000     0.0443725
0.3100000     0.2318118
0.4100000     0.3963149
0.5000000     0.5220499
0.5600000     0.6228189
0.6000000     0.7031078
0.6300000     0.7683666
0.6500000     0.8285971
0.6700000     0.8847222
0.7500000     0.9280727
0.0300000     -0.2059808
0.0900000     -0.1500140
0.1700000     0.0171125
0.2700000     0.1957135
0.3600000     0.3532550
0.4700000     0.4908985
0.5600000     0.6153885
0.6300000     0.7309054
0.6800000     0.8341165
0.7300000     0.9322733
0.7700000     0.9812654
0.7900000     1.0098560
0.0600000     -0.1581945
0.1500000     -0.0449358
0.2600000     0.1880446
0.3800000     0.3725421
0.4900000     0.5301503
0.5800000     0.6705824
0.6500000     0.7839767
0.7100000     0.8667349
0.7500000     0.9285553
0.7800000     0.9730469
0.8000000     1.0042241
0.8200000     1.0261502
0.0200000     -0.1371195
0.0700000     -0.0834175
0.1600000     0.0182348
0.2800000     0.2111395
0.3900000     0.3711736
0.4900000     0.5144051
0.5700000     0.6479861
0.6400000     0.7882770
0.6900000     0.9063962
0.7300000     0.9842430
0.7600000     1.0216992
0.7800000     1.0460432
0.0100000     -0.2439592
0.0400000     -0.2159411
0.0900000     -0.1633276
0.1500000     -0.0189095
0.2100000     0.1086709
0.2800000     0.1890366
0.3400000     0.2657377
0.4000000     0.3444771
0.4500000     0.4267912
0.5000000     0.5135390
0.5500000     0.6031950
0.5900000     0.6869823
0.0300000     -0.2152242
0.0700000     -0.1732438
0.1300000     -0.0518732
0.2100000     0.1054795
0.3000000     0.2318857
0.3800000     0.3564065
0.4600000     0.4705276
0.5200000     0.5729271
0.5800000     0.6618348
0.6300000     0.7494099
0.6800000     0.8310376
0.7100000     0.9074266
0.0200000     -0.2514024
0.0500000     -0.2252437
0.0900000     -0.1724455
0.1500000     -0.0497071
0.2200000     0.0917923
0.2800000     0.1756929
0.3300000     0.2518971
0.3800000     0.3251172
0.4300000     0.3961481
0.4700000     0.4655747
0.5000000     0.5348767
0.5400000     0.6045253
0.0300000     -0.2224314
0.0600000     -0.1792760
0.1200000     -0.0772326
0.2000000     0.0801352
0.2800000     0.2071653
0.3600000     0.3193586
0.4300000     0.4280156
0.4900000     0.5293485
0.5500000     0.6164464
0.6000000     0.6913683
0.6500000     0.7634873
0.6800000     0.8346441
0.0400000     -0.1424045
0.1400000     -0.0069303
0.2700000     0.2189173
0.4000000     0.4061496
0.5200000     0.5668238
0.6000000     0.6970184
0.6700000     0.8003391
0.7200000     0.8808021
0.7600000     0.9425013
0.7900000     0.9809837
0.8100000     1.0062855
0.8300000     1.0246648
0.0300000     -0.1989647
0.0500000     -0.1600066
0.0900000     -0.0812767
0.1500000     0.0268557
0.2200000     0.1172280
0.2900000     0.2061734
0.3500000     0.2911820
0.4100000     0.3775979
0.4600000     0.4665927
0.5100000     0.5537335
0.5500000     0.6433406
0.5800000     0.7625151
0.0500000     -0.0991855
0.1500000     0.0475363
0.2900000     0.2748077
0.4200000     0.4557237
0.5300000     0.6061183
0.6100000     0.7241685
0.6700000     0.8141367
0.7100000     0.8798145
0.7200000     0.9250662
0.7300000     0.9584113
0.7300000     0.9866711
0.7300000     1.0151441
0.0800000     -0.0825318
0.2000000     0.0940590
0.3400000     0.3066382
0.4200000     0.4809563
0.4900000     0.6250928
0.6400000     0.7524741
0.6800000     0.8460597
0.7200000     0.9072593
0.7500000     0.9489897
0.7700000     0.9788429
0.7900000     1.0017972
0.8100000     1.0204141
0.0200000     -0.1788857
0.0700000     -0.1228923
0.1500000     0.0343861
0.2600000     0.1952007
0.3700000     0.3419564
0.4600000     0.4769991
0.5400000     0.6051116
0.6100000     0.7175218
0.6600000     0.8109789
0.7000000     0.8915259
0.7400000     0.9580929
0.7700000     0.9964206
0.0200000     -0.2241977
0.0500000     -0.1895992
0.1100000     -0.1168646
0.2000000     0.0799412
0.3000000     0.2678587
0.3900000     0.4080817
0.4800000     0.5259142
0.5500000     0.6254710
0.6100000     0.7073223
0.6600000     0.7740988
0.6800000     0.8300011
0.7000000     0.8833970
0.0100000     -0.2355786
0.0300000     -0.2123077
0.0700000     -0.1680922
0.1200000     -0.0721270
0.1800000     0.0412756
0.2400000     0.1302325
0.2900000     0.2071853
0.3400000     0.2811921
0.3900000     0.3572723
0.4400000     0.4373758
0.4800000     0.5209881
0.5200000     0.6069100
0.0200000     -0.1750594
0.0600000     -0.1167194
0.1400000     0.0030915
0.2500000     0.2074352
0.3700000     0.3738257
0.4700000     0.5053821
0.5300000     0.6086275
0.5800000     0.6959211
0.6200000     0.8005192
0.7300000     0.9439809
0.7500000     0.9984239
0.7700000     1.0276721
0.0200000     -0.1888785
0.0600000     -0.1428632
0.1200000     -0.0495671
0.2200000     0.1194035
0.3300000     0.3313072
0.4300000     0.4752663
0.5200000     0.6017185
0.6000000     0.7256677
0.6600000     0.8599197
0.7000000     0.9372525
0.7300000     0.9808531
0.7600000     1.0099397
