0.0200000     0.1834382
0.0700000     0.2070296
0.1400000     0.2314029
0.2100000     0.2586060
0.2800000     0.2885430
0.3500000     0.3417286
0.4300000     0.4311686
0.5200000     0.5063365
0.6000000     0.5462063
0.6600000     0.5858930
0.7100000     0.6219298
0.7500000     0.6600524
0.0400000     0.1848824
0.1300000     0.2147612
0.2600000     0.2440056
0.3900000     0.2753529
0.5000000     0.3237354
0.5900000     0.4164456
0.6600000     0.4893005
0.7100000     0.5323545
0.7500000     0.5693913
0.7800000     0.6047168
0.7900000     0.6407354
0.8100000     0.6782399
0.0300000     0.1704127
0.0800000     0.1986470
0.1600000     0.2288896
0.2500000     0.2621082
0.3500000     0.3097175
0.4300000     0.3754571
0.4800000     0.4294060
0.5200000     0.4594266
0.5600000     0.4920560
0.6600000     0.5193080
0.6800000     0.5460522
0.7000000     0.5770187
0.0300000     0.1807002
0.1000000     0.2077726
0.2100000     0.2376825
0.3200000     0.2728316
0.4200000     0.3241674
0.5000000     0.4229376
0.5600000     0.4882343
0.6200000     0.5248582
0.6700000     0.5598459
0.7100000     0.5938543
0.7400000     0.6267885
0.7600000     0.6605591
0.0300000     0.1700583
0.0900000     0.1997569
0.1900000     0.2354827
0.3100000     0.2784911
0.4100000     0.3269706
0.5000000     0.3820902
0.5600000     0.4274445
0.6000000     0.4636060
0.6300000     0.4959240
0.6500000     0.5239515
0.6700000     0.5513915
0.7500000     0.5814856
0.0300000     0.1562496
0.0900000     0.1843151
0.1700000     0.2134513
0.2700000     0.2558407
0.3600000     0.3238001
0.4700000     0.4312298
0.5600000     0.5074902
0.6300000     0.5384367
0.6800000     0.5630854
0.7300000     0.5901097
0.7700000     0.6202552
0.7900000     0.6540604
0.0600000     0.1704809
0.1500000     0.1985423
0.2600000     0.2348612
0.3800000     0.2888190
0.4900000     0.3892460
0.5800000     0.4873262
0.6500000     0.5286649
0.7100000     0.5573384
0.7500000     0.5824361
0.7800000     0.6119003
0.8000000     0.6453117
0.8200000     0.6771394
0.0200000     0.1686933
0.0700000     0.1970133
0.1600000     0.2307256
0.2800000     0.2758953
0.3900000     0.3409062
0.4900000     0.4145125
0.5700000     0.4866166
0.6400000     0.5221689
0.6900000     0.5566943
0.7300000     0.5893515
0.7600000     0.6244999
0.7800000     0.6596498
0.0100000     0.1192730
0.0400000     0.1445317
0.0900000     0.1702300
0.1500000     0.1959789
0.2100000     0.2239592
0.2800000     0.2570298
0.3400000     0.2969927
0.4000000     0.3464755
0.4500000     0.3988912
0.5000000     0.4401025
0.5500000     0.4666522
0.5900000     0.4947251
0.0300000     0.1428259
0.0700000     0.1705096
0.1300000     0.1996928
0.2100000     0.2352190
0.3000000     0.2813143
0.3800000     0.3350100
0.4600000     0.3964401
0.5200000     0.4523266
0.5800000     0.5117052
0.6300000     0.5419534
0.6800000     0.5761157
0.7100000     0.6090025
0.0200000     0.1207048
0.0500000     0.1466322
0.0900000     0.1722109
0.1500000     0.1999032
0.2200000     0.2307783
0.2800000     0.2625649
0.3300000     0.2975768
0.3800000     0.3383698
0.4300000     0.3850137
0.4700000     0.4255449
0.5000000     0.4503373
0.5400000     0.4743323
0.0300000     0.1347930
0.0600000     0.1629701
0.1200000     0.1911885
0.2000000     0.2250207
0.2800000     0.2679969
0.3600000     0.3195031
0.4300000     0.3686750
0.4900000     0.4179381
0.5500000     0.4587213
0.6000000     0.4973328
0.6500000     0.5225236
0.6800000     0.5553600
0.0400000     0.1709663
0.1400000     0.2051128
0.2700000     0.2438323
0.4000000     0.2982589
0.5200000     0.3996727
0.6000000     0.4877789
0.6700000     0.5349270
0.7200000     0.5667210
0.7600000     0.5961697
0.7900000     0.6289970
0.8100000     0.6632632
0.8300000     0.6991478
0.0300000     0.1418511
0.0500000     0.1661414
0.0900000     0.1918212
0.1500000     0.2194890
0.2200000     0.2558342
0.2900000     0.3031294
0.3500000     0.3529389
0.4100000     0.4176403
0.4600000     0.4948631
0.5100000     0.5307590
0.5500000     0.5596549
0.5800000     0.5934519
0.0500000     0.1745170
0.1500000     0.2060959
0.2900000     0.2428707
0.4200000     0.2985578
0.5300000     0.4055407
0.6100000     0.4791440
0.6700000     0.5236762
0.7100000     0.5590397
0.7200000     0.5943389
0.7300000     0.6319477
0.7300000     0.6708580
0.7300000     0.7093638
0.0800000     0.1687337
0.2000000     0.2070585
0.3400000     0.2497278
0.4200000     0.3036736
0.4900000     0.3678303
0.6400000     0.4340039
0.6800000     0.4826347
0.7200000     0.5176256
0.7500000     0.5387911
0.7700000     0.5638267
0.7900000     0.5948088
0.8100000     0.6271168
0.0200000     0.1578556
0.0700000     0.1879141
0.1500000     0.2197053
0.2600000     0.2581587
0.3700000     0.3102903
0.4600000     0.3903935
0.5400000     0.4621109
0.6100000     0.5071844
0.6600000     0.5447421
0.7000000     0.5812382
0.7400000     0.6183214
0.7700000     0.6545349
0.0200000     0.1325837
0.0500000     0.1600483
0.1100000     0.1890238
0.2000000     0.2205522
0.3000000     0.2543560
0.3900000     0.3020142
0.4800000     0.3646669
0.5500000     0.4273454
0.6100000     0.4816825
0.6600000     0.5185110
0.6800000     0.5478873
0.7000000     0.5789603
0.0100000     0.1312604
0.0300000     0.1612035
0.0700000     0.1914186
0.1200000     0.2230872
0.1800000     0.2568785
0.2400000     0.3005719
0.2900000     0.3466635
0.3400000     0.4040753
0.3900000     0.4529443
0.4400000     0.4926976
0.4800000     0.5258112
0.5200000     0.5597068
0.0200000     0.1667565
0.0600000     0.1959693
0.1400000     0.2264902
0.2500000     0.2574332
0.3700000     0.2901241
0.4700000     0.3403791
0.5300000     0.3962218
0.5800000     0.4525712
0.6200000     0.5004449
0.7300000     0.5339570
0.7500000     0.5681038
0.7700000     0.5985301
0.0200000     0.1701910
0.0600000     0.1938924
0.1200000     0.2220623
0.2200000     0.2519234
0.3300000     0.2884064
0.4300000     0.3428558
0.5200000     0.4174943
0.6000000     0.4887510
0.6600000     0.5395084
0.7000000     0.5718938
0.7300000     0.6090322
0.7600000     0.6459686
