0.0200000     0.1039022
0.0700000     0.1349564
0.1400000     0.1612694
0.2100000     0.2125498
0.2800000     0.2728081
0.3500000     0.3430052
0.4300000     0.4046099
0.5200000     0.4936107
0.6000000     0.5637858
0.6600000     0.6128609
0.7100000     0.6465870
0.7500000     0.6720037
0.0400000     0.1300992
0.1300000     0.1567789
0.2600000     0.2244980
0.3900000     0.3568658
0.5000000     0.4709517
0.5900000     0.5594541
0.6600000     0.6134899
0.7100000     0.6372219
0.7500000     0.6611341
0.7800000     0.6867208
0.7900000     0.7127772
0.8100000     0.7393875
0.0300000     0.0978379
0.0800000     0.1286760
0.1600000     0.1605268
0.2500000     0.2301563
0.3500000     0.3280618
0.4300000     0.4148523
0.4800000     0.4757489
0.5200000     0.5111946
0.5600000     0.5492944
0.6600000     0.6009805
0.6800000     0.6306221
0.7000000     0.6498708
0.0300000     0.1149003
0.1000000     0.1429902
0.2100000     0.1862327
0.3200000     0.2830758
0.4200000     0.4031170
0.5000000     0.4938899
0.5600000     0.5547172
0.6200000     0.6002229
0.6700000     0.6256448
0.7100000     0.6481234
0.7400000     0.6726796
0.7600000     0.6985914
0.0300000     0.1237354
0.0900000     0.1501441
0.1900000     0.2082980
0.3100000     0.2877952
0.4100000     0.3975192
0.5000000     0.4799460
0.5600000     0.5139456
0.6000000     0.5440738
0.6300000     0.5753867
0.6500000     0.6061960
0.6700000     0.6364083
0.7500000     0.6598054
0.0300000     0.1151380
0.0900000     0.1430627
0.1700000     0.1943378
0.2700000     0.2690845
0.3600000     0.3447492
0.4700000     0.4305313
0.5600000     0.5124262
0.6300000     0.5917381
0.6800000     0.6347467
0.7300000     0.6615496
0.7700000     0.6878030
0.7900000     0.7141190
0.0600000     0.1192184
0.1500000     0.1498668
0.2600000     0.2198777
0.3800000     0.3410119
0.4900000     0.4309047
0.5800000     0.5267448
0.6500000     0.6013659
0.7100000     0.6474598
0.7500000     0.6723427
0.7800000     0.6982702
0.8000000     0.7245862
0.8200000     0.7509022
0.0200000     0.1208707
0.0700000     0.1445628
0.1600000     0.1706708
0.2800000     0.2615724
0.3900000     0.3657781
0.4900000     0.4561774
0.5700000     0.5349377
0.6400000     0.5938662
0.6900000     0.6298546
0.7300000     0.6553734
0.7600000     0.6795290
0.7800000     0.7054713
0.0100000     0.0894822
0.0400000     0.1175841
0.0900000     0.1438643
0.1500000     0.1783473
0.2100000     0.2212831
0.2800000     0.2739061
0.3400000     0.3270177
0.4000000     0.3832184
0.4500000     0.4150494
0.5000000     0.4587237
0.5500000     0.5066329
0.5900000     0.5484917
0.0300000     0.1066365
0.0700000     0.1326275
0.1300000     0.1582459
0.2100000     0.2320515
0.3000000     0.3032436
0.3800000     0.3668495
0.4600000     0.4321499
0.5200000     0.4884689
0.5800000     0.5480924
0.6300000     0.5988527
0.6800000     0.6325570
0.7100000     0.6581281
0.0200000     0.0829749
0.0500000     0.1107674
0.0900000     0.1370540
0.1500000     0.1660587
0.2200000     0.2162106
0.2800000     0.2698153
0.3300000     0.3173382
0.3800000     0.3664241
0.4300000     0.4044459
0.4700000     0.4365433
0.5000000     0.4731355
0.5400000     0.5143765
0.0300000     0.0944565
0.0600000     0.1209790
0.1200000     0.1472469
0.2000000     0.2046151
0.2800000     0.2628211
0.3600000     0.3414192
0.4300000     0.4047522
0.4900000     0.4662389
0.5500000     0.5079646
0.6000000     0.5555634
0.6500000     0.5912797
0.6800000     0.6195474
0.0400000     0.1265955
0.1400000     0.1589787
0.2700000     0.2626944
0.4000000     0.3951384
0.5200000     0.5023461
0.6000000     0.5684221
0.6700000     0.6326537
0.7200000     0.6603440
0.7600000     0.6829877
0.7900000     0.7076482
0.8100000     0.7327303
0.8300000     0.7579843
0.0300000     0.1004210
0.0500000     0.1291523
0.0900000     0.1520090
0.1500000     0.1820663
0.2200000     0.2201169
0.2900000     0.2671680
0.3500000     0.3240742
0.4100000     0.3836909
0.4600000     0.4511760
0.5100000     0.4757245
0.5500000     0.5072786
0.5800000     0.5402864
0.0500000     0.1353908
0.1500000     0.1693629
0.2900000     0.2780334
0.4200000     0.3958480
0.5300000     0.5057757
0.6100000     0.5828913
0.6700000     0.6182485
0.7100000     0.6367181
0.7200000     0.6536214
0.7300000     0.6704021
0.7300000     0.6883435
0.7300000     0.7130437
0.0800000     0.1333309
0.2000000     0.1653424
0.3400000     0.3065954
0.4200000     0.3945268
0.4900000     0.4916538
0.6400000     0.5890239
0.6800000     0.6303892
0.7200000     0.6577555
0.7500000     0.6778164
0.7700000     0.6976820
0.7900000     0.7195352
0.8100000     0.7441078
0.0200000     0.1089269
0.0700000     0.1384632
0.1500000     0.1742385
0.2600000     0.2509021
0.3700000     0.3226545
0.4600000     0.4240533
0.5400000     0.5391459
0.6100000     0.6074020
0.6600000     0.6353318
0.7000000     0.6612375
0.7400000     0.6880913
0.7700000     0.7162054
0.0200000     0.0929118
0.0500000     0.1238675
0.1100000     0.1532445
0.2000000     0.2049214
0.3000000     0.2842962
0.3900000     0.3769796
0.4800000     0.4656898
0.5500000     0.5214438
0.6100000     0.5671229
0.6600000     0.6022753
0.6800000     0.6254123
0.7000000     0.6416765
0.0100000     0.0785513
0.0300000     0.1076377
0.0700000     0.1352649
0.1200000     0.1571749
0.1800000     0.1957254
0.2400000     0.2473424
0.2900000     0.2960078
0.3400000     0.3470838
0.3900000     0.3823971
0.4400000     0.4158522
0.4800000     0.4598407
0.5200000     0.4998449
0.0200000     0.1038544
0.0600000     0.1353213
0.1400000     0.1660173
0.2500000     0.2561300
0.3700000     0.3820364
0.4700000     0.4790580
0.5300000     0.5111915
0.5800000     0.5476570
0.6200000     0.5939912
0.7300000     0.6404411
0.7500000     0.6681623
0.7700000     0.6919961
0.0200000     0.1002017
0.0600000     0.1282829
0.1200000     0.1559685
0.2200000     0.2202686
0.3300000     0.3327535
0.4300000     0.4270126
0.5200000     0.4908926
0.6000000     0.5614268
0.6600000     0.6166695
0.7000000     0.6413854
0.7300000     0.6647823
0.7600000     0.6905499
