0.0200000     0.2437397
0.0700000     0.2471319
0.1400000     0.2518306
0.2100000     0.2571185
0.2800000     0.2631008
0.3500000     0.2755511
0.4300000     0.3135903
0.5200000     0.3794333
0.6000000     0.4267273
0.6600000     0.4610169
0.7100000     0.4989698
0.7500000     0.5442890
0.0400000     0.2407630
0.1300000     0.2457793
0.2600000     0.2531977
0.3900000     0.2632926
0.5000000     0.2824710
0.5900000     0.3349398
0.6600000     0.3942440
0.7100000     0.4297531
0.7500000     0.4608287
0.7800000     0.4934488
0.7900000     0.5277655
0.8100000     0.5653926
0.0300000     0.2432413
0.0800000     0.2474553
0.1600000     0.2529854
0.2500000     0.2589766
0.3500000     0.2661495
0.4300000     0.2844588
0.4800000     0.3220764
0.5200000     0.3610526
0.5600000     0.4112177
0.6600000     0.4414768
0.6800000     0.4675027
0.7000000     0.4939378
0.0300000     0.2356142
0.1000000     0.2403391
0.2100000     0.2470509
0.3200000     0.2557841
0.4200000     0.2691686
0.5000000     0.3074218
0.5600000     0.3654413
0.6200000     0.4164100
0.6700000     0.4442482
0.7100000     0.4771602
0.7400000     0.5120616
0.7600000     0.5484436
0.0300000     0.2418363
0.0900000     0.2465906
0.1900000     0.2525716
0.3100000     0.2604030
0.4100000     0.2733467
0.5000000     0.2932539
0.5600000     0.3368510
0.6000000     0.3794620
0.6300000     0.4243153
0.6500000     0.4560293
0.6700000     0.4859730
0.7500000     0.5162318
0.0300000     0.2426068
0.0900000     0.2468077
0.1700000     0.2518994
0.2700000     0.2606967
0.3600000     0.2823806
0.4700000     0.3345695
0.5600000     0.4090470
0.6300000     0.4508351
0.6800000     0.4809305
0.7300000     0.5112994
0.7700000     0.5396219
0.7900000     0.5696879
0.0600000     0.2455077
0.1500000     0.2505384
0.2600000     0.2571827
0.3800000     0.2708863
0.4900000     0.3173254
0.5800000     0.3872433
0.6500000     0.4431088
0.7100000     0.4741531
0.7500000     0.5048307
0.7800000     0.5342299
0.8000000     0.5632210
0.8200000     0.5935172
0.0200000     0.2461576
0.0700000     0.2500737
0.1600000     0.2556362
0.2800000     0.2657120
0.3900000     0.2885516
0.4900000     0.3295220
0.5700000     0.3865161
0.6400000     0.4219680
0.6900000     0.4500719
0.7300000     0.4800411
0.7600000     0.5129627
0.7800000     0.5478015
0.0100000     0.2289644
0.0400000     0.2318320
0.0900000     0.2346158
0.1500000     0.2375100
0.2100000     0.2415177
0.2800000     0.2470764
0.3400000     0.2606783
0.4000000     0.2834077
0.4500000     0.3244250
0.5000000     0.3776834
0.5500000     0.4191765
0.5900000     0.4451598
0.0300000     0.2358487
0.0700000     0.2387741
0.1300000     0.2421995
0.2100000     0.2477569
0.3000000     0.2574214
0.3800000     0.2797976
0.4600000     0.3370552
0.5200000     0.3965144
0.5800000     0.4432133
0.6300000     0.4721336
0.6800000     0.5004925
0.7100000     0.5307325
0.0200000     0.2228554
0.0500000     0.2251807
0.0900000     0.2277640
0.1500000     0.2305581
0.2200000     0.2347109
0.2800000     0.2406642
0.3300000     0.2496743
0.3800000     0.2652716
0.4300000     0.2921599
0.4700000     0.3216240
0.5000000     0.3592980
0.5400000     0.4084405
0.0300000     0.2286115
0.0600000     0.2312422
0.1200000     0.2345660
0.2000000     0.2387153
0.2800000     0.2450848
0.3600000     0.2584929
0.4300000     0.2858155
0.4900000     0.3283385
0.5500000     0.3717853
0.6000000     0.4208527
0.6500000     0.4548500
0.6800000     0.4891343
0.0400000     0.2408227
0.1400000     0.2467511
0.2700000     0.2568773
0.4000000     0.2880648
0.5200000     0.3448753
0.6000000     0.3973662
0.6700000     0.4385570
0.7200000     0.4635018
0.7600000     0.4920908
0.7900000     0.5232254
0.8100000     0.5609264
0.8300000     0.6004151
0.0300000     0.2389442
0.0500000     0.2415137
0.0900000     0.2437943
0.1500000     0.2460244
0.2200000     0.2548262
0.2900000     0.2750567
0.3500000     0.3058122
0.4100000     0.3532616
0.4600000     0.4128960
0.5100000     0.4433048
0.5500000     0.4809941
0.5800000     0.5215712
0.0500000     0.2429849
0.1500000     0.2480110
0.2900000     0.2574889
0.4200000     0.2843654
0.5300000     0.3411314
0.6100000     0.4032936
0.6700000     0.4464086
0.7100000     0.4780566
0.7200000     0.5207521
0.7300000     0.5624413
0.7300000     0.6042860
0.7300000     0.6480054
0.0800000     0.2429744
0.2000000     0.2488918
0.3400000     0.2597705
0.4200000     0.2771233
0.4900000     0.3175395
0.6400000     0.3771865
0.6800000     0.4206399
0.7200000     0.4421595
0.7500000     0.4629367
0.7700000     0.4880415
0.7900000     0.5178739
0.8100000     0.5538044
0.0200000     0.2314087
0.0700000     0.2353860
0.1500000     0.2424101
0.2600000     0.2547633
0.3700000     0.2827924
0.4600000     0.3239163
0.5400000     0.3730268
0.6100000     0.4166200
0.6600000     0.4513762
0.7000000     0.4818705
0.7400000     0.5140340
0.7700000     0.5541562
0.0200000     0.2356252
0.0500000     0.2383138
0.1100000     0.2409201
0.2000000     0.2439823
0.3000000     0.2484162
0.3900000     0.2617806
0.4800000     0.2905175
0.5500000     0.3344582
0.6100000     0.3834609
0.6600000     0.4242989
0.6800000     0.4550500
0.7000000     0.4908487
0.0100000     0.2292417
0.0300000     0.2320422
0.0700000     0.2358136
0.1200000     0.2399341
0.1800000     0.2445637
0.2400000     0.2521338
0.2900000     0.2653968
0.3400000     0.2883576
0.3900000     0.3270056
0.4400000     0.3767941
0.4800000     0.4178557
0.5200000     0.4451926
0.0200000     0.2414833
0.0600000     0.2458018
0.1400000     0.2507813
0.2500000     0.2576387
0.3700000     0.2702183
0.4700000     0.2943414
0.5300000     0.3394146
0.5800000     0.3923105
0.6200000     0.4199486
0.7300000     0.4463343
0.7500000     0.4755483
0.7700000     0.5062137
0.0200000     0.2317702
0.0600000     0.2345427
0.1200000     0.2376916
0.2200000     0.2442782
0.3300000     0.2602060
0.4300000     0.3090527
0.5200000     0.3766330
0.6000000     0.4100844
0.6600000     0.4346819
0.7000000     0.4639824
0.7300000     0.5042598
0.7600000     0.5420461
