0.0200000     -0.1854838
0.0700000     -0.1234012
0.1400000     0.0043712
0.2100000     0.1339441
0.2800000     0.2438621
0.3500000     0.3597223
0.4300000     0.4798940
0.5200000     0.5989366
0.6000000     0.7133765
0.6600000     0.8055429
0.7100000     0.8697560
0.7500000     0.9164737
0.0400000     -0.0862860
0.1300000     0.0166962
0.2600000     0.2115992
0.3900000     0.3949304
0.5000000     0.5541832
0.5900000     0.6985515
0.6600000     0.8234045
0.7100000     0.9105917
0.7500000     0.9693303
0.7800000     1.0105947
0.7900000     1.0401222
0.8100000     1.0617130
0.0300000     -0.1694119
0.0800000     -0.0879349
0.1600000     0.0737373
0.2500000     0.2137093
0.3500000     0.3394476
0.4300000     0.4489109
0.4800000     0.5393822
0.5200000     0.6159911
0.5600000     0.6848128
0.6600000     0.7501289
0.6800000     0.8133751
0.7000000     0.8722988
0.0300000     -0.1113355
0.1000000     -0.0335391
0.2100000     0.1267757
0.3200000     0.2828214
0.4200000     0.4179639
0.5000000     0.5415522
0.5600000     0.6500358
0.6200000     0.7447353
0.6700000     0.8303670
0.7100000     0.9102677
0.7400000     0.9717025
0.7600000     1.0114760
0.0300000     -0.1251280
0.0900000     -0.0456829
0.1900000     0.1070364
0.3100000     0.2770610
0.4100000     0.4154396
0.5000000     0.5330535
0.5600000     0.6287419
0.6000000     0.7062361
0.6300000     0.7714351
0.6500000     0.8297749
0.6700000     0.8844576
0.7500000     0.9340419
0.0300000     -0.1741827
0.0900000     -0.1034876
0.1700000     0.0461575
0.2700000     0.2126117
0.3600000     0.3592672
0.4700000     0.5036440
0.5600000     0.6356400
0.6300000     0.7557507
0.6800000     0.8581592
0.7300000     0.9264938
0.7700000     0.9700301
0.7900000     1.0006542
0.0600000     -0.1073097
0.1500000     -0.0002092
0.2600000     0.1994959
0.3800000     0.3896771
0.4900000     0.5496486
0.5800000     0.6870830
0.6500000     0.7975446
0.7100000     0.8766034
0.7500000     0.9313823
0.7800000     0.9703985
0.8000000     0.9991797
0.8200000     1.0211539
0.0200000     -0.0876178
0.0700000     -0.0276800
0.1600000     0.0720701
0.2800000     0.2519490
0.3900000     0.4086142
0.4900000     0.5447183
0.5700000     0.6664274
0.6400000     0.7768356
0.6900000     0.8865927
0.7300000     0.9607398
0.7600000     1.0065452
0.7800000     1.0382644
0.0100000     -0.2306554
0.0400000     -0.1879448
0.0900000     -0.1025746
0.1500000     0.0266425
0.2100000     0.1246910
0.2800000     0.2159826
0.3400000     0.3038149
0.4000000     0.3872159
0.4500000     0.4670139
0.5000000     0.5449053
0.5500000     0.6220484
0.5900000     0.6978111
0.0300000     -0.1752476
0.0700000     -0.1187757
0.1300000     -0.0029401
0.2100000     0.1496463
0.3000000     0.2691044
0.3800000     0.3868781
0.4600000     0.5011228
0.5200000     0.6069100
0.5800000     0.7015051
0.6300000     0.7832664
0.6800000     0.8547367
0.7100000     0.9251737
0.0200000     -0.2417182
0.0500000     -0.2021884
0.0900000     -0.1209188
0.1500000     0.0121892
0.2200000     0.1113050
0.2800000     0.2048603
0.3300000     0.2924006
0.3800000     0.3696694
0.4300000     0.4376106
0.4700000     0.4992073
0.5000000     0.5569993
0.5400000     0.6127371
0.0300000     -0.1912401
0.0600000     -0.1409378
0.1200000     -0.0399338
0.2000000     0.1142011
0.2800000     0.2336911
0.3600000     0.3479047
0.4300000     0.4573267
0.4900000     0.5579201
0.5500000     0.6475419
0.6000000     0.7253212
0.6500000     0.7911112
0.6800000     0.8467073
0.0400000     -0.1051818
0.1400000     0.0217549
0.2700000     0.2519302
0.4000000     0.4480933
0.5200000     0.6059360
0.6000000     0.7331349
0.6700000     0.8299631
0.7200000     0.9020843
0.7600000     0.9550341
0.7900000     0.9934978
0.8100000     1.0216793
0.8300000     1.0428307
0.0300000     -0.1783780
0.0500000     -0.1223936
0.0900000     -0.0220326
0.1500000     0.0933050
0.2200000     0.1843816
0.2900000     0.2667838
0.3500000     0.3473724
0.4100000     0.4268240
0.4600000     0.5062405
0.5100000     0.5872734
0.5500000     0.6714216
0.5800000     0.7591331
0.0500000     -0.0466964
0.1500000     0.0790859
0.2900000     0.2845290
0.4200000     0.4710603
0.5300000     0.6128200
0.6100000     0.7287365
0.6700000     0.8162753
0.7100000     0.8797036
0.7200000     0.9259698
0.7300000     0.9611850
0.7300000     0.9897538
0.7300000     1.0141172
0.0800000     -0.0387181
0.2000000     0.1072318
0.3400000     0.3157575
0.4200000     0.4690309
0.4900000     0.6020471
0.6400000     0.7158149
0.6800000     0.8027659
0.7200000     0.8662561
0.7500000     0.9133822
0.7700000     0.9496045
0.7900000     0.9785174
0.8100000     1.0024515
0.0200000     -0.1317512
0.0700000     -0.0662970
0.1500000     0.0747689
0.2600000     0.2347455
0.3700000     0.3736364
0.4600000     0.5077011
0.5400000     0.6297283
0.6100000     0.7420536
0.6600000     0.8404617
0.7000000     0.9143422
0.7400000     0.9680269
0.7700000     1.0080290
0.0200000     -0.2106466
0.0500000     -0.1558472
0.1100000     -0.0396639
0.2000000     0.1224497
0.3000000     0.2672698
0.3900000     0.4043276
0.4800000     0.5226578
0.5500000     0.6217017
0.6100000     0.7053832
0.6600000     0.7771119
0.6800000     0.8385537
0.7000000     0.8909801
0.0100000     -0.2327337
0.0300000     -0.1998863
0.0700000     -0.1281286
0.1200000     -0.0045206
0.1800000     0.0872255
0.2400000     0.1672646
0.2900000     0.2436090
0.3400000     0.3174006
0.3900000     0.3905122
0.4400000     0.4652076
0.4800000     0.5432473
0.5200000     0.6250336
0.0200000     -0.1709137
0.0600000     -0.1048155
0.1400000     0.0222805
0.2500000     0.2020271
0.3700000     0.3480269
0.4700000     0.4778479
0.5300000     0.5910364
0.5800000     0.6902601
0.6200000     0.7828534
0.7300000     0.8748837
0.7500000     0.9457133
0.7700000     0.9916086
0.0200000     -0.1760999
0.0600000     -0.1191139
0.1200000     -0.0144257
0.2200000     0.1647089
0.3300000     0.3150284
0.4300000     0.4560919
0.5200000     0.5854437
0.6000000     0.6991572
0.6600000     0.8039166
0.7000000     0.8948762
0.7300000     0.9557065
0.7600000     0.9956598
