0.0200000     0.1464011
0.0700000     0.1910397
0.1400000     0.2336373
0.2100000     0.2772932
0.2800000     0.3255757
0.3500000     0.4062114
0.4300000     0.4786382
0.5200000     0.5393927
0.6000000     0.5885457
0.6600000     0.6286780
0.7100000     0.6622864
0.7500000     0.6939035
0.0400000     0.1630926
0.1300000     0.2119588
0.2600000     0.2644199
0.3900000     0.3302128
0.5000000     0.4317685
0.5900000     0.4926735
0.6600000     0.5377034
0.7100000     0.5688176
0.7500000     0.5986751
0.7800000     0.6292006
0.7900000     0.6604012
0.8100000     0.6918796
0.0300000     0.1353283
0.0800000     0.1855576
0.1600000     0.2372764
0.2500000     0.2877384
0.3500000     0.3435246
0.4300000     0.4339458
0.4800000     0.4821916
0.5200000     0.5172514
0.5600000     0.5449857
0.6600000     0.5716627
0.6800000     0.6005905
0.7000000     0.6281740
0.0300000     0.1538870
0.1000000     0.2075537
0.2100000     0.2611482
0.3200000     0.3162027
0.4200000     0.4009386
0.5000000     0.4778663
0.5600000     0.5247683
0.6200000     0.5528278
0.6700000     0.5764129
0.7100000     0.6029701
0.7400000     0.6315479
0.7600000     0.6601005
0.0300000     0.1665608
0.0900000     0.2136661
0.1900000     0.2641959
0.3100000     0.3141458
0.4100000     0.3877077
0.5000000     0.4517569
0.5600000     0.4822260
0.6000000     0.5062030
0.6300000     0.5334129
0.6500000     0.5657268
0.6700000     0.5957562
0.7500000     0.6275969
0.0300000     0.1646994
0.0900000     0.2143361
0.1700000     0.2615862
0.2700000     0.3102810
0.3600000     0.3788762
0.4700000     0.4823279
0.5600000     0.5358158
0.6300000     0.5625173
0.6800000     0.5896451
0.7300000     0.6159923
0.7700000     0.6418985
0.7900000     0.6683713
0.0600000     0.1798449
0.1500000     0.2282974
0.2600000     0.2783772
0.3800000     0.3318026
0.4900000     0.4226798
0.5800000     0.5086755
0.6500000     0.5496956
0.7100000     0.5774860
0.7500000     0.6022643
0.7800000     0.6281660
0.8000000     0.6573088
0.8200000     0.6849676
0.0200000     0.1623778
0.0700000     0.2149097
0.1600000     0.2702010
0.2800000     0.3308328
0.3900000     0.4116897
0.4900000     0.4884464
0.5700000     0.5361818
0.6400000     0.5801391
0.6900000     0.6135881
0.7300000     0.6438822
0.7600000     0.6749821
0.7800000     0.7062299
0.0100000     0.0928887
0.0400000     0.1378465
0.0900000     0.1826600
0.1500000     0.2275268
0.2100000     0.2683215
0.2800000     0.3070847
0.3400000     0.3494830
0.4000000     0.4084879
0.4500000     0.4529507
0.5000000     0.4932504
0.5500000     0.5304832
0.5900000     0.5648093
0.0300000     0.1329553
0.0700000     0.1794647
0.1300000     0.2261515
0.2100000     0.2745183
0.3000000     0.3260953
0.3800000     0.4078270
0.4600000     0.4753630
0.5200000     0.5166344
0.5800000     0.5483348
0.6300000     0.5799252
0.6800000     0.6117215
0.7100000     0.6409858
0.0200000     0.0657124
0.0500000     0.1099770
0.0900000     0.1542926
0.1500000     0.1992166
0.2200000     0.2433292
0.2800000     0.2828778
0.3300000     0.3205565
0.3800000     0.3738685
0.4300000     0.4150679
0.4700000     0.4579193
0.5000000     0.4940563
0.5400000     0.5272553
0.0300000     0.1043673
0.0600000     0.1494045
0.1200000     0.1954795
0.2000000     0.2419064
0.2800000     0.2924839
0.3600000     0.3501265
0.4300000     0.4167049
0.4900000     0.4670640
0.5500000     0.4989576
0.6000000     0.5328894
0.6500000     0.5645330
0.6800000     0.5959285
0.0400000     0.1586017
0.1400000     0.2110447
0.2700000     0.2680013
0.4000000     0.3342869
0.5200000     0.4453761
0.6000000     0.5161040
0.6700000     0.5532917
0.7200000     0.5808002
0.7600000     0.6067373
0.7900000     0.6326617
0.8100000     0.6593646
0.8300000     0.6866816
0.0300000     0.1385988
0.0500000     0.1843711
0.0900000     0.2302350
0.1500000     0.2701319
0.2200000     0.3106702
0.2900000     0.3840515
0.3500000     0.4535467
0.4100000     0.4905076
0.4600000     0.5236857
0.5100000     0.5594970
0.5500000     0.5940845
0.5800000     0.6287538
0.0500000     0.1843392
0.1500000     0.2360260
0.2900000     0.2923606
0.4200000     0.3809820
0.5300000     0.4762201
0.6100000     0.5291536
0.6700000     0.5613449
0.7100000     0.5903066
0.7200000     0.6201528
0.7300000     0.6508046
0.7300000     0.6833775
0.7300000     0.7149944
0.0800000     0.1550028
0.2000000     0.2095176
0.3400000     0.2659716
0.4200000     0.3211699
0.4900000     0.4124728
0.6400000     0.4879733
0.6800000     0.5258420
0.7200000     0.5553347
0.7500000     0.5801479
0.7700000     0.6059868
0.7900000     0.6326976
0.8100000     0.6603167
0.0200000     0.1289763
0.0700000     0.1791394
0.1500000     0.2372624
0.2600000     0.3004881
0.3700000     0.3780972
0.4600000     0.4689952
0.5400000     0.5070990
0.6100000     0.5427797
0.6600000     0.5710084
0.7000000     0.5985705
0.7400000     0.6286501
0.7700000     0.6585450
0.0200000     0.1206611
0.0500000     0.1662566
0.1100000     0.2134096
0.2000000     0.2615959
0.3000000     0.3070626
0.3900000     0.3646478
0.4800000     0.4388614
0.5500000     0.4812520
0.6100000     0.5127676
0.6600000     0.5465070
0.6800000     0.5797842
0.7000000     0.6129456
0.0100000     0.1001438
0.0300000     0.1471743
0.0700000     0.1956484
0.1200000     0.2419456
0.1800000     0.2868280
0.2400000     0.3303064
0.2900000     0.3914174
0.3400000     0.4421009
0.3900000     0.4765142
0.4400000     0.5070269
0.4800000     0.5363661
0.5200000     0.5697420
0.0200000     0.1339114
0.0600000     0.1811960
0.1400000     0.2277751
0.2500000     0.2781180
0.3700000     0.3469428
0.4700000     0.4339235
0.5300000     0.5004654
0.5800000     0.5513815
0.6200000     0.5881208
0.7300000     0.6174550
0.7500000     0.6482949
0.7700000     0.6777586
0.0200000     0.1223118
0.0600000     0.1689772
0.1200000     0.2150101
0.2200000     0.2672808
0.3300000     0.3312643
0.4300000     0.4290956
0.5200000     0.4917333
0.6000000     0.5337884
0.6600000     0.5716076
0.7000000     0.6052868
0.7300000     0.6386357
0.7600000     0.6718080
