0.5760000     0.5240023
0.6460000     0.5791530
0.2200000     0.2528935
0.6860000     0.6607941
0.3830000     0.3601950
0.2340000     0.2674210
0.1960000     0.2142617
0.6970000     0.5988090
0.1290000     0.1582454
0.7990000     0.7355691
0.3290000     0.2858227
0.0710000     0.1068472
0.7590000     0.6871840
0.5140000     0.4692571
0.0500000     0.0980212
0.7560000     0.6775205
0.5310000     0.5718357
0.5350000     0.4966945
0.4110000     0.3699793
0.3250000     0.4444802
0.7070000     0.6505309
0.3950000     0.4334823
0.6890000     0.6655545
0.7290000     0.6561412
0.6290000     0.5872496
0.2860000     0.2810568
0.6340000     0.5955018
0.8050000     0.7889664
0.7660000     0.7087498
0.5940000     0.5028039
0.0300000     0.1166537
0.0200000     0.0445343
0.1350000     0.2146534
0.3370000     0.3907644
0.7170000     0.6953627
0.5320000     0.4173329
0.7670000     0.7420341
0.1240000     0.2163094
0.4820000     0.5381213
0.7740000     0.6846282
0.2130000     0.2384741
0.8310000     0.7746341
0.6150000     0.6336650
0.7560000     0.6863255
0.5890000     0.5445958
0.7150000     0.6578537
0.2060000     0.2401737
0.7060000     0.6169445
0.5890000     0.5507243
0.3230000     0.3427944
0.1530000     0.2343045
0.2780000     0.2251593
0.8240000     0.7092323
0.5580000     0.5661734
0.7000000     0.6463130
0.2570000     0.2426352
0.0500000     0.1748255
0.7040000     0.6564665
0.3080000     0.3066279
0.1040000     0.1910589
0.4960000     0.4376063
0.7460000     0.6767389
0.1400000     0.2076581
0.2760000     0.2700253
1.2120000     0.8967196
0.7680000     0.6899157
0.4680000     0.4530967
0.0400000     0.0982334
0.7400000     0.7303160
0.5040000     0.4967636
0.4470000     0.4321645
0.1830000     0.1880020
0.1310000     0.2062302
0.6960000     0.6539319
0.4770000     0.4715331
0.0900000     0.1607910
0.0900000     0.1297924
0.4080000     0.4032129
0.0850000     0.1456159
0.5770000     0.5267231
0.5230000     0.5680358
0.7390000     0.6868837
0.4780000     0.4855164
0.0200000     0.0893570
0.7480000     0.6782174
0.2350000     0.2947365
0.0480000     0.0709247
0.0830000     0.2229790
0.3530000     0.4135275
0.6010000     0.5384068
0.0100000     0.0277046
0.4260000     0.4885199
0.7190000     0.6539623
0.7590000     0.6132210
0.6480000     0.6246079
0.6010000     0.5839769
0.3400000     0.3605293
0.5270000     0.4995697
0.0740000     0.1734329
0.2620000     0.2540002
0.6890000     0.6204214
0.1350000     0.2093004
0.4470000     0.4522133
0.4940000     0.3584861
0.5750000     0.5314333
0.5360000     0.5460953
0.3120000     0.2973001
0.2600000     0.2068426
0.0820000     0.1182150
0.7280000     0.7087137
0.4000000     0.4040802
0.2580000     0.2970912
0.5750000     0.5668320
0.3950000     0.3684400
0.3650000     0.3390425
0.5630000     0.4974520
0.4440000     0.4315021
0.7300000     0.6549430
0.2740000     0.3358597
0.5760000     0.5538502
0.7770000     0.6527687
0.5870000     0.4678935
0.6670000     0.6036296
0.3510000     0.3806441
0.0200000     -0.0092834
0.3290000     0.2901938
0.0700000     0.1445075
0.7140000     0.6046076
0.0600000     0.1559204
0.5980000     0.6182000
0.2020000     0.2027303
0.5420000     0.5275182
0.3880000     0.3583215
0.5320000     0.4896972
0.4990000     0.4939466
0.0700000     0.1844502
0.6230000     0.5920647
0.3540000     0.3601876
0.5300000     0.4872883
0.0300000     0.0396670
0.0200000     0.0564072
0.0100000     -0.0018245
0.3240000     0.3166792
0.5330000     0.4934725
0.6120000     0.5440396
0.4570000     0.3885557
0.0300000     0.1400032
0.7490000     0.6942900
0.2210000     0.2503096
0.4120000     0.3792928
0.6790000     0.6116435
0.7390000     0.6288041
0.1640000     0.2017357
0.0300000     0.2338336
0.6110000     0.5367633
0.3760000     0.3428544
0.5530000     0.4993661
0.0700000     0.1265662
0.7990000     0.7622736
0.3430000     0.4019336
0.3530000     0.3649443
0.0200000     0.0970007
0.7920000     0.6301788
0.0620000     0.1126235
0.1360000     0.1610941
0.5870000     0.5646982
0.5460000     0.5204509
0.5930000     0.6262244
0.4220000     0.3967565
0.4440000     0.4554532
0.2910000     0.3423386
0.3040000     0.2769791
0.7730000     0.5713643
0.5920000     0.5473043
1.1230000     0.8676645
0.5560000     0.5457811
0.6870000     0.5626967
0.5150000     0.5315248
0.1700000     0.2582752
0.4600000     0.4687743
0.6410000     0.6246622
0.4310000     0.4228663
0.6660000     0.6088636
0.3660000     0.3900853
0.7660000     0.6802719
0.8100000     0.7451195
0.2220000     0.2628023
0.2820000     0.3456495
0.2670000     0.2825010
0.4940000     0.4438856
0.3840000     0.4073566
0.1530000     0.2020362
0.2960000     0.3429239
0.6190000     0.5504507
0.7010000     0.6097182
0.1360000     0.1963449
0.2090000     0.1843945
0.8080000     0.6820937
0.6410000     0.5608035
0.1040000     0.1318454
0.6520000     0.5877305
0.4340000     0.4089941
0.7720000     0.7101661
0.7110000     0.6139287
0.0300000     0.0945677
0.1130000     0.1511070
0.0200000     0.0814573
0.0840000     0.1984744
0.5750000     0.6030432
0.3150000     0.3380311
0.7340000     0.6440164
0.4490000     0.4519858
0.4470000     0.4772550
0.1240000     0.2046189
0.4450000     0.4457638
0.4320000     0.4663975
0.1590000     0.1873256
0.5060000     0.4661856
0.2670000     0.2781893
0.4270000     0.4398842
0.1690000     0.2398378
0.1210000     0.1690947
0.4600000     0.4107014
0.2120000     0.2391261
0.7360000     0.5772015
0.7650000     0.7071236
0.1960000     0.2091059
0.0100000     0.1225923
0.0990000     0.1614810
0.5980000     0.5743853
0.6270000     0.5809626
0.0800000     0.1649161
0.5830000     0.5408258
0.5210000     0.5305644
0.2370000     0.2662536
0.6730000     0.6284177
0.0440000     0.1678415
0.5230000     0.5192056
0.3300000     0.3373483
0.0800000     0.1791097
