0.0300000     -0.1114233
0.0900000     -0.0139861
0.1740000     0.1026734
0.2670000     0.2347524
0.3610000     0.3569193
0.4660000     0.4736724
0.5550000     0.5694919
0.6270000     0.6461998
0.6840000     0.7114589
0.7290000     0.7667854
0.7660000     0.8133367
0.7900000     0.8482781
0.0400000     -0.0997402
0.1290000     0.0393435
0.2600000     0.2158454
0.3910000     0.3832290
0.5010000     0.5042194
0.5890000     0.6052524
0.6550000     0.6830369
0.7080000     0.7498693
0.7460000     0.7973612
0.7760000     0.8344901
0.7940000     0.8633873
0.8090000     0.8895596
0.0200000     -0.1433086
0.0470000     -0.0809472
0.1040000     -0.0022030
0.1690000     0.1029852
0.2350000     0.1873824
0.2960000     0.2779393
0.3510000     0.3440365
0.4010000     0.3952907
0.4470000     0.4451945
0.4890000     0.4950486
0.5250000     0.5446201
0.5580000     0.5935374
0.0300000     -0.1057167
0.0990000     0.0005133
0.1960000     0.1289638
0.3040000     0.2672212
0.4110000     0.3994870
0.5060000     0.5115263
0.5830000     0.5961483
0.6470000     0.6728923
0.6970000     0.7371077
0.7340000     0.7876407
0.7660000     0.8306414
0.7920000     0.8641776
0.0200000     -0.1198891
0.0600000     -0.0297037
0.1350000     0.0424908
0.2340000     0.1682961
0.3400000     0.3065272
0.4440000     0.4355128
0.5360000     0.5338030
0.6150000     0.6198614
0.6760000     0.6912989
0.7220000     0.7474031
0.7590000     0.7955104
0.7890000     0.8345514
0.0300000     -0.1044687
0.0830000     -0.0149050
0.1650000     0.0880496
0.2620000     0.2129686
0.3570000     0.3337275
0.4420000     0.4431841
0.5160000     0.5314803
0.5790000     0.5997617
0.6330000     0.6602610
0.6740000     0.7097204
0.7040000     0.7570562
0.7300000     0.7923216
0.0200000     -0.1318911
0.0640000     -0.0560269
0.1480000     0.0688936
0.2610000     0.2225528
0.3830000     0.3751010
0.4950000     0.4992013
0.5910000     0.6055062
0.6660000     0.6933266
0.7240000     0.7609844
0.7680000     0.8147720
0.8010000     0.8560956
0.8240000     0.8869887
0.0100000     -0.1388147
0.0480000     -0.0608062
0.1140000     0.0219415
0.2000000     0.1392550
0.2910000     0.2626705
0.3800000     0.3871302
0.4590000     0.4756421
0.5270000     0.5468587
0.5860000     0.6091300
0.6360000     0.6633273
0.6730000     0.7134388
0.6990000     0.7553964
0.0200000     -0.1375617
0.0740000     -0.0533745
0.1550000     0.0653784
0.2550000     0.2082723
0.3590000     0.3531848
0.4510000     0.4555832
0.5310000     0.5448347
0.5950000     0.6173688
0.6460000     0.6774583
0.6890000     0.7311954
0.7210000     0.7726797
0.7470000     0.8103164
0.0100000     -0.1505816
0.0420000     -0.0862518
0.0850000     -0.0358157
0.1510000     0.0595916
0.2240000     0.1742395
0.2960000     0.2675333
0.3660000     0.3699142
0.4300000     0.4390909
0.4900000     0.5007585
0.5420000     0.5581737
0.5840000     0.6101823
0.6210000     0.6577058
0.0700000     -0.0312524
0.1960000     0.1516556
0.3510000     0.3329533
0.4860000     0.4905169
0.5930000     0.6065648
0.6730000     0.6935577
0.7330000     0.7650942
0.7770000     0.8220261
0.8080000     0.8637695
0.8270000     0.8942276
0.8400000     0.9151838
0.8510000     0.9325892
0.0700000     -0.0435587
0.1820000     0.1280076
0.3300000     0.3193516
0.4680000     0.4680900
0.5760000     0.5831291
0.6560000     0.6760229
0.7120000     0.7440158
0.7490000     0.7906247
0.7720000     0.8261989
0.7910000     0.8510752
0.8050000     0.8734603
0.8150000     0.8949145
0.0300000     -0.1141660
0.0870000     -0.0114692
0.1730000     0.0985238
0.2720000     0.2289943
0.3880000     0.3767647
0.4940000     0.4919171
0.5770000     0.5798330
0.6440000     0.6573758
0.6970000     0.7233010
0.7340000     0.7735080
0.7580000     0.8141524
0.7780000     0.8454911
0.0300000     -0.1118134
0.1040000     0.0039537
0.2090000     0.1561321
0.3180000     0.3024876
0.4150000     0.4204380
0.4970000     0.5109609
0.5630000     0.5837463
0.6190000     0.6492465
0.6670000     0.7068637
0.7070000     0.7529786
0.7370000     0.7938600
0.7610000     0.8270478
0.0200000     -0.1581076
0.0480000     -0.0978907
0.0950000     -0.0182926
0.1500000     0.0693169
0.2080000     0.1515758
0.2670000     0.2341602
0.3230000     0.3277275
0.3780000     0.3901353
0.4280000     0.4466188
0.4750000     0.4996543
0.5190000     0.5553527
0.5580000     0.6043101
0.0200000     -0.1376698
0.0740000     -0.0524384
0.1390000     0.0382729
0.2100000     0.1352050
0.2820000     0.2252317
0.3530000     0.3216039
0.4260000     0.4166283
0.5180000     0.5226784
0.5950000     0.6128119
0.6580000     0.6854315
0.7070000     0.7445216
0.7460000     0.7903388
0.0300000     -0.0579588
0.0970000     0.0831272
0.2070000     0.1971933
0.3350000     0.3179910
0.4490000     0.4203552
0.5360000     0.5122321
0.5930000     0.5948747
0.6390000     0.6847705
0.7030000     0.8883907
0.9890000     1.0396079
1.1230000     1.1037935
1.2120000     1.1360698
0.0400000     -0.0898738
0.0990000     0.0289531
0.2220000     0.1840612
0.3740000     0.3727863
0.5090000     0.5195646
0.6120000     0.6248002
0.6870000     0.7068431
0.7360000     0.7673365
0.7600000     0.8086964
0.7780000     0.8400665
0.7910000     0.8639202
0.8010000     0.8849981
0.0100000     -0.1457557
0.0500000     -0.0754021
0.1180000     0.0194770
0.2110000     0.1548242
0.3130000     0.2937542
0.4110000     0.4152983
0.4970000     0.5058388
0.5690000     0.5868454
0.6280000     0.6558129
0.6750000     0.7130288
0.7140000     0.7643489
0.7460000     0.8062257
0.0200000     -0.1476941
0.0610000     -0.0766087
0.1220000     0.0127361
0.1910000     0.1165173
0.2610000     0.2103442
0.3260000     0.3130784
0.3840000     0.3795635
0.4370000     0.4408315
0.4840000     0.5009677
0.5260000     0.5567234
0.5650000     0.6078918
0.6020000     0.6583834
0.0200000     -0.1007265
0.0860000     0.0055358
0.1890000     0.1414498
0.3050000     0.2947271
0.4150000     0.4151387
0.4790000     0.4950725
0.5310000     0.5636358
0.5760000     0.6277312
0.6840000     0.6939785
0.7110000     0.7459441
0.7340000     0.7888354
0.7530000     0.8215006
