0.0300000     -0.1098683
0.0900000     -0.0094337
0.1740000     0.1159787
0.2670000     0.2501197
0.3610000     0.3644195
0.4660000     0.4744090
0.5550000     0.5749106
0.6270000     0.6629614
0.6840000     0.7385216
0.7290000     0.7975045
0.7660000     0.8442972
0.7900000     0.8816552
0.0400000     -0.1105821
0.1290000     0.0349912
0.2600000     0.2322074
0.3910000     0.4061778
0.5010000     0.5304105
0.5890000     0.6226060
0.6550000     0.7002266
0.7080000     0.7745315
0.7460000     0.8209580
0.7760000     0.8534266
0.7940000     0.8823246
0.8090000     0.9107637
0.0200000     -0.1640657
0.0470000     -0.1137250
0.1040000     -0.0532285
0.1690000     0.0529143
0.2350000     0.1561079
0.2960000     0.2358547
0.3510000     0.3007427
0.4010000     0.3571081
0.4470000     0.4109743
0.4890000     0.4640193
0.5250000     0.5183610
0.5580000     0.5706605
0.0300000     -0.1093479
0.0990000     0.0066994
0.1960000     0.1440368
0.3040000     0.2853755
0.4110000     0.4139332
0.5060000     0.5233275
0.5830000     0.6101170
0.6470000     0.6931987
0.6970000     0.7663475
0.7340000     0.8139269
0.7660000     0.8593444
0.7920000     0.9021078
0.0200000     -0.1259554
0.0600000     -0.0253481
0.1350000     0.0523110
0.2340000     0.1937470
0.3400000     0.3276314
0.4440000     0.4459395
0.5360000     0.5510243
0.6150000     0.6381485
0.6760000     0.7107377
0.7220000     0.7741759
0.7590000     0.8296419
0.7890000     0.8722709
0.0300000     -0.1292081
0.0830000     -0.0392037
0.1650000     0.0791522
0.2620000     0.2216288
0.3570000     0.3403909
0.4420000     0.4384213
0.5160000     0.5302434
0.5790000     0.6101676
0.6330000     0.6746117
0.6740000     0.7207667
0.7040000     0.7640969
0.7300000     0.8015431
0.0200000     -0.1365887
0.0640000     -0.0681308
0.1480000     0.0522840
0.2610000     0.2169997
0.3830000     0.3765287
0.4950000     0.5056109
0.5910000     0.6162012
0.6660000     0.7132342
0.7240000     0.7814472
0.7680000     0.8383758
0.8010000     0.8875654
0.8240000     0.9234858
0.0100000     -0.1477359
0.0480000     -0.0754742
0.1140000     0.0063260
0.2000000     0.1229641
0.2910000     0.2507852
0.3800000     0.3638537
0.4590000     0.4576703
0.5270000     0.5352479
0.5860000     0.6030667
0.6360000     0.6619841
0.6730000     0.7163758
0.6990000     0.7652184
0.0200000     -0.1402301
0.0740000     -0.0580364
0.1550000     0.0513517
0.2550000     0.1983665
0.3590000     0.3286698
0.4510000     0.4334251
0.5310000     0.5286092
0.5950000     0.6104229
0.6460000     0.6814552
0.6890000     0.7405443
0.7210000     0.7873574
0.7470000     0.8310505
0.0100000     -0.1633932
0.0420000     -0.1020342
0.0850000     -0.0536695
0.1510000     0.0281138
0.2240000     0.1436018
0.2960000     0.2492945
0.3660000     0.3388903
0.4300000     0.4121717
0.4900000     0.4778970
0.5420000     0.5379794
0.5840000     0.5924093
0.6210000     0.6430998
0.0700000     -0.0426365
0.1960000     0.1360849
0.3510000     0.3335087
0.4860000     0.4887295
0.5930000     0.6084150
0.6730000     0.7041039
0.7330000     0.7984976
0.7770000     0.8679479
0.8080000     0.9098347
0.8270000     0.9367517
0.8400000     0.9555795
0.8510000     0.9740870
0.0700000     -0.0456111
0.1820000     0.1360322
0.3300000     0.3408731
0.4680000     0.4985912
0.5760000     0.6140465
0.6560000     0.7041765
0.7120000     0.7758858
0.7490000     0.8233622
0.7720000     0.8577484
0.7910000     0.8802562
0.8050000     0.8990580
0.8150000     0.9173218
0.0300000     -0.1203118
0.0870000     -0.0165468
0.1730000     0.1079900
0.2720000     0.2447629
0.3880000     0.3776149
0.4940000     0.5037374
0.5770000     0.5951844
0.6440000     0.6709789
0.6970000     0.7382902
0.7340000     0.7918637
0.7580000     0.8305064
0.7780000     0.8624218
0.0300000     -0.1201462
0.1040000     0.0047804
0.2090000     0.1668988
0.3180000     0.3222046
0.4150000     0.4462762
0.4970000     0.5354602
0.5630000     0.6015888
0.6190000     0.6697318
0.6670000     0.7340666
0.7070000     0.7792090
0.7370000     0.8128974
0.7610000     0.8447779
0.0200000     -0.1720376
0.0480000     -0.1117471
0.0950000     -0.0463758
0.1500000     0.0275669
0.2080000     0.1279634
0.2670000     0.2244509
0.3230000     0.3055318
0.3780000     0.3715497
0.4280000     0.4305496
0.4750000     0.4857707
0.5190000     0.5435630
0.5580000     0.5978172
0.0200000     -0.1465551
0.0740000     -0.0555088
0.1390000     0.0532935
0.2100000     0.1668176
0.2820000     0.2634017
0.3530000     0.3567156
0.4260000     0.4433701
0.5180000     0.5294487
0.5950000     0.6274239
0.6580000     0.7049882
0.7070000     0.7676532
0.7460000     0.8196420
0.0300000     -0.0567485
0.0970000     0.0900519
0.2070000     0.2177187
0.3350000     0.3452034
0.4490000     0.4479411
0.5360000     0.5364513
0.5930000     0.6118014
0.6390000     0.6878788
0.7030000     0.8454982
0.9890000     1.0614485
1.1230000     1.1409978
1.2120000     1.1753101
0.0400000     -0.0939521
0.0990000     0.0275073
0.2220000     0.1877737
0.3740000     0.3618303
0.5090000     0.5148425
0.6120000     0.6296093
0.6870000     0.7210221
0.7360000     0.7850997
0.7600000     0.8260068
0.7780000     0.8564547
0.7910000     0.8801187
0.8010000     0.9009731
0.0100000     -0.1570937
0.0500000     -0.0866353
0.1180000     0.0046731
0.2110000     0.1338663
0.3130000     0.2759757
0.4110000     0.4060577
0.4970000     0.5046477
0.5690000     0.5897631
0.6280000     0.6651568
0.6750000     0.7242360
0.7140000     0.7733947
0.7460000     0.8155688
0.0200000     -0.1568404
0.0610000     -0.0924016
0.1220000     -0.0072361
0.1910000     0.1102714
0.2610000     0.2161806
0.3260000     0.2935717
0.3840000     0.3561842
0.4370000     0.4173647
0.4840000     0.4761626
0.5260000     0.5324103
0.5650000     0.5831577
0.6020000     0.6336645
0.0200000     -0.1051804
0.0860000     -0.0036666
0.1890000     0.1471164
0.3050000     0.3106668
0.4150000     0.4310654
0.4790000     0.5136777
0.5310000     0.5774652
0.5760000     0.6419933
0.6840000     0.7260922
0.7110000     0.7756771
0.7340000     0.8117046
0.7530000     0.8436003
