0.3290000     0.3341036
0.2020000     0.1940966
0.3250000     0.3453386
0.4470000     0.4464961
0.2670000     0.2879991
0.1690000     0.1717021
0.6230000     0.6179767
0.5750000     0.5753043
0.6520000     0.6411462
0.3950000     0.3870113
1.2120000     1.1021723
0.0300000     0.0603319
0.5750000     0.5729421
0.0800000     0.1070598
0.6150000     0.6111559
0.1040000     0.1243108
0.5980000     0.5965605
0.7590000     0.7344241
0.7040000     0.6752679
0.1240000     0.1422980
0.3040000     0.2949446
0.5920000     0.5948099
0.1530000     0.1551723
0.3120000     0.3167233
0.3400000     0.3308570
0.1130000     0.1346743
0.5890000     0.5710827
0.5870000     0.5777504
0.3540000     0.3470100
0.0440000     0.0698792
0.7720000     0.7338721
0.7000000     0.6781994
0.6410000     0.6102591
0.7920000     0.7751601
0.3230000     0.3416789
0.6970000     0.6765567
0.0830000     0.1059276
0.2090000     0.2103289
0.4600000     0.4599503
0.0700000     0.1030098
0.7140000     0.6894811
0.5350000     0.5292240
0.5830000     0.5688964
0.5300000     0.5252657
0.2570000     0.2671088
0.4440000     0.4373200
0.3300000     0.3367790
0.7340000     0.7203454
0.2200000     0.2302301
0.4260000     0.4265860
0.6870000     0.6507386
0.4110000     0.4064575
0.5460000     0.5297410
0.1400000     0.1510506
0.5060000     0.4908041
0.0700000     0.0953879
0.6660000     0.6502033
0.7560000     0.7434294
0.0480000     0.0701300
0.2340000     0.2080984
0.3430000     0.3524635
0.5870000     0.5901864
0.7460000     0.7219243
0.2820000     0.2848652
0.4770000     0.4691325
0.4120000     0.4093274
0.7290000     0.7073982
0.5890000     0.5741185
0.3510000     0.3474626
0.4820000     0.4806654
0.2370000     0.2330021
0.2740000     0.2915487
0.0300000     0.0430471
0.1350000     0.1498107
0.7650000     0.7506498
0.5530000     0.5437903
0.4570000     0.4234955
0.6110000     0.6065032
0.2960000     0.3080797
0.0400000     0.0595136
0.4470000     0.4379504
0.2210000     0.2150382
0.1350000     0.1379855
0.6410000     0.6449069
1.1230000     1.0439318
0.4270000     0.4176811
0.7400000     0.7367086
0.0200000     0.0457932
0.8310000     0.8214302
0.6890000     0.6763396
0.6190000     0.6061832
0.3840000     0.3716279
0.3530000     0.3647917
0.5230000     0.5082584
0.7490000     0.7133915
0.4990000     0.4953254
0.6010000     0.5887973
0.0300000     0.0523378
0.5580000     0.5553475
0.4470000     0.4478282
0.3650000     0.3484793
0.0500000     0.0884015
0.7190000     0.6954693
0.2220000     0.2319652
0.5310000     0.5271933
0.8080000     0.7882560
0.4940000     0.4775164
0.5770000     0.5712672
0.0850000     0.1158084
0.4310000     0.4158044
0.8100000     0.7861278
0.3150000     0.3328893
0.7680000     0.7278466
0.1530000     0.1689418
0.4680000     0.4640681
0.0600000     0.0618053
0.5760000     0.5831688
0.6670000     0.6581417
0.4960000     0.4774300
0.6460000     0.6391685
0.4450000     0.4377502
0.0200000     0.0427916
0.2580000     0.2544630
0.7990000     0.7842309
0.5420000     0.5360669
0.7990000     0.7615637
0.3950000     0.3790456
0.1290000     0.1360614
0.2130000     0.2159755
0.4940000     0.4952519
0.7480000     0.7156539
0.0200000     0.0353166
0.0990000     0.1080148
0.7590000     0.7272952
0.7070000     0.6789162
0.5980000     0.5985199
0.7770000     0.7525049
0.2780000     0.2815433
0.7560000     0.7176334
0.1040000     0.1222974
0.6120000     0.6046229
0.0100000     0.0236790
0.7110000     0.6858191
0.7300000     0.7109287
0.0840000     0.1149185
0.7280000     0.7279550
0.6270000     0.6137293
0.5230000     0.5099823
0.3760000     0.3370401
0.6730000     0.6553485
0.1960000     0.1759172
0.0700000     0.0875992
0.0710000     0.0906229
0.7390000     0.7253027
0.5930000     0.5560395
0.7360000     0.7203390
0.7390000     0.7179384
0.4220000     0.3988441
0.1830000     0.1849586
0.1360000     0.1300608
0.0200000     0.0359401
0.5140000     0.5028430
0.0200000     0.0156390
0.0500000     0.0810345
0.0800000     0.1103602
0.5210000     0.5141414
0.5360000     0.5292699
0.5630000     0.5528080
0.7660000     0.7397422
0.2600000     0.2514592
0.1960000     0.1781528
0.5150000     0.5146780
0.2670000     0.2813961
0.0820000     0.1088333
0.6790000     0.6542509
0.0300000     0.0606532
0.7730000     0.7438734
0.3880000     0.3780258
0.4340000     0.4227965
0.1310000     0.1475346
0.2120000     0.2274510
0.5760000     0.5745411
0.6010000     0.5934446
0.5320000     0.5419513
0.4440000     0.4247086
0.1210000     0.1346703
0.4600000     0.4530859
0.4080000     0.4014509
0.2350000     0.2374904
0.0100000     0.0325488
0.0620000     0.0849627
0.6860000     0.6765617
0.6960000     0.6985584
0.0900000     0.1086599
0.5040000     0.5005937
0.3240000     0.3314160
0.7670000     0.7306733
0.3290000     0.3081153
0.1360000     0.1524956
0.5270000     0.5175692
0.3660000     0.3613710
0.3370000     0.3418562
0.7150000     0.6954260
0.3830000     0.3691489
0.0740000     0.0898802
0.3530000     0.3512907
0.1700000     0.1728805
0.2860000     0.3062796
0.6890000     0.6681687
0.1640000     0.1627207
0.5320000     0.5176687
0.7010000     0.6943370
0.6340000     0.6229765
0.5940000     0.5741679
0.3080000     0.3248545
0.0200000     0.0546888
0.4320000     0.4359144
0.7060000     0.6781090
0.2620000     0.2659599
0.4000000     0.3995108
0.5330000     0.5293294
0.0100000     0.0293238
0.0900000     0.1102667
0.2910000     0.3129394
0.4490000     0.4515705
0.2060000     0.2133871
0.7740000     0.7558517
0.1240000     0.1374603
0.1590000     0.1599082
0.7170000     0.7111378
0.5750000     0.5677308
0.7660000     0.7613153
0.5560000     0.5564057
0.8240000     0.7894141
0.2760000     0.2791277
0.4780000     0.4718129
0.6290000     0.6141251
0.8050000     0.7894424
0.6480000     0.6368726
0.0300000     0.0438522
