0.6860000     0.6547552
0.7070000     0.6862203
0.0300000     0.0636330
0.5420000     0.5158088
0.7740000     0.7543872
0.5060000     0.4767505
0.4110000     0.4105299
0.4270000     0.4303050
0.3250000     0.3184625
0.2120000     0.2210179
0.6150000     0.6045681
0.2620000     0.2777808
0.7150000     0.6914450
0.7110000     0.7000022
0.2020000     0.2208457
0.7490000     0.7324854
0.0620000     0.0885475
0.0600000     0.0809540
0.5940000     0.5809207
0.4820000     0.4590939
0.0200000     0.0565742
0.0100000     0.0511185
0.6890000     0.6769655
0.5300000     0.5172524
0.7770000     0.7546667
0.5870000     0.5716017
0.8050000     0.7778984
0.8240000     0.7897310
0.6120000     0.6118892
1.2120000     1.1270884
0.4570000     0.4322087
0.4780000     0.4544997
0.7300000     0.7127837
0.1400000     0.1374877
0.1310000     0.1404494
0.0300000     0.0620368
0.7360000     0.7124715
0.1960000     0.1905057
0.0700000     0.0979749
0.5320000     0.5172185
0.3400000     0.3473834
0.1590000     0.1837684
0.7680000     0.7359461
0.5140000     0.4886803
0.2200000     0.2242046
0.5320000     0.5147620
0.2820000     0.2961419
0.2670000     0.2909645
0.6410000     0.6114681
0.5750000     0.5733553
0.2580000     0.2459208
0.0200000     0.0367341
0.0740000     0.0934693
0.5760000     0.5866665
0.6520000     0.6461980
0.6670000     0.6732355
0.6010000     0.5855520
0.1530000     0.1635598
0.2340000     0.2423345
0.6110000     0.6056105
0.0440000     0.0754752
0.5150000     0.4910312
0.5760000     0.5652281
0.3150000     0.3233601
0.3430000     0.3461068
0.5920000     0.5897238
0.5460000     0.5409986
0.2090000     0.2098503
0.0300000     0.0616437
0.7040000     0.6940393
0.5980000     0.5875952
0.5560000     0.5333475
0.7650000     0.7397779
0.3660000     0.3598390
0.5890000     0.5814878
0.3290000     0.3315723
0.3120000     0.3141209
0.7000000     0.6913813
0.4960000     0.4661562
0.5040000     0.4914534
0.5230000     0.5061723
0.4260000     0.3973224
0.6730000     0.6592712
0.6870000     0.6622597
0.0300000     0.0773152
0.2860000     0.3048423
0.1360000     0.1332100
0.5750000     0.5532060
0.5270000     0.5096597
0.1240000     0.1316673
0.3040000     0.3041944
0.4320000     0.4243432
0.4470000     0.4296470
0.2130000     0.2153739
0.0800000     0.1072946
0.4440000     0.4313992
0.4990000     0.4942859
0.7560000     0.7348294
0.3290000     0.3336965
0.6790000     0.6527027
0.2960000     0.3114910
0.1530000     0.1639387
0.5230000     0.5061672
0.1290000     0.1376355
0.0200000     0.0670280
0.6960000     0.7067817
0.7590000     0.7370605
0.7340000     0.7175452
0.7670000     0.7385808
0.8310000     0.7938452
0.5580000     0.5547501
0.2350000     0.2476034
0.4680000     0.4630612
0.2760000     0.2981903
0.6190000     0.6081485
0.1700000     0.1677228
0.6480000     0.6282829
0.4470000     0.4380300
0.0500000     0.0883675
0.1960000     0.1974291
0.5870000     0.5703000
0.7590000     0.7387439
0.5330000     0.5124610
0.7280000     0.7219437
0.6890000     0.6913310
0.1210000     0.1287699
0.0900000     0.1116043
0.3880000     0.3856858
0.0850000     0.1100388
0.1130000     0.1272723
0.0700000     0.0929068
0.1830000     0.1963760
0.2060000     0.2045430
0.8080000     0.7749945
0.6340000     0.6231878
0.2600000     0.2720615
0.2740000     0.2896141
0.7990000     0.7785249
0.4220000     0.4162048
0.6410000     0.6273982
0.6270000     0.6071578
0.3530000     0.3375210
0.1040000     0.1250121
0.0800000     0.1081729
0.4450000     0.4340031
0.3510000     0.3455390
0.0830000     0.1008661
0.3370000     0.3317390
0.0100000     0.0468674
0.4440000     0.4293732
0.6230000     0.6112208
0.3840000     0.3832377
0.4770000     0.4601142
0.0100000     0.0468013
0.2210000     0.2160218
0.0500000     0.0857534
0.2670000     0.2946692
0.5530000     0.5291393
0.2220000     0.2158726
0.3650000     0.3484059
0.5750000     0.5494369
0.7660000     0.7380988
0.7920000     0.7634200
0.5980000     0.5965327
0.4120000     0.4124080
0.3300000     0.3380592
0.7290000     0.7146311
0.3950000     0.4060725
0.1040000     0.1181335
0.6010000     0.5828489
0.7010000     0.6833324
0.7400000     0.7082275
0.7730000     0.7446792
0.7060000     0.7037563
0.5350000     0.5258561
1.1230000     1.0843130
0.8100000     0.7716252
0.3830000     0.3825681
0.4080000     0.4037101
0.4310000     0.4230456
0.0840000     0.1057772
0.0480000     0.0787825
0.1690000     0.1829802
0.0400000     0.0787114
0.1360000     0.1455118
0.4490000     0.4793979
0.0710000     0.0976248
0.6290000     0.6259594
0.6660000     0.6673365
0.0200000     0.0579447
0.5770000     0.5544699
0.0900000     0.1179570
0.2370000     0.2710619
0.6460000     0.6521819
0.7660000     0.7377833
0.6970000     0.6831224
0.2570000     0.2769694
0.0200000     0.0526356
0.7990000     0.7649161
0.0820000     0.1032661
0.3950000     0.3994315
0.3080000     0.3114623
0.5930000     0.6121657
0.4940000     0.4811368
0.4470000     0.4278277
0.1640000     0.1755699
0.3760000     0.3614501
0.3540000     0.3434110
0.5210000     0.5162382
0.5310000     0.5048615
0.4340000     0.4205224
0.3240000     0.3245912
0.5630000     0.5463564
0.7460000     0.7317004
0.1350000     0.1457647
0.7720000     0.7408895
0.1350000     0.1729307
0.2780000     0.2938680
0.1240000     0.1314178
0.7560000     0.7278447
0.2910000     0.3145886
0.7390000     0.7279885
0.0300000     0.0711990
0.5830000     0.5668899
0.4600000     0.4576167
0.5890000     0.5731848
0.3230000     0.3288697
0.0700000     0.1008939
0.7170000     0.7056648
0.3530000     0.3589028
0.4600000     0.4402445
0.0200000     0.0538186
0.4000000     0.3982957
0.7480000     0.7216873
0.7190000     0.7011122
0.7390000     0.7244694
0.4940000     0.4670088
0.7140000     0.7113677
0.5360000     0.5229459
0.0990000     0.1112046
