0.1210000     0.0292085
0.3840000     0.3835598
0.0100000     -0.0838787
0.8050000     0.8558009
0.6670000     0.6677685
0.5530000     0.5635111
0.0200000     -0.0847593
0.7560000     0.7989303
0.7390000     0.7604668
0.0200000     -0.1135311
0.6520000     0.6436175
0.4820000     0.4876553
0.2120000     0.1679869
0.0820000     0.0107450
0.4470000     0.4524812
0.6460000     0.6721439
0.5060000     0.4930232
0.7680000     0.7745746
0.6110000     0.5992190
0.1240000     0.0744620
0.3430000     0.3193812
0.4960000     0.4760147
0.3650000     0.3441765
0.2740000     0.2441906
0.5230000     0.5366618
0.3880000     0.3707826
0.6340000     0.6360629
0.5760000     0.5860519
0.1290000     0.0906513
0.3150000     0.2799693
0.1400000     0.0777315
0.1960000     0.1311362
0.5870000     0.5913725
0.6410000     0.6569027
0.1360000     0.0598039
0.4780000     0.4684100
0.6870000     0.6609625
0.5150000     0.5217060
0.5040000     0.5138775
0.5350000     0.5312095
0.6890000     0.6938361
0.5310000     0.5432885
0.0620000     -0.0179413
0.7010000     0.7326643
0.7400000     0.7686851
0.6960000     0.7375650
0.3080000     0.2897411
0.1590000     0.1062364
0.7140000     0.7393975
1.1230000     1.1101326
0.2760000     0.2268618
0.0300000     -0.0608492
0.7480000     0.7500476
0.5560000     0.5476200
0.7170000     0.7448779
0.0850000     0.0191076
0.6480000     0.6661143
0.5890000     0.5829391
0.3400000     0.3109678
0.2780000     0.2383528
0.3510000     0.3310437
0.8100000     0.8326339
0.7150000     0.7447960
0.7490000     0.7915442
0.6860000     0.7009506
0.7590000     0.7755491
0.0400000     -0.0428196
0.1360000     0.0852834
0.7070000     0.7007399
0.3290000     0.2866657
0.2060000     0.1690793
0.5270000     0.5152984
0.0200000     -0.1033395
0.7660000     0.7783213
0.3290000     0.2913154
0.1830000     0.1266824
0.6890000     0.7371399
0.1040000     0.0436296
0.4270000     0.4170013
0.8080000     0.8319701
0.4600000     0.4593379
0.1530000     0.1027607
0.0100000     -0.0975135
0.7040000     0.7147704
0.4110000     0.3624977
0.0740000     -0.0030033
0.1130000     0.0417878
0.6230000     0.6302562
0.5930000     0.6305526
0.5980000     0.5959960
0.4260000     0.4328013
0.7650000     0.7975779
0.7280000     0.7706183
0.7770000     0.7931833
0.6150000     0.6457037
0.1690000     0.1152236
0.7000000     0.7246764
0.6970000     0.6896938
0.4470000     0.4498858
0.4990000     0.5116878
0.8310000     0.8623701
0.3530000     0.3460309
0.4440000     0.4214793
0.3950000     0.3660153
0.4120000     0.3832522
0.7720000     0.7953817
0.4440000     0.4288657
0.2350000     0.1932530
0.4940000     0.4789364
0.0200000     -0.0507669
0.6790000     0.6897838
0.3120000     0.2854255
0.5320000     0.5393069
0.6010000     0.6053346
0.7340000     0.7640940
0.0300000     -0.0642263
0.1040000     0.0558603
0.2570000     0.2018948
0.5320000     0.5248494
0.3300000     0.3140266
0.2600000     0.2170070
0.0800000     0.0437241
0.0300000     -0.0417394
0.2580000     0.2382797
0.7660000     0.7894846
0.1240000     0.0782894
0.7460000     0.7616724
0.0840000     0.0321311
0.2130000     0.1693867
0.0700000     0.0034015
0.0900000     0.0541266
0.1350000     0.0949848
0.2220000     0.1902021
0.0100000     -0.0813029
0.7360000     0.7456386
0.0700000     0.0128275
0.7670000     0.7858145
0.7190000     0.7171012
0.0700000     -0.0021119
0.5750000     0.5760220
0.1530000     0.1148909
0.2210000     0.1766589
0.4940000     0.4710412
0.6190000     0.6248423
0.7390000     0.7730809
0.1310000     0.1013829
0.7110000     0.7150211
0.5420000     0.5445859
0.5210000     0.5327133
0.7920000     0.8219349
0.1350000     0.1191198
0.1700000     0.1422232
0.0600000     -0.0171068
0.5230000     0.5144703
0.0900000     0.0141235
0.3950000     0.3975707
0.8240000     0.8443105
0.3250000     0.3574760
0.4310000     0.4091622
0.6290000     0.6483204
0.0990000     0.0385829
0.7740000     0.8048868
0.4570000     0.4276939
0.6270000     0.6281384
0.7990000     0.8245587
0.0200000     -0.0674700
0.2670000     0.2416638
0.4770000     0.4422368
0.4320000     0.4289658
0.5360000     0.5619608
0.6660000     0.6643619
0.0500000     0.0078279
0.4450000     0.4318540
0.5460000     0.5620266
0.5980000     0.6351388
0.5920000     0.5888636
0.0440000     -0.0331085
0.5630000     0.5650608
0.7590000     0.7635877
0.5300000     0.5237235
0.2910000     0.2538619
0.0480000     -0.0616021
0.3530000     0.3531532
0.0800000     0.0262822
0.7730000     0.7955644
0.2860000     0.2543021
0.4080000     0.3888164
0.6010000     0.6097071
0.0710000     -0.0337706
0.5940000     0.5843999
0.3540000     0.3529989
0.5870000     0.5812148
0.5750000     0.5952714
0.2820000     0.2560602
0.4490000     0.3874330
0.6410000     0.6215402
0.5750000     0.6022002
0.5890000     0.6113725
0.5770000     0.5562679
0.0300000     -0.0491782
0.5760000     0.5721117
0.2960000     0.2661186
0.3830000     0.3651200
0.2620000     0.2258586
0.7990000     0.8345439
0.5330000     0.5309756
0.3230000     0.2956800
0.7060000     0.7259767
0.0830000     0.0387410
0.2670000     0.2181038
0.3240000     0.2881144
0.7290000     0.7590348
0.2090000     0.1654905
0.7560000     0.7802591
0.3760000     0.3364493
0.4680000     0.4595180
0.0300000     -0.0695302
0.6120000     0.5920610
0.4470000     0.4462515
0.5140000     0.5164241
0.0500000     -0.0356172
0.4220000     0.3727036
0.3370000     0.3150159
0.1960000     0.1436432
0.2020000     0.1479207
0.2200000     0.1879131
0.4600000     0.4342184
0.5580000     0.5698456
0.6730000     0.6847453
1.2120000     1.1755718
0.7300000     0.7650446
0.2340000     0.1973107
0.3040000     0.2645723
0.2370000     0.2112289
0.5830000     0.5876157
0.0200000     -0.0764775
0.4000000     0.3973796
0.4340000     0.4322466
0.1640000     0.1370617
0.3660000     0.3423189
