1.1230000     0.9376824
0.0200000     0.0530614
0.7560000     0.7060347
0.8510000     0.7940772
0.0580000     0.1015223
0.6560000     0.6489645
0.3510000     0.3566639
0.6970000     0.6722801
0.1370000     0.1446257
0.7280000     0.6878273
0.0710000     0.1006835
0.6840000     0.6343488
0.4890000     0.4731048
0.5360000     0.5540391
0.1660000     0.1671877
0.4230000     0.4194124
0.3180000     0.2982600
0.4340000     0.4315861
0.7490000     0.6991405
0.2050000     0.2085220
0.1280000     0.1493000
0.6850000     0.6480352
0.5750000     0.5566814
0.1910000     0.1835245
0.7590000     0.6985654
0.3300000     0.3415657
0.0200000     0.0725991
0.5840000     0.5736070
0.1140000     0.1163423
0.3500000     0.3562064
0.3700000     0.3792009
0.4080000     0.4187049
0.0780000     0.1003676
0.6960000     0.6598030
0.2580000     0.2644422
0.1440000     0.1545863
0.1820000     0.1651305
0.5810000     0.5261070
0.5140000     0.4970521
0.6530000     0.6393995
0.4780000     0.4697471
0.2950000     0.2866704
0.6740000     0.6404729
0.1700000     0.1765646
0.6110000     0.5924013
0.7290000     0.6862285
0.5430000     0.5285420
0.3590000     0.3785676
0.0800000     0.1059465
0.7190000     0.6872593
0.2730000     0.2608675
0.6310000     0.6099461
0.5760000     0.5623066
0.4460000     0.4487971
0.2320000     0.2427586
0.0710000     0.0869076
0.5930000     0.5846601
0.4930000     0.4874209
0.5660000     0.5495726
0.4000000     0.3987543
0.3790000     0.3923616
0.0630000     0.0911360
0.6600000     0.6279504
0.3300000     0.3041233
0.7800000     0.7303106
0.6640000     0.6235037
0.8170000     0.7423736
0.7650000     0.7046354
0.0300000     0.0711389
0.0200000     0.0559644
0.1670000     0.1860853
0.5830000     0.5694522
0.0850000     0.1034751
0.0920000     0.1182313
0.1120000     0.1246716
0.4470000     0.4477148
0.6790000     0.6348650
0.6240000     0.6020641
0.4880000     0.4770026
0.0300000     0.0635659
0.7310000     0.6887611
0.6010000     0.5731750
0.2610000     0.2592818
0.0980000     0.1128515
0.5190000     0.4976597
0.7450000     0.7050310
0.5860000     0.5690855
0.7910000     0.7423095
0.0300000     0.0701091
0.2190000     0.2265160
0.4920000     0.4911346
0.5360000     0.5075140
0.1980000     0.2026799
0.1080000     0.1090668
0.5770000     0.5476391
0.5230000     0.5019969
0.7350000     0.7069408
0.1650000     0.1879635
0.0300000     0.0789878
0.5890000     0.5662581
0.8100000     0.7502246
0.6110000     0.5825044
0.3390000     0.3532588
0.0990000     0.1016883
0.1490000     0.1696463
0.3530000     0.3484534
0.2550000     0.2399953
0.7370000     0.6898776
0.6890000     0.6523209
0.0100000     0.0563270
0.6480000     0.6193696
0.6150000     0.6129524
0.1500000     0.1495116
0.2910000     0.2838638
0.5320000     0.5048332
0.2790000     0.2805538
0.4040000     0.4146179
0.6010000     0.5933121
0.5160000     0.5052155
0.4030000     0.4114434
0.7910000     0.7486012
0.1710000     0.1640002
0.0600000     0.0887669
0.0200000     0.0592366
0.5900000     0.5705593
0.9890000     0.8884489
0.5310000     0.5148500
1.2120000     0.9810164
0.6410000     0.6167225
0.2350000     0.2421832
0.0700000     0.0902815
0.4280000     0.4368128
0.0200000     0.0740811
0.5830000     0.5410695
0.3380000     0.3273880
0.7290000     0.6761135
0.4600000     0.4649982
0.4760000     0.4795083
0.0480000     0.0870088
0.3940000     0.3942071
0.5040000     0.4926552
0.0300000     0.0592888
0.1810000     0.1878096
0.6700000     0.6305976
0.8310000     0.7716984
0.4890000     0.4613367
0.7570000     0.7090704
0.0820000     0.0921393
0.2390000     0.2499667
0.5460000     0.5258693
0.8520000     0.7852962
0.0420000     0.0802937
0.2960000     0.2978142
0.0730000     0.1059113
0.7250000     0.7178854
0.4570000     0.4521569
0.4680000     0.4583009
0.1390000     0.1379156
0.5270000     0.5103930
0.5870000     0.5684749
0.7140000     0.6737125
0.7110000     0.6689370
0.0620000     0.0865525
0.0700000     0.0911433
0.0400000     0.1028804
0.4460000     0.4372537
0.7490000     0.6957551
0.6020000     0.5824625
0.5250000     0.5102063
0.5230000     0.5045600
0.4840000     0.4778090
0.4940000     0.4778862
0.0800000     0.1029894
0.2600000     0.2563623
0.0200000     0.0695784
0.4990000     0.4899774
0.7660000     0.7111422
0.3110000     0.2980297
0.2740000     0.2600123
0.6760000     0.6508185
0.6380000     0.6241668
0.4970000     0.4965931
0.1250000     0.1463652
0.5140000     0.5013349
0.7780000     0.7252499
0.1520000     0.1504316
0.1270000     0.1347920
0.5330000     0.5111231
0.0200000     0.0529007
0.4110000     0.4123057
0.4900000     0.4815566
0.3240000     0.3077601
0.0200000     0.0579739
0.4770000     0.4688002
0.2700000     0.2565665
0.5420000     0.5218623
0.0930000     0.1094302
0.3880000     0.3759289
0.7870000     0.7405487
0.4610000     0.4653962
0.4300000     0.4242808
0.3950000     0.3915839
0.3770000     0.4037722
0.3080000     0.3037655
0.6320000     0.6115928
0.6700000     0.6511164
0.1350000     0.1477079
0.0300000     0.0685959
0.0200000     0.0532072
0.0100000     0.0439391
0.0450000     0.0751500
0.2350000     0.2594157
0.4880000     0.4980480
0.2610000     0.2645296
0.6360000     0.6082275
0.1500000     0.1512379
0.6510000     0.6300522
0.6790000     0.6534711
0.7590000     0.7178752
0.3050000     0.3009300
0.5360000     0.5209495
0.5060000     0.4946191
0.1940000     0.2123766
0.1240000     0.1348301
0.7080000     0.6572549
0.0200000     0.0550490
0.6340000     0.6025630
0.3060000     0.3046122
0.0500000     0.0824556
0.0300000     0.0712539
0.5240000     0.5026806
0.3800000     0.3844330
0.6560000     0.6338327
0.2250000     0.2532781
0.7790000     0.7293869
0.8010000     0.7303944
0.4600000     0.4535227
0.8080000     0.7338513
0.7220000     0.6836964
0.7600000     0.7071522
