0.0300000     0.0591068
0.0900000     0.1061025
0.1740000     0.1797412
0.2670000     0.2797711
0.3610000     0.3550891
0.4660000     0.4492685
0.5550000     0.5332756
0.6270000     0.6134495
0.6840000     0.6631663
0.7290000     0.6951004
0.7660000     0.7210897
0.7900000     0.7435094
0.0400000     0.0744694
0.1290000     0.1329820
0.2600000     0.2690384
0.3910000     0.3785173
0.5010000     0.4834633
0.5890000     0.5645123
0.6550000     0.6352856
0.7080000     0.6795902
0.7460000     0.7054496
0.7760000     0.7242382
0.7940000     0.7444559
0.8090000     0.7670117
0.0200000     0.0379332
0.0470000     0.0808596
0.1040000     0.1137447
0.1690000     0.1785741
0.2350000     0.2590490
0.2960000     0.3094616
0.3510000     0.3497024
0.4010000     0.3926861
0.4470000     0.4538440
0.4890000     0.4959345
0.5250000     0.5122496
0.5580000     0.5489435
0.0300000     0.0576996
0.0990000     0.1092489
0.1960000     0.1912212
0.3040000     0.3022135
0.4110000     0.3815416
0.5060000     0.4853624
0.5830000     0.5541668
0.6470000     0.6139938
0.6970000     0.6670459
0.7340000     0.7020451
0.7660000     0.7266506
0.7920000     0.7498454
0.0200000     0.0452281
0.0600000     0.0934458
0.1350000     0.1453016
0.2340000     0.2472146
0.3400000     0.3373801
0.4440000     0.4270798
0.5360000     0.5178982
0.6150000     0.5960178
0.6760000     0.6521488
0.7220000     0.6876418
0.7590000     0.7145858
0.7890000     0.7400025
0.0300000     0.0588938
0.0830000     0.1051711
0.1650000     0.1735335
0.2620000     0.2736359
0.3570000     0.3419747
0.4420000     0.4246942
0.5160000     0.4978258
0.5790000     0.5467522
0.6330000     0.6061767
0.6740000     0.6436440
0.7040000     0.6656305
0.7300000     0.6899890
0.0200000     0.0343863
0.0640000     0.0947178
0.1480000     0.1538502
0.2610000     0.2705272
0.3830000     0.3717986
0.4950000     0.4791375
0.5910000     0.5608786
0.6660000     0.6416512
0.7240000     0.6922663
0.7680000     0.7239948
0.8010000     0.7520179
0.8240000     0.7817410
0.0100000     0.0312229
0.0480000     0.0766965
0.1140000     0.1141610
0.2000000     0.1936240
0.2910000     0.3053903
0.3800000     0.3726947
0.4590000     0.4486445
0.5270000     0.5040210
0.5860000     0.5615320
0.6360000     0.6140082
0.6730000     0.6483926
0.6990000     0.6704982
0.0200000     0.0425231
0.0740000     0.0948129
0.1550000     0.1535289
0.2550000     0.2662605
0.3590000     0.3564263
0.4510000     0.4449439
0.5310000     0.5111170
0.5950000     0.5749356
0.6460000     0.6251615
0.6890000     0.6601075
0.7210000     0.6823120
0.7470000     0.7027884
0.0100000     0.0210594
0.0420000     0.0661881
0.0850000     0.1028160
0.1510000     0.1469576
0.2240000     0.2152468
0.2960000     0.3005470
0.3660000     0.3530276
0.4300000     0.4131043
0.4900000     0.4789082
0.5420000     0.5164055
0.5840000     0.5516322
0.6210000     0.5980286
0.0700000     0.0981458
0.1960000     0.1852076
0.3510000     0.3274136
0.4860000     0.4428813
0.5930000     0.5484109
0.6730000     0.6381570
0.7330000     0.6946013
0.7770000     0.7245563
0.8080000     0.7485881
0.8270000     0.7721479
0.8400000     0.7954950
0.8510000     0.8191407
0.0700000     0.0997284
0.1820000     0.1833504
0.3300000     0.3276172
0.4680000     0.4531690
0.5760000     0.5272062
0.6560000     0.6360978
0.7120000     0.6893897
0.7490000     0.7111169
0.7720000     0.7279013
0.7910000     0.7450206
0.8050000     0.7622448
0.8150000     0.7799398
0.0300000     0.0557304
0.0870000     0.1053044
0.1730000     0.1630295
0.2720000     0.2732581
0.3880000     0.3710801
0.4940000     0.4802395
0.5770000     0.5756457
0.6440000     0.6334380
0.6970000     0.6723675
0.7340000     0.6942149
0.7580000     0.7125947
0.7780000     0.7332255
0.0300000     0.0603861
0.1040000     0.1104988
0.2090000     0.1985186
0.3180000     0.3214028
0.4150000     0.4062569
0.4970000     0.4947890
0.5630000     0.5425331
0.6190000     0.6005700
0.6670000     0.6473700
0.7070000     0.6804223
0.7370000     0.7016535
0.7610000     0.7195102
0.0200000     0.0203145
0.0480000     0.0728824
0.0950000     0.1063081
0.1500000     0.1485349
0.2080000     0.2038050
0.2670000     0.2809092
0.3230000     0.3223281
0.3780000     0.3623700
0.4280000     0.4128892
0.4750000     0.4614010
0.5190000     0.4999875
0.5580000     0.5337062
0.0200000     0.0340084
0.0740000     0.0902538
0.1390000     0.1327102
0.2100000     0.2015800
0.2820000     0.2837054
0.3530000     0.3401567
0.4260000     0.4171730
0.5180000     0.5070184
0.5950000     0.5737131
0.6580000     0.6336966
0.7070000     0.6755242
0.7460000     0.7006644
0.0300000     0.0696435
0.0970000     0.1123599
0.2070000     0.1931101
0.3350000     0.3202724
0.4490000     0.4299255
0.5360000     0.5314202
0.5930000     0.5619409
0.6390000     0.6193752
0.7030000     0.7497000
0.9890000     0.9597148
1.1230000     1.0931226
1.2120000     1.1868124
0.0400000     0.0713297
0.0990000     0.1172428
0.2220000     0.2076387
0.3740000     0.3599286
0.5090000     0.4915969
0.6120000     0.6006461
0.6870000     0.6664486
0.7360000     0.7025428
0.7600000     0.7217900
0.7780000     0.7379569
0.7910000     0.7533581
0.8010000     0.7685668
0.0100000     0.0268441
0.0500000     0.0825262
0.1180000     0.1200092
0.2110000     0.1969233
0.3130000     0.3081899
0.4110000     0.3838856
0.4970000     0.4799139
0.5690000     0.5356971
0.6280000     0.6004164
0.6750000     0.6544074
0.7140000     0.6867965
0.7460000     0.7216557
0.0200000     0.0252227
0.0610000     0.0807636
0.1220000     0.1170554
0.1910000     0.1910720
0.2610000     0.2784364
0.3260000     0.3253895
0.3840000     0.3688911
0.4370000     0.4169296
0.4840000     0.4756688
0.5260000     0.5132033
0.5650000     0.5399128
0.6020000     0.5919389
0.0200000     0.0661637
0.0860000     0.1070146
0.1890000     0.1735754
0.3050000     0.2971058
0.4150000     0.3906168
0.4790000     0.4732422
0.5310000     0.5131332
0.5760000     0.5698864
0.6840000     0.6622306
0.7110000     0.6891325
0.7340000     0.7094116
0.7530000     0.7266313
