0.0200000     -0.0954054
0.0700000     -0.0434414
0.1400000     0.0706433
0.2100000     0.1701012
0.2800000     0.2551495
0.3500000     0.3449842
0.4300000     0.4472127
0.5200000     0.5493450
0.6000000     0.6466966
0.6600000     0.7419477
0.7100000     0.8212290
0.7500000     0.8752267
0.0400000     -0.0430822
0.1300000     0.0626156
0.2600000     0.2395822
0.3900000     0.3970734
0.5000000     0.5340438
0.5900000     0.6476451
0.6600000     0.7413288
0.7100000     0.8178967
0.7500000     0.8716818
0.7800000     0.9051421
0.7900000     0.9256264
0.8100000     0.9395654
0.0300000     -0.0832129
0.0800000     -0.0302894
0.1600000     0.0878624
0.2500000     0.2180066
0.3500000     0.3256041
0.4300000     0.4164298
0.4800000     0.4873381
0.5200000     0.5475829
0.5600000     0.6183414
0.6600000     0.7099352
0.6800000     0.7708266
0.7000000     0.8111407
0.0300000     -0.0692006
0.1000000     -0.0071564
0.2100000     0.1593897
0.3200000     0.3079223
0.4200000     0.4224679
0.5000000     0.5244947
0.5600000     0.6075293
0.6200000     0.6769732
0.6700000     0.7494261
0.7100000     0.8171208
0.7400000     0.8613534
0.7600000     0.8892558
0.0300000     -0.0672235
0.0900000     -0.0012556
0.1900000     0.1532717
0.3100000     0.3050339
0.4100000     0.4291795
0.5000000     0.5342646
0.5600000     0.6073316
0.6000000     0.6577515
0.6300000     0.6973503
0.6500000     0.7345355
0.6700000     0.7876211
0.7500000     0.8678080
0.0300000     -0.0858209
0.0900000     -0.0328389
0.1700000     0.1097186
0.2700000     0.2525305
0.3600000     0.3833072
0.4700000     0.5111281
0.5600000     0.6225128
0.6300000     0.7084351
0.6800000     0.7768511
0.7300000     0.8452240
0.7700000     0.8943859
0.7900000     0.9164908
0.0600000     -0.0339026
0.1500000     0.0672371
0.2600000     0.2243067
0.3800000     0.3789177
0.4900000     0.5173194
0.5800000     0.6425953
0.6500000     0.7373763
0.7100000     0.8169469
0.7500000     0.8763064
0.7800000     0.9076405
0.8000000     0.9261823
0.8200000     0.9386116
0.0200000     -0.0574055
0.0700000     -0.0095343
0.1600000     0.1042073
0.2800000     0.2745055
0.3900000     0.4136326
0.4900000     0.5357660
0.5700000     0.6433700
0.6400000     0.7278869
0.6900000     0.7930132
0.7300000     0.8444133
0.7600000     0.8863847
0.7800000     0.9145832
0.0100000     -0.1145132
0.0400000     -0.0890087
0.0900000     -0.0231046
0.1500000     0.0804157
0.2100000     0.1629944
0.2800000     0.2456592
0.3400000     0.3231155
0.4000000     0.3926658
0.4500000     0.4580033
0.5000000     0.5194642
0.5500000     0.5785025
0.5900000     0.6359580
0.0300000     -0.0936554
0.0700000     -0.0569560
0.1300000     0.0525720
0.2100000     0.1724243
0.3000000     0.2868139
0.3800000     0.3962879
0.4600000     0.4927640
0.5200000     0.5736080
0.5800000     0.6480360
0.6300000     0.7172112
0.6800000     0.7756664
0.7100000     0.8188238
0.0200000     -0.1112668
0.0500000     -0.0820649
0.0900000     -0.0187730
0.1500000     0.0878773
0.2200000     0.1717323
0.2800000     0.2428604
0.3300000     0.3075208
0.3800000     0.3664051
0.4300000     0.4214134
0.4700000     0.4727329
0.5000000     0.5220423
0.5400000     0.5697448
0.0300000     -0.0904828
0.0600000     -0.0536972
0.1200000     0.0307233
0.2000000     0.1524670
0.2800000     0.2587919
0.3600000     0.3566149
0.4300000     0.4468741
0.4900000     0.5258106
0.5500000     0.5992965
0.6000000     0.6686895
0.6500000     0.7187134
0.6800000     0.7619700
0.0400000     -0.0411105
0.1400000     0.0593203
0.2700000     0.2412141
0.4000000     0.4054522
0.5200000     0.5503446
0.6000000     0.6675713
0.6700000     0.7630509
0.7200000     0.8376359
0.7600000     0.8831418
0.7900000     0.9094826
0.8100000     0.9266760
0.8300000     0.9389306
0.0300000     -0.0946998
0.0500000     -0.0631866
0.0900000     0.0053905
0.1500000     0.0957564
0.2200000     0.1833560
0.2900000     0.2637194
0.3500000     0.3414364
0.4100000     0.4107522
0.4600000     0.4723948
0.5100000     0.5282151
0.5500000     0.5824872
0.5800000     0.6501294
0.0500000     -0.0315827
0.1500000     0.0856768
0.2900000     0.2569264
0.4200000     0.4153562
0.5300000     0.5593794
0.6100000     0.6704898
0.6700000     0.7496881
0.7100000     0.7950457
0.7200000     0.8238739
0.7300000     0.8447649
0.7300000     0.8615015
0.7300000     0.8767859
0.0800000     -0.0011467
0.2000000     0.1489117
0.3400000     0.3057513
0.4200000     0.4296236
0.4900000     0.5552987
0.6400000     0.7024322
0.6800000     0.7721554
0.7200000     0.8199549
0.7500000     0.8590524
0.7700000     0.8901893
0.7900000     0.9118644
0.8100000     0.9271148
0.0200000     -0.0717831
0.0700000     -0.0281000
0.1500000     0.0766104
0.2600000     0.2286019
0.3700000     0.3648147
0.4600000     0.4823903
0.5400000     0.5870101
0.6100000     0.6756914
0.6600000     0.7492707
0.7000000     0.8059978
0.7400000     0.8534645
0.7700000     0.9020005
0.0200000     -0.1054666
0.0500000     -0.0703920
0.1100000     0.0155987
0.2000000     0.1493142
0.3000000     0.2794988
0.3900000     0.3874674
0.4800000     0.4930358
0.5500000     0.5916259
0.6100000     0.6672164
0.6600000     0.7201401
0.6800000     0.7595727
0.7000000     0.7922672
0.0100000     -0.1164564
0.0300000     -0.0924872
0.0700000     -0.0362904
0.1200000     0.0452836
0.1800000     0.1173705
0.2400000     0.1909342
0.2900000     0.2563972
0.3400000     0.3169445
0.3900000     0.3766984
0.4400000     0.4360604
0.4800000     0.4927177
0.5200000     0.5491984
0.0200000     -0.0823532
0.0600000     -0.0318976
0.1400000     0.0713078
0.2500000     0.2049116
0.3700000     0.3444161
0.4700000     0.4654688
0.5300000     0.5555115
0.5800000     0.6248375
0.6200000     0.7010245
0.7300000     0.8244933
0.7500000     0.8776513
0.7700000     0.9054546
0.0200000     -0.1040387
0.0600000     -0.0627530
0.1200000     0.0325671
0.2200000     0.1714291
0.3300000     0.3124195
0.4300000     0.4380656
0.5200000     0.5501195
0.6000000     0.6498165
0.6600000     0.7447777
0.7000000     0.8129005
0.7300000     0.8587328
0.7600000     0.8903919
