0.0200000     -0.0249687
0.0700000     0.0162128
0.1400000     0.0706644
0.2100000     0.1414162
0.2800000     0.2300829
0.3500000     0.3348641
0.4300000     0.4491556
0.5200000     0.5627635
0.6000000     0.6658142
0.6600000     0.7523655
0.7100000     0.8211320
0.7500000     0.8739234
0.0400000     0.0737459
0.1300000     0.1475967
0.2600000     0.2398883
0.3900000     0.3482613
0.5000000     0.4652157
0.5900000     0.5797220
0.6600000     0.6816628
0.7100000     0.7655830
0.7500000     0.8310330
0.7800000     0.8805433
0.7900000     0.9175372
0.8100000     0.9451735
0.0300000     -0.0504686
0.0800000     -0.0103961
0.1600000     0.0427468
0.2500000     0.1120888
0.3500000     0.1994407
0.4300000     0.3032547
0.4800000     0.4170977
0.5200000     0.5307183
0.5600000     0.6339912
0.6600000     0.7207416
0.6800000     0.7896149
0.7000000     0.8424859
0.0300000     0.0234124
0.1000000     0.0822394
0.2100000     0.1581912
0.3200000     0.2524609
0.4200000     0.3622314
0.5000000     0.4794275
0.5600000     0.5926384
0.6200000     0.6918593
0.6700000     0.7721912
0.7100000     0.8338407
0.7400000     0.8798179
0.7600000     0.9137842
0.0300000     0.0011387
0.0900000     0.0526596
0.1900000     0.1193688
0.3100000     0.2026084
0.4100000     0.3007170
0.5000000     0.4079282
0.5600000     0.5153306
0.6000000     0.6140305
0.6300000     0.6983120
0.6500000     0.7665535
0.6700000     0.8200670
0.7500000     0.8614315
0.0300000     -0.0131397
0.0900000     0.0387473
0.1700000     0.1077427
0.2700000     0.1965459
0.3600000     0.3043936
0.4700000     0.4247563
0.5600000     0.5459477
0.6300000     0.6558261
0.6800000     0.7469693
0.7300000     0.8179958
0.7700000     0.8714296
0.7900000     0.9110832
0.0600000     0.0493186
0.1500000     0.1174955
0.2600000     0.2036988
0.3800000     0.3064227
0.4900000     0.4193155
0.5800000     0.5322846
0.6500000     0.6353930
0.7100000     0.7225616
0.7500000     0.7923797
0.7800000     0.8465608
0.8000000     0.8880345
0.8200000     0.9197349
0.0200000     0.0873532
0.0700000     0.1526158
0.1600000     0.2326801
0.2800000     0.3268210
0.3900000     0.4308102
0.4900000     0.5369641
0.5700000     0.6364424
0.6400000     0.7225776
0.6900000     0.7926940
0.7300000     0.8475387
0.7600000     0.8895962
0.7800000     0.9216917
0.0100000     -0.1005390
0.0400000     -0.0720695
0.0900000     -0.0339489
0.1500000     0.0169460
0.2100000     0.0838463
0.2800000     0.1688513
0.3400000     0.2709168
0.4000000     0.3842003
0.4500000     0.4988334
0.5000000     0.6045998
0.5500000     0.6947934
0.5900000     0.7673960
0.0300000     -0.0501731
0.0700000     -0.0090244
0.1300000     0.0462061
0.2100000     0.1192593
0.3000000     0.2125282
0.3800000     0.3244371
0.4600000     0.4472551
0.5200000     0.5683946
0.5800000     0.6758209
0.6300000     0.7630759
0.6800000     0.8298455
0.7100000     0.8793349
0.0200000     -0.1141913
0.0500000     -0.0900776
0.0900000     -0.0582618
0.1500000     -0.0163102
0.2200000     0.0384987
0.2800000     0.1085531
0.3300000     0.1946738
0.3800000     0.2945535
0.4300000     0.4020093
0.4700000     0.5083361
0.5000000     0.6053755
0.5400000     0.6881092
0.0300000     -0.0574691
0.0600000     -0.0224712
0.1200000     0.0233531
0.2000000     0.0828222
0.2800000     0.1582866
0.3600000     0.2502540
0.4300000     0.3557040
0.4900000     0.4673795
0.5500000     0.5755078
0.6000000     0.6714596
0.6500000     0.7506334
0.6800000     0.8126824
0.0400000     0.0447824
0.1400000     0.1134627
0.2700000     0.2019558
0.4000000     0.3094737
0.5200000     0.4295232
0.6000000     0.5506133
0.6700000     0.6608057
0.7200000     0.7526264
0.7600000     0.8244184
0.7900000     0.8784453
0.8100000     0.9184057
0.8300000     0.9478856
0.0300000     -0.0489633
0.0500000     -0.0120537
0.0900000     0.0373009
0.1500000     0.1025112
0.2200000     0.1859960
0.2900000     0.2870860
0.3500000     0.4001771
0.4100000     0.5153368
0.4600000     0.6220292
0.5100000     0.7131880
0.5500000     0.7865651
0.5800000     0.8434511
0.0500000     0.0830719
0.1500000     0.1552308
0.2900000     0.2450844
0.4200000     0.3501031
0.5300000     0.4630629
0.6100000     0.5738504
0.6700000     0.6734361
0.7100000     0.7568799
0.7200000     0.8234921
0.7300000     0.8751863
0.7300000     0.9147854
0.7300000     0.9450274
0.0800000     0.0301820
0.2000000     0.0979579
0.3400000     0.1856911
0.4200000     0.2926696
0.4900000     0.4122787
0.6400000     0.5327758
0.6800000     0.6421700
0.7200000     0.7332493
0.7500000     0.8046615
0.7700000     0.8587781
0.7900000     0.8992154
0.8100000     0.9294014
0.0200000     0.0074429
0.0700000     0.0641774
0.1500000     0.1387101
0.2600000     0.2329435
0.3700000     0.3445446
0.4600000     0.4652586
0.5400000     0.5828806
0.6100000     0.6865274
0.6600000     0.7707280
0.7000000     0.8354632
0.7400000     0.8837487
0.7700000     0.9193672
0.0200000     -0.0752961
0.0500000     -0.0434877
0.1100000     -0.0009780
0.2000000     0.0557325
0.3000000     0.1300854
0.3900000     0.2237555
0.4800000     0.3341565
0.5500000     0.4530658
0.6100000     0.5688066
0.6600000     0.6712022
0.6800000     0.7551355
0.7000000     0.8204563
0.0100000     -0.0886139
0.0300000     -0.0627206
0.0700000     -0.0292900
0.1200000     0.0140127
0.1800000     0.0698517
0.2400000     0.1406293
0.2900000     0.2272446
0.3400000     0.3274511
0.3900000     0.4349999
0.4400000     0.5410093
0.4800000     0.6372156
0.5200000     0.7186822
0.0200000     0.0083471
0.0600000     0.0655318
0.1400000     0.1400387
0.2500000     0.2329386
0.3700000     0.3412811
0.4700000     0.4571675
0.5300000     0.5697939
0.5800000     0.6697448
0.6200000     0.7521626
0.7300000     0.8167846
0.7500000     0.8660377
0.7700000     0.9031617
0.0200000     -0.0183159
0.0600000     0.0244908
0.1200000     0.0805387
0.2200000     0.1525420
0.3300000     0.2416789
0.4300000     0.3457887
0.5200000     0.4582724
0.6000000     0.5693724
0.6600000     0.6697879
0.7000000     0.7539798
0.7300000     0.8208539
0.7600000     0.8722875
