0.0200000     -0.0861606
0.0700000     -0.0279930
0.1400000     0.0825537
0.2100000     0.1898970
0.2800000     0.2825253
0.3500000     0.3832505
0.4300000     0.4808558
0.5200000     0.5706259
0.6000000     0.6592682
0.6600000     0.7476734
0.7100000     0.8377308
0.7500000     0.8859775
0.0400000     -0.0470734
0.1300000     0.0545729
0.2600000     0.2415039
0.3900000     0.4109212
0.5000000     0.5552198
0.5900000     0.6662447
0.6600000     0.7735039
0.7100000     0.8555824
0.7500000     0.8928930
0.7800000     0.9151458
0.7900000     0.9299956
0.8100000     0.9404783
0.0300000     -0.0823234
0.0800000     -0.0331170
0.1600000     0.1202290
0.2500000     0.2574198
0.3500000     0.3664154
0.4300000     0.4577797
0.4800000     0.5273197
0.5200000     0.5868022
0.5600000     0.6462821
0.6600000     0.7155231
0.6800000     0.7748385
0.7000000     0.8149445
0.0300000     -0.0580940
0.1000000     0.0067332
0.2100000     0.1926996
0.3200000     0.3416325
0.4200000     0.4668511
0.5000000     0.5635466
0.5600000     0.6408654
0.6200000     0.7096613
0.6700000     0.7747747
0.7100000     0.8269617
0.7400000     0.8654062
0.7600000     0.8937827
0.0300000     -0.0716114
0.0900000     -0.0136126
0.1900000     0.1363606
0.3100000     0.2912692
0.4100000     0.4174911
0.5000000     0.5277048
0.5600000     0.6033893
0.6000000     0.6575052
0.6300000     0.6993786
0.6500000     0.7349535
0.6700000     0.7702299
0.7500000     0.8215662
0.0300000     -0.0779751
0.0900000     -0.0045522
0.1700000     0.1202531
0.2700000     0.2563245
0.3600000     0.3824661
0.4700000     0.5105626
0.5600000     0.6187816
0.6300000     0.7061073
0.6800000     0.7820308
0.7300000     0.8686305
0.7700000     0.9049010
0.7900000     0.9233035
0.0600000     -0.0406463
0.1500000     0.0857140
0.2600000     0.2470170
0.3800000     0.3951780
0.4900000     0.5304830
0.5800000     0.6390542
0.6500000     0.7433115
0.7100000     0.8208690
0.7500000     0.8769341
0.7800000     0.9127070
0.8000000     0.9292876
0.8200000     0.9402259
0.0200000     -0.0639948
0.0700000     -0.0221171
0.1600000     0.1152659
0.2800000     0.2690849
0.3900000     0.4035835
0.4900000     0.5251043
0.5700000     0.6236738
0.6400000     0.7141324
0.6900000     0.8027617
0.7300000     0.8778873
0.7600000     0.9112439
0.7800000     0.9281896
0.0100000     -0.1065503
0.0400000     -0.0846715
0.0900000     0.0051832
0.1500000     0.0910627
0.2100000     0.1804601
0.2800000     0.2587406
0.3400000     0.3356628
0.4000000     0.4161894
0.4500000     0.4859239
0.5000000     0.5443545
0.5500000     0.5989264
0.5900000     0.6567107
0.0300000     -0.0856709
0.0700000     -0.0417779
0.1300000     0.0677171
0.2100000     0.1851067
0.3000000     0.3058380
0.3800000     0.4109346
0.4600000     0.5030633
0.5200000     0.5784469
0.5800000     0.6456416
0.6300000     0.7096359
0.6800000     0.7746373
0.7100000     0.8256088
0.0200000     -0.1096900
0.0500000     -0.0759124
0.0900000     0.0044047
0.1500000     0.0948983
0.2200000     0.1882666
0.2800000     0.2609738
0.3300000     0.3285236
0.3800000     0.3997251
0.4300000     0.4635132
0.4700000     0.5158551
0.5000000     0.5624661
0.5400000     0.6062453
0.0300000     -0.0782737
0.0600000     -0.0427087
0.1200000     0.0565162
0.2000000     0.1773442
0.2800000     0.2881876
0.3600000     0.3842691
0.4300000     0.4747967
0.4900000     0.5502825
0.5500000     0.6170912
0.6000000     0.6759548
0.6500000     0.7270360
0.6800000     0.7743343
0.0400000     -0.0462032
0.1400000     0.0668864
0.2700000     0.2694697
0.4000000     0.4389054
0.5200000     0.5767818
0.6000000     0.6795480
0.6700000     0.7641187
0.7200000     0.8282157
0.7600000     0.8868977
0.7900000     0.9134664
0.8100000     0.9287675
0.8300000     0.9394617
0.0300000     -0.0893993
0.0500000     -0.0583328
0.0900000     0.0238300
0.1500000     0.1113162
0.2200000     0.2031285
0.2900000     0.2847289
0.3500000     0.3656775
0.4100000     0.4381120
0.4600000     0.4970980
0.5100000     0.5503739
0.5500000     0.6034323
0.5800000     0.6619868
0.0500000     -0.0458656
0.1500000     0.0789485
0.2900000     0.2887012
0.4200000     0.4523664
0.5300000     0.5872959
0.6100000     0.6849083
0.6700000     0.7621772
0.7100000     0.8104262
0.7200000     0.8393286
0.7300000     0.8591427
0.7300000     0.8740842
0.7300000     0.8862074
0.0800000     -0.0167255
0.2000000     0.1581731
0.3400000     0.3235248
0.4200000     0.4407818
0.4900000     0.5529350
0.6400000     0.6899804
0.6800000     0.7770253
0.7200000     0.8275216
0.7500000     0.8683546
0.7700000     0.8994004
0.7900000     0.9192205
0.8100000     0.9323259
0.0200000     -0.0655318
0.0700000     -0.0221242
0.1500000     0.1235296
0.2600000     0.2698923
0.3700000     0.4011885
0.4600000     0.5118453
0.5400000     0.6035378
0.6100000     0.6873657
0.6600000     0.7625195
0.7000000     0.8224979
0.7400000     0.8878064
0.7700000     0.9177209
0.0200000     -0.1061732
0.0500000     -0.0832711
0.1100000     0.0141616
0.2000000     0.1706506
0.3000000     0.2973983
0.3900000     0.4153975
0.4800000     0.5293123
0.5500000     0.6225015
0.6100000     0.6942601
0.6600000     0.7484223
0.6800000     0.7906078
0.7000000     0.8232533
0.0100000     -0.1102846
0.0300000     -0.0949965
0.0700000     -0.0359945
0.1200000     0.0694904
0.1800000     0.1581744
0.2400000     0.2251449
0.2900000     0.2894850
0.3400000     0.3589354
0.3900000     0.4221511
0.4400000     0.4780340
0.4800000     0.5310374
0.5200000     0.5847567
0.0200000     -0.0716129
0.0600000     -0.0336511
0.1400000     0.0852094
0.2500000     0.2430261
0.3700000     0.3813249
0.4700000     0.4910189
0.5300000     0.5714347
0.5800000     0.6384234
0.6200000     0.7089764
0.7300000     0.8259091
0.7500000     0.8971319
0.7700000     0.9210392
0.0200000     -0.0934196
0.0600000     -0.0610753
0.1200000     0.0549736
0.2200000     0.2036483
0.3300000     0.3522100
0.4300000     0.4770783
0.5200000     0.5893741
0.6000000     0.6810941
0.6600000     0.7571107
0.7000000     0.8146718
0.7300000     0.8579755
0.7600000     0.8910965
