0.0200000     0.0509342
0.0700000     0.0939166
0.1400000     0.1395974
0.2100000     0.2258083
0.2800000     0.2738891
0.3500000     0.3459143
0.4300000     0.4105304
0.5200000     0.4846721
0.6000000     0.5882295
0.6600000     0.6662709
0.7100000     0.7050943
0.7500000     0.7272485
0.0400000     0.0797804
0.1300000     0.1275518
0.2600000     0.2394090
0.3900000     0.3831362
0.5000000     0.5043069
0.5900000     0.5791032
0.6600000     0.6536676
0.7100000     0.7061048
0.7500000     0.7347120
0.7800000     0.7569164
0.7900000     0.7780883
0.8100000     0.7995126
0.0300000     0.0566573
0.0800000     0.0987550
0.1600000     0.1436997
0.2500000     0.2284582
0.3500000     0.3290085
0.4300000     0.4189774
0.4800000     0.4788288
0.5200000     0.5136493
0.5600000     0.5785067
0.6600000     0.6627473
0.6800000     0.6936963
0.7000000     0.7169169
0.0300000     0.0614360
0.1000000     0.1037437
0.2100000     0.1677147
0.3200000     0.2839284
0.4200000     0.3964124
0.5000000     0.4892310
0.5600000     0.5543506
0.6200000     0.6238511
0.6700000     0.6825576
0.7100000     0.7121922
0.7400000     0.7298789
0.7600000     0.7489581
0.0300000     0.0661901
0.0900000     0.1084740
0.1900000     0.1797889
0.3100000     0.2925540
0.4100000     0.4029703
0.5000000     0.4949994
0.5600000     0.5622149
0.6000000     0.6061022
0.6300000     0.6321001
0.6500000     0.6508113
0.6700000     0.6896465
0.7500000     0.7256020
0.0300000     0.0680161
0.0900000     0.1097349
0.1700000     0.1710129
0.2700000     0.2686704
0.3600000     0.3626813
0.4700000     0.4628771
0.5600000     0.5527903
0.6300000     0.6203464
0.6800000     0.6909633
0.7300000     0.7280494
0.7700000     0.7515149
0.7900000     0.7734354
0.0600000     0.0910541
0.1500000     0.1562975
0.2600000     0.2698637
0.3800000     0.3826912
0.4900000     0.4866983
0.5800000     0.5742769
0.6500000     0.6519736
0.7100000     0.7098325
0.7500000     0.7410545
0.7800000     0.7621469
0.8000000     0.7827829
0.8200000     0.8034189
0.0200000     0.0620484
0.0700000     0.0995350
0.1600000     0.1549260
0.2800000     0.2608571
0.3900000     0.3767323
0.4900000     0.4874718
0.5700000     0.5722062
0.6400000     0.6452261
0.6900000     0.6988364
0.7300000     0.7233279
0.7600000     0.7438071
0.7800000     0.7645017
0.0100000     0.0367173
0.0400000     0.0709560
0.0900000     0.1018236
0.1500000     0.1439325
0.2100000     0.2109513
0.2800000     0.2730487
0.3400000     0.3362145
0.4000000     0.3885431
0.4500000     0.4441405
0.5000000     0.4994473
0.5500000     0.5561795
0.5900000     0.5949294
0.0300000     0.0546063
0.0700000     0.0915208
0.1300000     0.1300474
0.2100000     0.2049521
0.3000000     0.2781210
0.3800000     0.3685977
0.4600000     0.4497862
0.5200000     0.5261986
0.5800000     0.5855275
0.6300000     0.6526152
0.6800000     0.6944859
0.7100000     0.7156854
0.0200000     0.0349871
0.0500000     0.0673334
0.0900000     0.0986184
0.1500000     0.1360399
0.2200000     0.2076816
0.2800000     0.2678179
0.3300000     0.3189840
0.3800000     0.3671589
0.4300000     0.4144693
0.4700000     0.4599175
0.5000000     0.5084594
0.5400000     0.5537800
0.0300000     0.0441839
0.0600000     0.0811435
0.1200000     0.1158703
0.2000000     0.1702617
0.2800000     0.2598341
0.3600000     0.3416654
0.4300000     0.4146277
0.4900000     0.4847643
0.5500000     0.5582668
0.6000000     0.6266485
0.6500000     0.6682112
0.6800000     0.6929904
0.0400000     0.0838207
0.1400000     0.1480494
0.2700000     0.2673398
0.4000000     0.4010860
0.5200000     0.5271615
0.6000000     0.5963380
0.6700000     0.6690103
0.7200000     0.7149781
0.7600000     0.7429444
0.7900000     0.7653852
0.8100000     0.7873056
0.8300000     0.8092260
0.0300000     0.0421828
0.0500000     0.0782355
0.0900000     0.1099358
0.1500000     0.1502393
0.2200000     0.2215121
0.2900000     0.2748900
0.3500000     0.3418327
0.4100000     0.3999606
0.4600000     0.4739967
0.5100000     0.5300045
0.5500000     0.5607514
0.5800000     0.5901711
0.0500000     0.0949916
0.1500000     0.1579504
0.2900000     0.2940839
0.4200000     0.4018638
0.5300000     0.5077291
0.6100000     0.5896287
0.6700000     0.6616960
0.7100000     0.6945244
0.7200000     0.7065598
0.7300000     0.7150953
0.7300000     0.7243857
0.7300000     0.7381316
0.0800000     0.1012480
0.2000000     0.1753710
0.3400000     0.3350161
0.4200000     0.4176306
0.4900000     0.4933094
0.6400000     0.6478160
0.6800000     0.6973021
0.7200000     0.7224669
0.7500000     0.7449994
0.7700000     0.7626660
0.7900000     0.7811477
0.8100000     0.8025150
0.0200000     0.0635219
0.0700000     0.1034199
0.1500000     0.1560218
0.2600000     0.2632544
0.3700000     0.3617559
0.4600000     0.4648972
0.5400000     0.5486641
0.6100000     0.6252887
0.6600000     0.6840750
0.7000000     0.7130563
0.7400000     0.7326466
0.7700000     0.7521017
0.0200000     0.0435639
0.0500000     0.0807610
0.1100000     0.1148509
0.2000000     0.1768603
0.3000000     0.2861836
0.3900000     0.3908235
0.4800000     0.4711249
0.5500000     0.5475547
0.6100000     0.6055092
0.6600000     0.6654443
0.6800000     0.6914537
0.7000000     0.7061465
0.0100000     0.0229406
0.0300000     0.0560127
0.0700000     0.0884744
0.1200000     0.1189055
0.1800000     0.1682805
0.2400000     0.2354334
0.2900000     0.2743565
0.3400000     0.3293948
0.3900000     0.3850081
0.4400000     0.4387780
0.4800000     0.4748872
0.5200000     0.5152385
0.0200000     0.0511927
0.0600000     0.0919337
0.1400000     0.1405711
0.2500000     0.2310096
0.3700000     0.3525116
0.4700000     0.4763651
0.5300000     0.5456238
0.5800000     0.5909297
0.6200000     0.6534284
0.7300000     0.7181613
0.7500000     0.7447178
0.7700000     0.7677603
0.0200000     0.0451875
0.0600000     0.0860765
0.1200000     0.1274252
0.2200000     0.2176334
0.3300000     0.3265571
0.4300000     0.4282151
0.5200000     0.5162419
0.6000000     0.5972584
0.6600000     0.6653404
0.7000000     0.7037801
0.7300000     0.7253441
0.7600000     0.7451113
