0.0200000     -0.0845740
0.0700000     -0.0291663
0.1400000     0.0827169
0.2100000     0.1741928
0.2800000     0.2638000
0.3500000     0.3593989
0.4300000     0.4563237
0.5200000     0.5528108
0.6000000     0.6410532
0.6600000     0.7214311
0.7100000     0.7928058
0.7500000     0.8464031
0.0400000     -0.0209504
0.1300000     0.0735348
0.2600000     0.2373115
0.3900000     0.3908538
0.5000000     0.5297169
0.5900000     0.6382285
0.6600000     0.7343650
0.7100000     0.8140215
0.7500000     0.8581863
0.7800000     0.8867015
0.7900000     0.9066946
0.8100000     0.9214301
0.0300000     -0.0759411
0.0800000     -0.0109338
0.1600000     0.1090036
0.2500000     0.2290358
0.3500000     0.3363920
0.4300000     0.4240665
0.4800000     0.5012071
0.5200000     0.5732890
0.5600000     0.6420339
0.6600000     0.7063838
0.6800000     0.7595155
0.7000000     0.8010366
0.0300000     -0.0486303
0.1000000     0.0269266
0.2100000     0.1755377
0.3200000     0.3070359
0.4200000     0.4271272
0.5000000     0.5270709
0.5600000     0.6082768
0.6200000     0.6772494
0.6700000     0.7399960
0.7100000     0.7947439
0.7400000     0.8327450
0.7600000     0.8594828
0.0300000     -0.0473330
0.0900000     0.0221319
0.1900000     0.1562642
0.3100000     0.3056611
0.4100000     0.4302546
0.5000000     0.5291173
0.5600000     0.5999962
0.6000000     0.6530303
0.6300000     0.6954138
0.6500000     0.7327340
0.6700000     0.7719927
0.7500000     0.8169925
0.0300000     -0.0715529
0.0900000     -0.0087895
0.1700000     0.1109177
0.2700000     0.2336002
0.3600000     0.3580013
0.4700000     0.4805189
0.5600000     0.5877010
0.6300000     0.6755207
0.6800000     0.7520578
0.7300000     0.8182682
0.7700000     0.8635175
0.7900000     0.8917584
0.0600000     -0.0222165
0.1500000     0.0921441
0.2600000     0.2384688
0.3800000     0.3806142
0.4900000     0.5117775
0.5800000     0.6222270
0.6500000     0.7181088
0.7100000     0.7984365
0.7500000     0.8548996
0.7800000     0.8868732
0.8000000     0.9073174
0.8200000     0.9217474
0.0200000     -0.0499909
0.0700000     0.0008186
0.1600000     0.1168564
0.2800000     0.2669628
0.3900000     0.4016120
0.4900000     0.5206878
0.5700000     0.6184122
0.6400000     0.7015350
0.6900000     0.7806419
0.7300000     0.8445738
0.7600000     0.8823838
0.7800000     0.9045812
0.0100000     -0.1049682
0.0400000     -0.0729463
0.0900000     -0.0025210
0.1500000     0.0776716
0.2100000     0.1642075
0.2800000     0.2503214
0.3400000     0.3293645
0.4000000     0.3957567
0.4500000     0.4566412
0.5000000     0.5164335
0.5500000     0.5778382
0.5900000     0.6404234
0.0300000     -0.0696108
0.0700000     -0.0251100
0.1300000     0.0582327
0.2100000     0.1672177
0.3000000     0.2759216
0.3800000     0.3861393
0.4600000     0.4801817
0.5200000     0.5577039
0.5800000     0.6231004
0.6300000     0.6807526
0.6800000     0.7355278
0.7100000     0.7907809
0.0200000     -0.1060286
0.0500000     -0.0730742
0.0900000     -0.0079732
0.1500000     0.0736256
0.2200000     0.1585398
0.2800000     0.2391015
0.3300000     0.3138685
0.3800000     0.3741151
0.4300000     0.4269103
0.4700000     0.4762023
0.5000000     0.5234221
0.5400000     0.5691616
0.0300000     -0.0726962
0.0600000     -0.0370094
0.1200000     0.0433068
0.2000000     0.1474146
0.2800000     0.2470374
0.3600000     0.3465178
0.4300000     0.4336891
0.4900000     0.5088181
0.5500000     0.5758958
0.6000000     0.6358185
0.6500000     0.6892316
0.6800000     0.7381799
0.0400000     -0.0289432
0.1400000     0.0690333
0.2700000     0.2469749
0.4000000     0.4019942
0.5200000     0.5372532
0.6000000     0.6435328
0.6700000     0.7341362
0.7200000     0.8055308
0.7600000     0.8517365
0.7900000     0.8819058
0.8100000     0.9025545
0.8300000     0.9176043
0.0300000     -0.0835873
0.0500000     -0.0534680
0.0900000     0.0108795
0.1500000     0.1102143
0.2200000     0.1952854
0.2900000     0.2777607
0.3500000     0.3508664
0.4100000     0.4166926
0.4600000     0.4791098
0.5100000     0.5409324
0.5500000     0.6048980
0.5800000     0.6740827
0.0500000     -0.0149575
0.1500000     0.1057230
0.2900000     0.2856480
0.4200000     0.4373953
0.5300000     0.5660631
0.6100000     0.6657403
0.6700000     0.7362406
0.7100000     0.7836376
0.7200000     0.8164999
0.7300000     0.8409955
0.7300000     0.8604564
0.7300000     0.8769139
0.0800000     0.0241277
0.2000000     0.1635267
0.3400000     0.3212839
0.4200000     0.4425742
0.4900000     0.5615377
0.6400000     0.6779996
0.6800000     0.7583872
0.7200000     0.8131258
0.7500000     0.8525066
0.7700000     0.8794343
0.7900000     0.8983564
0.8100000     0.9126115
0.0200000     -0.0452319
0.0700000     0.0016246
0.1500000     0.1102978
0.2600000     0.2464158
0.3700000     0.3709975
0.4600000     0.4795465
0.5400000     0.5735734
0.6100000     0.6548715
0.6600000     0.7268065
0.7000000     0.7850449
0.7400000     0.8341469
0.7700000     0.8753768
0.0200000     -0.1026812
0.0500000     -0.0668606
0.1100000     0.0250509
0.2000000     0.1531559
0.3000000     0.2764662
0.3900000     0.3935271
0.4800000     0.5021856
0.5500000     0.5950310
0.6100000     0.6639398
0.6600000     0.7150816
0.6800000     0.7547535
0.7000000     0.7871782
0.0100000     -0.1157406
0.0300000     -0.0911172
0.0700000     -0.0322094
0.1200000     0.0529645
0.1800000     0.1328174
0.2400000     0.2046895
0.2900000     0.2728799
0.3400000     0.3301756
0.3900000     0.3835334
0.4400000     0.4379350
0.4800000     0.4963737
0.5200000     0.5606335
0.0200000     -0.0598912
0.0600000     -0.0108308
0.1400000     0.0963317
0.2500000     0.2514547
0.3700000     0.3839317
0.4700000     0.4887238
0.5300000     0.5756533
0.5800000     0.6548937
0.6200000     0.7381011
0.7300000     0.8115606
0.7500000     0.8583288
0.7700000     0.8871335
0.0200000     -0.0874914
0.0600000     -0.0475949
0.1200000     0.0355353
0.2200000     0.1895598
0.3300000     0.3277496
0.4300000     0.4490622
0.5200000     0.5620705
0.6000000     0.6549450
0.6600000     0.7289255
0.7000000     0.7822298
0.7300000     0.8231136
0.7600000     0.8564028
