0.0200000     -0.0844893
0.0700000     -0.0118097
0.1400000     0.0909023
0.2100000     0.1843843
0.2800000     0.2803956
0.3500000     0.3782801
0.4300000     0.4779300
0.5200000     0.5774481
0.6000000     0.6657090
0.6600000     0.7386631
0.7100000     0.8009425
0.7500000     0.8538063
0.0400000     -0.0351723
0.1300000     0.0996246
0.2600000     0.2566236
0.3900000     0.4152263
0.5000000     0.5563931
0.5900000     0.6653263
0.6600000     0.7492722
0.7100000     0.8197823
0.7500000     0.8731983
0.7800000     0.9038268
0.7900000     0.9236139
0.8100000     0.9369574
0.0300000     -0.0745942
0.0800000     0.0144785
0.1600000     0.1268371
0.2500000     0.2460831
0.3500000     0.3636284
0.4300000     0.4607396
0.4800000     0.5372249
0.5200000     0.6023484
0.5600000     0.6641333
0.6600000     0.7323329
0.6800000     0.7853428
0.7000000     0.8237104
0.0300000     -0.0502671
0.1000000     0.0597935
0.2100000     0.2002927
0.3200000     0.3380601
0.4200000     0.4610319
0.5000000     0.5595511
0.5600000     0.6380877
0.6200000     0.7043017
0.6700000     0.7638357
0.7100000     0.8213755
0.7400000     0.8613878
0.7600000     0.8866149
0.0300000     -0.0616048
0.0900000     -0.0069259
0.1900000     0.1446046
0.3100000     0.2974122
0.4100000     0.4296306
0.5000000     0.5333877
0.5600000     0.6100398
0.6000000     0.6680536
0.6300000     0.7151580
0.6500000     0.7579987
0.6700000     0.8006006
0.7500000     0.8485278
0.0300000     -0.0723121
0.0900000     0.0072010
0.1700000     0.1329636
0.2700000     0.2553065
0.3600000     0.3822544
0.4700000     0.5060973
0.5600000     0.6138437
0.6300000     0.7018222
0.6800000     0.7728522
0.7300000     0.8295506
0.7700000     0.8792078
0.7900000     0.9077256
0.0600000     -0.0319203
0.1500000     0.1053923
0.2600000     0.2497184
0.3800000     0.3954519
0.4900000     0.5303514
0.5800000     0.6424290
0.6500000     0.7322891
0.7100000     0.8035767
0.7500000     0.8618178
0.7800000     0.8987721
0.8000000     0.9204782
0.8200000     0.9334080
0.0200000     -0.0633018
0.0700000     -0.0115961
0.1600000     0.1407558
0.2800000     0.2966034
0.3900000     0.4421376
0.4900000     0.5626750
0.5700000     0.6582826
0.6400000     0.7345729
0.6900000     0.7968473
0.7300000     0.8564681
0.7600000     0.8899692
0.7800000     0.9123440
0.0100000     -0.1056660
0.0400000     -0.0833199
0.0900000     -0.0100719
0.1500000     0.0806963
0.2100000     0.1735617
0.2800000     0.2650161
0.3400000     0.3488077
0.4000000     0.4224820
0.4500000     0.4893547
0.5000000     0.5524060
0.5500000     0.6134036
0.5900000     0.6733584
0.0300000     -0.0858595
0.0700000     -0.0402789
0.1300000     0.0636596
0.2100000     0.1850069
0.3000000     0.2968434
0.3800000     0.4024934
0.4600000     0.4996373
0.5200000     0.5831028
0.5800000     0.6547303
0.6300000     0.7163734
0.6800000     0.7692193
0.7100000     0.8124949
0.0200000     -0.1036627
0.0500000     -0.0780909
0.0900000     -0.0056248
0.1500000     0.0855704
0.2200000     0.1828085
0.2800000     0.2694580
0.3300000     0.3443360
0.3800000     0.4079623
0.4300000     0.4633105
0.4700000     0.5138158
0.5000000     0.5614082
0.5400000     0.6074880
0.0300000     -0.0849102
0.0600000     -0.0430356
0.1200000     0.0606878
0.2000000     0.1822260
0.2800000     0.2944872
0.3600000     0.3942901
0.4300000     0.4813367
0.4900000     0.5573184
0.5500000     0.6249360
0.6000000     0.6855209
0.6500000     0.7358890
0.6800000     0.7779316
0.0400000     -0.0333433
0.1400000     0.0912332
0.2700000     0.2574978
0.4000000     0.4153284
0.5200000     0.5529411
0.6000000     0.6607742
0.6700000     0.7441928
0.7200000     0.8118457
0.7600000     0.8717354
0.7900000     0.9047399
0.8100000     0.9236923
0.8300000     0.9356132
0.0300000     -0.0931970
0.0500000     -0.0676357
0.0900000     0.0082481
0.1500000     0.1098466
0.2200000     0.2087001
0.2900000     0.2989724
0.3500000     0.3785380
0.4100000     0.4481578
0.4600000     0.5113169
0.5100000     0.5707799
0.5500000     0.6290468
0.5800000     0.6905198
0.0500000     -0.0221155
0.1500000     0.1109587
0.2900000     0.2825568
0.4200000     0.4378051
0.5300000     0.5670148
0.6100000     0.6652559
0.6700000     0.7436277
0.7100000     0.7979366
0.7200000     0.8303859
0.7300000     0.8539654
0.7300000     0.8727617
0.7300000     0.8890910
0.0800000     0.0212632
0.2000000     0.1749834
0.3400000     0.3176402
0.4200000     0.4560722
0.4900000     0.5933964
0.6400000     0.7123572
0.6800000     0.7887691
0.7200000     0.8382529
0.7500000     0.8710857
0.7700000     0.8937442
0.7900000     0.9101436
0.8100000     0.9225320
0.0200000     -0.0690686
0.0700000     -0.0063207
0.1500000     0.1157952
0.2600000     0.2503868
0.3700000     0.3893288
0.4600000     0.5095622
0.5400000     0.6061695
0.6100000     0.6846540
0.6600000     0.7487392
0.7000000     0.8017025
0.7400000     0.8491487
0.7700000     0.8901558
0.0200000     -0.0985129
0.0500000     -0.0629637
0.1100000     0.0471365
0.2000000     0.1629702
0.3000000     0.2872839
0.3900000     0.4123313
0.4800000     0.5223981
0.5500000     0.6148366
0.6100000     0.6920312
0.6600000     0.7435722
0.6800000     0.7812969
0.7000000     0.8113888
0.0100000     -0.1118517
0.0300000     -0.0901794
0.0700000     -0.0208463
0.1200000     0.0609708
0.1800000     0.1438667
0.2400000     0.2243054
0.2900000     0.2969340
0.3400000     0.3643165
0.3900000     0.4295263
0.4400000     0.4890059
0.4800000     0.5460736
0.5200000     0.6028020
0.0200000     -0.0709650
0.0600000     -0.0258957
0.1400000     0.1012049
0.2500000     0.2588264
0.3700000     0.3960679
0.4700000     0.5099596
0.5300000     0.6010339
0.5800000     0.6784891
0.6200000     0.7535523
0.7300000     0.8304031
0.7500000     0.8693734
0.7700000     0.8948841
0.0200000     -0.0861658
0.0600000     -0.0481124
0.1200000     0.0599205
0.2200000     0.2047608
0.3300000     0.3429097
0.4300000     0.4676822
0.5200000     0.5743648
0.6000000     0.6662036
0.6600000     0.7417465
0.7000000     0.8000141
0.7300000     0.8476720
0.7600000     0.8778335
